CRITICAL - 2021-08-13 23:55:22 --> Call to undefined function set_value()
#0 C:\xampp\htdocs\WMS3\system\View\View.php(230): include()
#1 C:\xampp\htdocs\WMS3\system\View\View.php(232): CodeIgniter\View\View->CodeIgniter\View\{closure}()
#2 C:\xampp\htdocs\WMS3\system\Common.php(1271): CodeIgniter\View\View->render('admin/register', Array, true)
#3 C:\xampp\htdocs\WMS3\app\Controllers\Admin.php(18): view('admin/register')
#4 C:\xampp\htdocs\WMS3\system\CodeIgniter.php(928): App\Controllers\Admin->register()
#5 C:\xampp\htdocs\WMS3\system\CodeIgniter.php(436): CodeIgniter\CodeIgniter->runController(Object(App\Controllers\Admin))
#6 C:\xampp\htdocs\WMS3\system\CodeIgniter.php(336): CodeIgniter\CodeIgniter->handleRequest(NULL, Object(Config\Cache), false)
#7 C:\xampp\htdocs\WMS3\public\index.php(37): CodeIgniter\CodeIgniter->run()
#8 {main}
CRITICAL - 2021-08-13 23:55:57 --> Call to undefined function set_value()
#0 C:\xampp\htdocs\WMS3\system\View\View.php(230): include()
#1 C:\xampp\htdocs\WMS3\system\View\View.php(232): CodeIgniter\View\View->CodeIgniter\View\{closure}()
#2 C:\xampp\htdocs\WMS3\system\Common.php(1271): CodeIgniter\View\View->render('admin/register', Array, true)
#3 C:\xampp\htdocs\WMS3\app\Controllers\Admin.php(18): view('admin/register')
#4 C:\xampp\htdocs\WMS3\system\CodeIgniter.php(928): App\Controllers\Admin->register()
#5 C:\xampp\htdocs\WMS3\system\CodeIgniter.php(436): CodeIgniter\CodeIgniter->runController(Object(App\Controllers\Admin))
#6 C:\xampp\htdocs\WMS3\system\CodeIgniter.php(336): CodeIgniter\CodeIgniter->handleRequest(NULL, Object(Config\Cache), false)
#7 C:\xampp\htdocs\WMS3\public\index.php(37): CodeIgniter\CodeIgniter->run()
#8 {main}
CRITICAL - 2021-08-13 23:56:27 --> Call to undefined function set_value()
#0 C:\xampp\htdocs\WMS3\system\View\View.php(230): include()
#1 C:\xampp\htdocs\WMS3\system\View\View.php(232): CodeIgniter\View\View->CodeIgniter\View\{closure}()
#2 C:\xampp\htdocs\WMS3\system\Common.php(1271): CodeIgniter\View\View->render('admin/register', Array, true)
#3 C:\xampp\htdocs\WMS3\app\Controllers\Admin.php(18): view('admin/register')
#4 C:\xampp\htdocs\WMS3\system\CodeIgniter.php(928): App\Controllers\Admin->register()
#5 C:\xampp\htdocs\WMS3\system\CodeIgniter.php(436): CodeIgniter\CodeIgniter->runController(Object(App\Controllers\Admin))
#6 C:\xampp\htdocs\WMS3\system\CodeIgniter.php(336): CodeIgniter\CodeIgniter->handleRequest(NULL, Object(Config\Cache), false)
#7 C:\xampp\htdocs\WMS3\public\index.php(37): CodeIgniter\CodeIgniter->run()
#8 {main}
CRITICAL - 2021-08-13 23:57:48 --> Call to undefined function set_value()
#0 C:\xampp\htdocs\WMS3\system\View\View.php(230): include()
#1 C:\xampp\htdocs\WMS3\system\View\View.php(232): CodeIgniter\View\View->CodeIgniter\View\{closure}()
#2 C:\xampp\htdocs\WMS3\system\Common.php(1271): CodeIgniter\View\View->render('admin/register', Array, true)
#3 C:\xampp\htdocs\WMS3\app\Controllers\Admin.php(18): view('admin/register')
#4 C:\xampp\htdocs\WMS3\system\CodeIgniter.php(928): App\Controllers\Admin->register()
#5 C:\xampp\htdocs\WMS3\system\CodeIgniter.php(436): CodeIgniter\CodeIgniter->runController(Object(App\Controllers\Admin))
#6 C:\xampp\htdocs\WMS3\system\CodeIgniter.php(336): CodeIgniter\CodeIgniter->handleRequest(NULL, Object(Config\Cache), false)
#7 C:\xampp\htdocs\WMS3\public\index.php(37): CodeIgniter\CodeIgniter->run()
#8 {main}
CRITICAL - 2021-08-13 23:57:48 --> Call to undefined function set_value()
#0 C:\xampp\htdocs\WMS3\system\View\View.php(230): include()
#1 C:\xampp\htdocs\WMS3\system\View\View.php(232): CodeIgniter\View\View->CodeIgniter\View\{closure}()
#2 C:\xampp\htdocs\WMS3\system\Common.php(1271): CodeIgniter\View\View->render('admin/register', Array, true)
#3 C:\xampp\htdocs\WMS3\app\Controllers\Admin.php(18): view('admin/register')
#4 C:\xampp\htdocs\WMS3\system\CodeIgniter.php(928): App\Controllers\Admin->register()
#5 C:\xampp\htdocs\WMS3\system\CodeIgniter.php(436): CodeIgniter\CodeIgniter->runController(Object(App\Controllers\Admin))
#6 C:\xampp\htdocs\WMS3\system\CodeIgniter.php(336): CodeIgniter\CodeIgniter->handleRequest(NULL, Object(Config\Cache), false)
#7 C:\xampp\htdocs\WMS3\public\index.php(37): CodeIgniter\CodeIgniter->run()
#8 {main}
CRITICAL - 2021-08-13 23:57:49 --> Call to undefined function set_value()
#0 C:\xampp\htdocs\WMS3\system\View\View.php(230): include()
#1 C:\xampp\htdocs\WMS3\system\View\View.php(232): CodeIgniter\View\View->CodeIgniter\View\{closure}()
#2 C:\xampp\htdocs\WMS3\system\Common.php(1271): CodeIgniter\View\View->render('admin/register', Array, true)
#3 C:\xampp\htdocs\WMS3\app\Controllers\Admin.php(18): view('admin/register')
#4 C:\xampp\htdocs\WMS3\system\CodeIgniter.php(928): App\Controllers\Admin->register()
#5 C:\xampp\htdocs\WMS3\system\CodeIgniter.php(436): CodeIgniter\CodeIgniter->runController(Object(App\Controllers\Admin))
#6 C:\xampp\htdocs\WMS3\system\CodeIgniter.php(336): CodeIgniter\CodeIgniter->handleRequest(NULL, Object(Config\Cache), false)
#7 C:\xampp\htdocs\WMS3\public\index.php(37): CodeIgniter\CodeIgniter->run()
#8 {main}
CRITICAL - 2021-08-13 23:58:09 --> Call to undefined function set_value()
#0 C:\xampp\htdocs\WMS3\system\View\View.php(230): include()
#1 C:\xampp\htdocs\WMS3\system\View\View.php(232): CodeIgniter\View\View->CodeIgniter\View\{closure}()
#2 C:\xampp\htdocs\WMS3\system\Common.php(1271): CodeIgniter\View\View->render('admin/register', Array, true)
#3 C:\xampp\htdocs\WMS3\app\Controllers\Admin.php(18): view('admin/register')
#4 C:\xampp\htdocs\WMS3\system\CodeIgniter.php(928): App\Controllers\Admin->register()
#5 C:\xampp\htdocs\WMS3\system\CodeIgniter.php(436): CodeIgniter\CodeIgniter->runController(Object(App\Controllers\Admin))
#6 C:\xampp\htdocs\WMS3\system\CodeIgniter.php(336): CodeIgniter\CodeIgniter->handleRequest(NULL, Object(Config\Cache), false)
#7 C:\xampp\htdocs\WMS3\public\index.php(37): CodeIgniter\CodeIgniter->run()
#8 {main}
CRITICAL - 2021-08-13 23:58:10 --> Call to undefined function set_value()
#0 C:\xampp\htdocs\WMS3\system\View\View.php(230): include()
#1 C:\xampp\htdocs\WMS3\system\View\View.php(232): CodeIgniter\View\View->CodeIgniter\View\{closure}()
#2 C:\xampp\htdocs\WMS3\system\Common.php(1271): CodeIgniter\View\View->render('admin/register', Array, true)
#3 C:\xampp\htdocs\WMS3\app\Controllers\Admin.php(18): view('admin/register')
#4 C:\xampp\htdocs\WMS3\system\CodeIgniter.php(928): App\Controllers\Admin->register()
#5 C:\xampp\htdocs\WMS3\system\CodeIgniter.php(436): CodeIgniter\CodeIgniter->runController(Object(App\Controllers\Admin))
#6 C:\xampp\htdocs\WMS3\system\CodeIgniter.php(336): CodeIgniter\CodeIgniter->handleRequest(NULL, Object(Config\Cache), false)
#7 C:\xampp\htdocs\WMS3\public\index.php(37): CodeIgniter\CodeIgniter->run()
#8 {main}
CRITICAL - 2021-08-13 23:58:10 --> Call to undefined function set_value()
#0 C:\xampp\htdocs\WMS3\system\View\View.php(230): include()
#1 C:\xampp\htdocs\WMS3\system\View\View.php(232): CodeIgniter\View\View->CodeIgniter\View\{closure}()
#2 C:\xampp\htdocs\WMS3\system\Common.php(1271): CodeIgniter\View\View->render('admin/register', Array, true)
#3 C:\xampp\htdocs\WMS3\app\Controllers\Admin.php(18): view('admin/register')
#4 C:\xampp\htdocs\WMS3\system\CodeIgniter.php(928): App\Controllers\Admin->register()
#5 C:\xampp\htdocs\WMS3\system\CodeIgniter.php(436): CodeIgniter\CodeIgniter->runController(Object(App\Controllers\Admin))
#6 C:\xampp\htdocs\WMS3\system\CodeIgniter.php(336): CodeIgniter\CodeIgniter->handleRequest(NULL, Object(Config\Cache), false)
#7 C:\xampp\htdocs\WMS3\public\index.php(37): CodeIgniter\CodeIgniter->run()
#8 {main}
CRITICAL - 2021-08-13 23:58:10 --> Call to undefined function set_value()
#0 C:\xampp\htdocs\WMS3\system\View\View.php(230): include()
#1 C:\xampp\htdocs\WMS3\system\View\View.php(232): CodeIgniter\View\View->CodeIgniter\View\{closure}()
#2 C:\xampp\htdocs\WMS3\system\Common.php(1271): CodeIgniter\View\View->render('admin/register', Array, true)
#3 C:\xampp\htdocs\WMS3\app\Controllers\Admin.php(18): view('admin/register')
#4 C:\xampp\htdocs\WMS3\system\CodeIgniter.php(928): App\Controllers\Admin->register()
#5 C:\xampp\htdocs\WMS3\system\CodeIgniter.php(436): CodeIgniter\CodeIgniter->runController(Object(App\Controllers\Admin))
#6 C:\xampp\htdocs\WMS3\system\CodeIgniter.php(336): CodeIgniter\CodeIgniter->handleRequest(NULL, Object(Config\Cache), false)
#7 C:\xampp\htdocs\WMS3\public\index.php(37): CodeIgniter\CodeIgniter->run()
#8 {main}
CRITICAL - 2021-08-13 23:58:11 --> Call to undefined function set_value()
#0 C:\xampp\htdocs\WMS3\system\View\View.php(230): include()
#1 C:\xampp\htdocs\WMS3\system\View\View.php(232): CodeIgniter\View\View->CodeIgniter\View\{closure}()
#2 C:\xampp\htdocs\WMS3\system\Common.php(1271): CodeIgniter\View\View->render('admin/register', Array, true)
#3 C:\xampp\htdocs\WMS3\app\Controllers\Admin.php(18): view('admin/register')
#4 C:\xampp\htdocs\WMS3\system\CodeIgniter.php(928): App\Controllers\Admin->register()
#5 C:\xampp\htdocs\WMS3\system\CodeIgniter.php(436): CodeIgniter\CodeIgniter->runController(Object(App\Controllers\Admin))
#6 C:\xampp\htdocs\WMS3\system\CodeIgniter.php(336): CodeIgniter\CodeIgniter->handleRequest(NULL, Object(Config\Cache), false)
#7 C:\xampp\htdocs\WMS3\public\index.php(37): CodeIgniter\CodeIgniter->run()
#8 {main}
CRITICAL - 2021-08-13 23:58:11 --> Call to undefined function set_value()
#0 C:\xampp\htdocs\WMS3\system\View\View.php(230): include()
#1 C:\xampp\htdocs\WMS3\system\View\View.php(232): CodeIgniter\View\View->CodeIgniter\View\{closure}()
#2 C:\xampp\htdocs\WMS3\system\Common.php(1271): CodeIgniter\View\View->render('admin/register', Array, true)
#3 C:\xampp\htdocs\WMS3\app\Controllers\Admin.php(18): view('admin/register')
#4 C:\xampp\htdocs\WMS3\system\CodeIgniter.php(928): App\Controllers\Admin->register()
#5 C:\xampp\htdocs\WMS3\system\CodeIgniter.php(436): CodeIgniter\CodeIgniter->runController(Object(App\Controllers\Admin))
#6 C:\xampp\htdocs\WMS3\system\CodeIgniter.php(336): CodeIgniter\CodeIgniter->handleRequest(NULL, Object(Config\Cache), false)
#7 C:\xampp\htdocs\WMS3\public\index.php(37): CodeIgniter\CodeIgniter->run()
#8 {main}
CRITICAL - 2021-08-13 23:58:30 --> Call to undefined function set_value()
#0 C:\xampp\htdocs\WMS3\system\View\View.php(230): include()
#1 C:\xampp\htdocs\WMS3\system\View\View.php(232): CodeIgniter\View\View->CodeIgniter\View\{closure}()
#2 C:\xampp\htdocs\WMS3\system\Common.php(1271): CodeIgniter\View\View->render('admin/register', Array, true)
#3 C:\xampp\htdocs\WMS3\app\Controllers\Admin.php(18): view('admin/register')
#4 C:\xampp\htdocs\WMS3\system\CodeIgniter.php(928): App\Controllers\Admin->register()
#5 C:\xampp\htdocs\WMS3\system\CodeIgniter.php(436): CodeIgniter\CodeIgniter->runController(Object(App\Controllers\Admin))
#6 C:\xampp\htdocs\WMS3\system\CodeIgniter.php(336): CodeIgniter\CodeIgniter->handleRequest(NULL, Object(Config\Cache), false)
#7 C:\xampp\htdocs\WMS3\public\index.php(37): CodeIgniter\CodeIgniter->run()
#8 {main}
CRITICAL - 2021-08-13 23:58:31 --> Call to undefined function set_value()
#0 C:\xampp\htdocs\WMS3\system\View\View.php(230): include()
#1 C:\xampp\htdocs\WMS3\system\View\View.php(232): CodeIgniter\View\View->CodeIgniter\View\{closure}()
#2 C:\xampp\htdocs\WMS3\system\Common.php(1271): CodeIgniter\View\View->render('admin/register', Array, true)
#3 C:\xampp\htdocs\WMS3\app\Controllers\Admin.php(18): view('admin/register')
#4 C:\xampp\htdocs\WMS3\system\CodeIgniter.php(928): App\Controllers\Admin->register()
#5 C:\xampp\htdocs\WMS3\system\CodeIgniter.php(436): CodeIgniter\CodeIgniter->runController(Object(App\Controllers\Admin))
#6 C:\xampp\htdocs\WMS3\system\CodeIgniter.php(336): CodeIgniter\CodeIgniter->handleRequest(NULL, Object(Config\Cache), false)
#7 C:\xampp\htdocs\WMS3\public\index.php(37): CodeIgniter\CodeIgniter->run()
#8 {main}
CRITICAL - 2021-08-13 23:58:32 --> Call to undefined function set_value()
#0 C:\xampp\htdocs\WMS3\system\View\View.php(230): include()
#1 C:\xampp\htdocs\WMS3\system\View\View.php(232): CodeIgniter\View\View->CodeIgniter\View\{closure}()
#2 C:\xampp\htdocs\WMS3\system\Common.php(1271): CodeIgniter\View\View->render('admin/register', Array, true)
#3 C:\xampp\htdocs\WMS3\app\Controllers\Admin.php(18): view('admin/register')
#4 C:\xampp\htdocs\WMS3\system\CodeIgniter.php(928): App\Controllers\Admin->register()
#5 C:\xampp\htdocs\WMS3\system\CodeIgniter.php(436): CodeIgniter\CodeIgniter->runController(Object(App\Controllers\Admin))
#6 C:\xampp\htdocs\WMS3\system\CodeIgniter.php(336): CodeIgniter\CodeIgniter->handleRequest(NULL, Object(Config\Cache), false)
#7 C:\xampp\htdocs\WMS3\public\index.php(37): CodeIgniter\CodeIgniter->run()
#8 {main}
CRITICAL - 2021-08-13 23:58:32 --> Call to undefined function set_value()
#0 C:\xampp\htdocs\WMS3\system\View\View.php(230): include()
#1 C:\xampp\htdocs\WMS3\system\View\View.php(232): CodeIgniter\View\View->CodeIgniter\View\{closure}()
#2 C:\xampp\htdocs\WMS3\system\Common.php(1271): CodeIgniter\View\View->render('admin/register', Array, true)
#3 C:\xampp\htdocs\WMS3\app\Controllers\Admin.php(18): view('admin/register')
#4 C:\xampp\htdocs\WMS3\system\CodeIgniter.php(928): App\Controllers\Admin->register()
#5 C:\xampp\htdocs\WMS3\system\CodeIgniter.php(436): CodeIgniter\CodeIgniter->runController(Object(App\Controllers\Admin))
#6 C:\xampp\htdocs\WMS3\system\CodeIgniter.php(336): CodeIgniter\CodeIgniter->handleRequest(NULL, Object(Config\Cache), false)
#7 C:\xampp\htdocs\WMS3\public\index.php(37): CodeIgniter\CodeIgniter->run()
#8 {main}
CRITICAL - 2021-08-13 23:59:14 --> Call to undefined function set_value()
#0 C:\xampp\htdocs\WMS3\system\View\View.php(230): include()
#1 C:\xampp\htdocs\WMS3\system\View\View.php(232): CodeIgniter\View\View->CodeIgniter\View\{closure}()
#2 C:\xampp\htdocs\WMS3\system\Common.php(1271): CodeIgniter\View\View->render('admin/register', Array, true)
#3 C:\xampp\htdocs\WMS3\app\Controllers\Admin.php(18): view('admin/register')
#4 C:\xampp\htdocs\WMS3\system\CodeIgniter.php(928): App\Controllers\Admin->register()
#5 C:\xampp\htdocs\WMS3\system\CodeIgniter.php(436): CodeIgniter\CodeIgniter->runController(Object(App\Controllers\Admin))
#6 C:\xampp\htdocs\WMS3\system\CodeIgniter.php(336): CodeIgniter\CodeIgniter->handleRequest(NULL, Object(Config\Cache), false)
#7 C:\xampp\htdocs\WMS3\public\index.php(37): CodeIgniter\CodeIgniter->run()
#8 {main}
CRITICAL - 2021-08-13 23:59:15 --> Call to undefined function set_value()
#0 C:\xampp\htdocs\WMS3\system\View\View.php(230): include()
#1 C:\xampp\htdocs\WMS3\system\View\View.php(232): CodeIgniter\View\View->CodeIgniter\View\{closure}()
#2 C:\xampp\htdocs\WMS3\system\Common.php(1271): CodeIgniter\View\View->render('admin/register', Array, true)
#3 C:\xampp\htdocs\WMS3\app\Controllers\Admin.php(18): view('admin/register')
#4 C:\xampp\htdocs\WMS3\system\CodeIgniter.php(928): App\Controllers\Admin->register()
#5 C:\xampp\htdocs\WMS3\system\CodeIgniter.php(436): CodeIgniter\CodeIgniter->runController(Object(App\Controllers\Admin))
#6 C:\xampp\htdocs\WMS3\system\CodeIgniter.php(336): CodeIgniter\CodeIgniter->handleRequest(NULL, Object(Config\Cache), false)
#7 C:\xampp\htdocs\WMS3\public\index.php(37): CodeIgniter\CodeIgniter->run()
#8 {main}
CRITICAL - 2021-08-13 23:59:31 --> Call to undefined function set_value()
#0 C:\xampp\htdocs\WMS3\system\View\View.php(230): include()
#1 C:\xampp\htdocs\WMS3\system\View\View.php(232): CodeIgniter\View\View->CodeIgniter\View\{closure}()
#2 C:\xampp\htdocs\WMS3\system\Common.php(1271): CodeIgniter\View\View->render('admin/register', Array, true)
#3 C:\xampp\htdocs\WMS3\app\Controllers\Admin.php(18): view('admin/register')
#4 C:\xampp\htdocs\WMS3\system\CodeIgniter.php(928): App\Controllers\Admin->register()
#5 C:\xampp\htdocs\WMS3\system\CodeIgniter.php(436): CodeIgniter\CodeIgniter->runController(Object(App\Controllers\Admin))
#6 C:\xampp\htdocs\WMS3\system\CodeIgniter.php(336): CodeIgniter\CodeIgniter->handleRequest(NULL, Object(Config\Cache), false)
#7 C:\xampp\htdocs\WMS3\public\index.php(37): CodeIgniter\CodeIgniter->run()
#8 {main}
