CRITICAL - 2021-08-14 00:01:27 --> Invalid file: admin/register, $data.php
#0 C:\xampp\htdocs\WMS3\system\View\View.php(213): CodeIgniter\Exceptions\FrameworkException::forInvalidFile('admin/register,...')
#1 C:\xampp\htdocs\WMS3\system\Common.php(1271): CodeIgniter\View\View->render('admin/register,...', Array, true)
#2 C:\xampp\htdocs\WMS3\app\Controllers\Admin.php(43): view('admin/register,...')
#3 C:\xampp\htdocs\WMS3\system\CodeIgniter.php(928): App\Controllers\Admin->store()
#4 C:\xampp\htdocs\WMS3\system\CodeIgniter.php(436): CodeIgniter\CodeIgniter->runController(Object(App\Controllers\Admin))
#5 C:\xampp\htdocs\WMS3\system\CodeIgniter.php(336): CodeIgniter\CodeIgniter->handleRequest(NULL, Object(Config\Cache), false)
#6 C:\xampp\htdocs\WMS3\public\index.php(37): CodeIgniter\CodeIgniter->run()
#7 {main}
CRITICAL - 2021-08-14 00:01:49 --> Invalid file: admin/register, $data.php
#0 C:\xampp\htdocs\WMS3\system\View\View.php(213): CodeIgniter\Exceptions\FrameworkException::forInvalidFile('admin/register,...')
#1 C:\xampp\htdocs\WMS3\system\Common.php(1271): CodeIgniter\View\View->render('admin/register,...', Array, true)
#2 C:\xampp\htdocs\WMS3\app\Controllers\Admin.php(43): view('admin/register,...')
#3 C:\xampp\htdocs\WMS3\system\CodeIgniter.php(928): App\Controllers\Admin->store()
#4 C:\xampp\htdocs\WMS3\system\CodeIgniter.php(436): CodeIgniter\CodeIgniter->runController(Object(App\Controllers\Admin))
#5 C:\xampp\htdocs\WMS3\system\CodeIgniter.php(336): CodeIgniter\CodeIgniter->handleRequest(NULL, Object(Config\Cache), false)
#6 C:\xampp\htdocs\WMS3\public\index.php(37): CodeIgniter\CodeIgniter->run()
#7 {main}
CRITICAL - 2021-08-14 00:03:26 --> Invalid file: admin/register, $data.php
#0 C:\xampp\htdocs\WMS3\system\View\View.php(213): CodeIgniter\Exceptions\FrameworkException::forInvalidFile('admin/register,...')
#1 C:\xampp\htdocs\WMS3\system\Common.php(1271): CodeIgniter\View\View->render('admin/register,...', Array, true)
#2 C:\xampp\htdocs\WMS3\app\Controllers\Admin.php(43): view('admin/register,...')
#3 C:\xampp\htdocs\WMS3\system\CodeIgniter.php(928): App\Controllers\Admin->store()
#4 C:\xampp\htdocs\WMS3\system\CodeIgniter.php(436): CodeIgniter\CodeIgniter->runController(Object(App\Controllers\Admin))
#5 C:\xampp\htdocs\WMS3\system\CodeIgniter.php(336): CodeIgniter\CodeIgniter->handleRequest(NULL, Object(Config\Cache), false)
#6 C:\xampp\htdocs\WMS3\public\index.php(37): CodeIgniter\CodeIgniter->run()
#7 {main}
CRITICAL - 2021-08-14 00:03:36 --> Invalid file: admin/register, $data.php
#0 C:\xampp\htdocs\WMS3\system\View\View.php(213): CodeIgniter\Exceptions\FrameworkException::forInvalidFile('admin/register,...')
#1 C:\xampp\htdocs\WMS3\system\Common.php(1271): CodeIgniter\View\View->render('admin/register,...', Array, true)
#2 C:\xampp\htdocs\WMS3\app\Controllers\Admin.php(43): view('admin/register,...')
#3 C:\xampp\htdocs\WMS3\system\CodeIgniter.php(928): App\Controllers\Admin->store()
#4 C:\xampp\htdocs\WMS3\system\CodeIgniter.php(436): CodeIgniter\CodeIgniter->runController(Object(App\Controllers\Admin))
#5 C:\xampp\htdocs\WMS3\system\CodeIgniter.php(336): CodeIgniter\CodeIgniter->handleRequest(NULL, Object(Config\Cache), false)
#6 C:\xampp\htdocs\WMS3\public\index.php(37): CodeIgniter\CodeIgniter->run()
#7 {main}
CRITICAL - 2021-08-14 00:04:44 --> Invalid file: admin/register, $data.php
#0 C:\xampp\htdocs\WMS3\system\View\View.php(213): CodeIgniter\Exceptions\FrameworkException::forInvalidFile('admin/register,...')
#1 C:\xampp\htdocs\WMS3\system\Common.php(1271): CodeIgniter\View\View->render('admin/register,...', Array, true)
#2 C:\xampp\htdocs\WMS3\app\Controllers\Admin.php(43): view('admin/register,...')
#3 C:\xampp\htdocs\WMS3\system\CodeIgniter.php(928): App\Controllers\Admin->store()
#4 C:\xampp\htdocs\WMS3\system\CodeIgniter.php(436): CodeIgniter\CodeIgniter->runController(Object(App\Controllers\Admin))
#5 C:\xampp\htdocs\WMS3\system\CodeIgniter.php(336): CodeIgniter\CodeIgniter->handleRequest(NULL, Object(Config\Cache), false)
#6 C:\xampp\htdocs\WMS3\public\index.php(37): CodeIgniter\CodeIgniter->run()
#7 {main}
CRITICAL - 2021-08-14 00:10:58 --> Invalid file: admin/register, $data.php
#0 C:\xampp\htdocs\WMS3\system\View\View.php(213): CodeIgniter\Exceptions\FrameworkException::forInvalidFile('admin/register,...')
#1 C:\xampp\htdocs\WMS3\system\Common.php(1271): CodeIgniter\View\View->render('admin/register,...', Array, true)
#2 C:\xampp\htdocs\WMS3\app\Controllers\Admin.php(43): view('admin/register,...')
#3 C:\xampp\htdocs\WMS3\system\CodeIgniter.php(928): App\Controllers\Admin->store()
#4 C:\xampp\htdocs\WMS3\system\CodeIgniter.php(436): CodeIgniter\CodeIgniter->runController(Object(App\Controllers\Admin))
#5 C:\xampp\htdocs\WMS3\system\CodeIgniter.php(336): CodeIgniter\CodeIgniter->handleRequest(NULL, Object(Config\Cache), false)
#6 C:\xampp\htdocs\WMS3\public\index.php(37): CodeIgniter\CodeIgniter->run()
#7 {main}
ERROR - 2021-08-14 00:42:22 --> Table 'dbwms.users' doesn't exist
CRITICAL - 2021-08-14 00:42:22 --> Table 'dbwms.users' doesn't exist
#0 C:\xampp\htdocs\WMS3\system\Database\MySQLi\Connection.php(329): mysqli->query('SELECT 1\nFROM `...')
#1 C:\xampp\htdocs\WMS3\system\Database\BaseConnection.php(732): CodeIgniter\Database\MySQLi\Connection->execute('SELECT 1\nFROM `...')
#2 C:\xampp\htdocs\WMS3\system\Database\BaseConnection.php(647): CodeIgniter\Database\BaseConnection->simpleQuery('SELECT 1\nFROM `...')
#3 C:\xampp\htdocs\WMS3\system\Database\BaseBuilder.php(1881): CodeIgniter\Database\BaseConnection->query('SELECT 1\nFROM `...', Array, false)
#4 C:\xampp\htdocs\WMS3\system\Validation\Rules.php(206): CodeIgniter\Database\BaseBuilder->get()
#5 C:\xampp\htdocs\WMS3\system\Validation\Validation.php(312): CodeIgniter\Validation\Rules->is_unique('calongs@gmail.c...', 'email', Array, NULL)
#6 C:\xampp\htdocs\WMS3\system\Validation\Validation.php(159): CodeIgniter\Validation\Validation->processRules('username', 'username', 'calongs@gmail.c...', Array, Array)
#7 C:\xampp\htdocs\WMS3\system\Controller.php(183): CodeIgniter\Validation\Validation->run()
#8 C:\xampp\htdocs\WMS3\app\Controllers\Admin.php(36): CodeIgniter\Controller->validate(Array)
#9 C:\xampp\htdocs\WMS3\system\CodeIgniter.php(928): App\Controllers\Admin->store()
#10 C:\xampp\htdocs\WMS3\system\CodeIgniter.php(436): CodeIgniter\CodeIgniter->runController(Object(App\Controllers\Admin))
#11 C:\xampp\htdocs\WMS3\system\CodeIgniter.php(336): CodeIgniter\CodeIgniter->handleRequest(NULL, Object(Config\Cache), false)
#12 C:\xampp\htdocs\WMS3\public\index.php(37): CodeIgniter\CodeIgniter->run()
#13 {main}
CRITICAL - 2021-08-14 01:23:56 --> Invalid file: layouts/header.php
#0 C:\xampp\htdocs\WMS3\system\View\View.php(213): CodeIgniter\Exceptions\FrameworkException::forInvalidFile('layouts/header....')
#1 C:\xampp\htdocs\WMS3\system\View\View.php(487): CodeIgniter\View\View->render('layouts/header....', NULL, true)
#2 C:\xampp\htdocs\WMS3\app\Views\admin\dashboard.php(1): CodeIgniter\View\View->include('layouts/header....')
#3 C:\xampp\htdocs\WMS3\system\View\View.php(230): include('C:\\xampp\\htdocs...')
#4 C:\xampp\htdocs\WMS3\system\View\View.php(232): CodeIgniter\View\View->CodeIgniter\View\{closure}()
#5 C:\xampp\htdocs\WMS3\system\Common.php(1271): CodeIgniter\View\View->render('admin/dashboard', Array, true)
#6 C:\xampp\htdocs\WMS3\app\Controllers\Admin.php(25): view('admin/dashboard')
#7 C:\xampp\htdocs\WMS3\system\CodeIgniter.php(928): App\Controllers\Admin->dashboard()
#8 C:\xampp\htdocs\WMS3\system\CodeIgniter.php(436): CodeIgniter\CodeIgniter->runController(Object(App\Controllers\Admin))
#9 C:\xampp\htdocs\WMS3\system\CodeIgniter.php(336): CodeIgniter\CodeIgniter->handleRequest(NULL, Object(Config\Cache), false)
#10 C:\xampp\htdocs\WMS3\public\index.php(37): CodeIgniter\CodeIgniter->run()
#11 {main}
CRITICAL - 2021-08-14 01:25:09 --> Invalid file: layouts/header.php
#0 C:\xampp\htdocs\WMS3\system\View\View.php(213): CodeIgniter\Exceptions\FrameworkException::forInvalidFile('layouts/header....')
#1 C:\xampp\htdocs\WMS3\system\View\View.php(487): CodeIgniter\View\View->render('layouts/header....', NULL, true)
#2 C:\xampp\htdocs\WMS3\app\Views\admin\dashboard.php(1): CodeIgniter\View\View->include('layouts/header....')
#3 C:\xampp\htdocs\WMS3\system\View\View.php(230): include('C:\\xampp\\htdocs...')
#4 C:\xampp\htdocs\WMS3\system\View\View.php(232): CodeIgniter\View\View->CodeIgniter\View\{closure}()
#5 C:\xampp\htdocs\WMS3\system\Common.php(1271): CodeIgniter\View\View->render('admin/dashboard', Array, true)
#6 C:\xampp\htdocs\WMS3\app\Controllers\Admin.php(25): view('admin/dashboard')
#7 C:\xampp\htdocs\WMS3\system\CodeIgniter.php(928): App\Controllers\Admin->dashboard()
#8 C:\xampp\htdocs\WMS3\system\CodeIgniter.php(436): CodeIgniter\CodeIgniter->runController(Object(App\Controllers\Admin))
#9 C:\xampp\htdocs\WMS3\system\CodeIgniter.php(336): CodeIgniter\CodeIgniter->handleRequest(NULL, Object(Config\Cache), false)
#10 C:\xampp\htdocs\WMS3\public\index.php(37): CodeIgniter\CodeIgniter->run()
#11 {main}
CRITICAL - 2021-08-14 01:25:10 --> Invalid file: layouts/header.php
#0 C:\xampp\htdocs\WMS3\system\View\View.php(213): CodeIgniter\Exceptions\FrameworkException::forInvalidFile('layouts/header....')
#1 C:\xampp\htdocs\WMS3\system\View\View.php(487): CodeIgniter\View\View->render('layouts/header....', NULL, true)
#2 C:\xampp\htdocs\WMS3\app\Views\admin\dashboard.php(1): CodeIgniter\View\View->include('layouts/header....')
#3 C:\xampp\htdocs\WMS3\system\View\View.php(230): include('C:\\xampp\\htdocs...')
#4 C:\xampp\htdocs\WMS3\system\View\View.php(232): CodeIgniter\View\View->CodeIgniter\View\{closure}()
#5 C:\xampp\htdocs\WMS3\system\Common.php(1271): CodeIgniter\View\View->render('admin/dashboard', Array, true)
#6 C:\xampp\htdocs\WMS3\app\Controllers\Admin.php(25): view('admin/dashboard')
#7 C:\xampp\htdocs\WMS3\system\CodeIgniter.php(928): App\Controllers\Admin->dashboard()
#8 C:\xampp\htdocs\WMS3\system\CodeIgniter.php(436): CodeIgniter\CodeIgniter->runController(Object(App\Controllers\Admin))
#9 C:\xampp\htdocs\WMS3\system\CodeIgniter.php(336): CodeIgniter\CodeIgniter->handleRequest(NULL, Object(Config\Cache), false)
#10 C:\xampp\htdocs\WMS3\public\index.php(37): CodeIgniter\CodeIgniter->run()
#11 {main}
CRITICAL - 2021-08-14 01:25:27 --> Invalid file: layouts/header.php
#0 C:\xampp\htdocs\WMS3\system\View\View.php(213): CodeIgniter\Exceptions\FrameworkException::forInvalidFile('layouts/header....')
#1 C:\xampp\htdocs\WMS3\system\View\View.php(487): CodeIgniter\View\View->render('layouts/header....', NULL, true)
#2 C:\xampp\htdocs\WMS3\app\Views\admin\dashboard.php(1): CodeIgniter\View\View->include('layouts/header....')
#3 C:\xampp\htdocs\WMS3\system\View\View.php(230): include('C:\\xampp\\htdocs...')
#4 C:\xampp\htdocs\WMS3\system\View\View.php(232): CodeIgniter\View\View->CodeIgniter\View\{closure}()
#5 C:\xampp\htdocs\WMS3\system\Common.php(1271): CodeIgniter\View\View->render('admin/dashboard', Array, true)
#6 C:\xampp\htdocs\WMS3\app\Controllers\Admin.php(25): view('admin/dashboard')
#7 C:\xampp\htdocs\WMS3\system\CodeIgniter.php(928): App\Controllers\Admin->dashboard()
#8 C:\xampp\htdocs\WMS3\system\CodeIgniter.php(436): CodeIgniter\CodeIgniter->runController(Object(App\Controllers\Admin))
#9 C:\xampp\htdocs\WMS3\system\CodeIgniter.php(336): CodeIgniter\CodeIgniter->handleRequest(NULL, Object(Config\Cache), false)
#10 C:\xampp\htdocs\WMS3\public\index.php(37): CodeIgniter\CodeIgniter->run()
#11 {main}
ERROR - 2021-08-14 08:25:03 --> Unknown column 'desc' in 'order clause'
CRITICAL - 2021-08-14 08:25:03 --> Unknown column 'desc' in 'order clause'
#0 C:\xampp\htdocs\WMS3\system\Database\MySQLi\Connection.php(329): mysqli->query('SELECT *\nFROM `...')
#1 C:\xampp\htdocs\WMS3\system\Database\BaseConnection.php(732): CodeIgniter\Database\MySQLi\Connection->execute('SELECT *\nFROM `...')
#2 C:\xampp\htdocs\WMS3\system\Database\BaseConnection.php(647): CodeIgniter\Database\BaseConnection->simpleQuery('SELECT *\nFROM `...')
#3 C:\xampp\htdocs\WMS3\system\Database\BaseBuilder.php(1881): CodeIgniter\Database\BaseConnection->query('SELECT *\nFROM `...', Array, false)
#4 C:\xampp\htdocs\WMS3\vendor\monken\tablesigniter\src\TablesIgniter.php(171): CodeIgniter\Database\BaseBuilder->get()
#5 C:\xampp\htdocs\WMS3\vendor\monken\tablesigniter\src\TablesIgniter.php(249): monken\TablesIgniter->getQuery()
#6 C:\xampp\htdocs\WMS3\app\Controllers\ManageAccount.php(29): monken\TablesIgniter->getDatatable()
#7 C:\xampp\htdocs\WMS3\system\CodeIgniter.php(928): App\Controllers\ManageAccount->fetch_all()
#8 C:\xampp\htdocs\WMS3\system\CodeIgniter.php(436): CodeIgniter\CodeIgniter->runController(Object(App\Controllers\ManageAccount))
#9 C:\xampp\htdocs\WMS3\system\CodeIgniter.php(336): CodeIgniter\CodeIgniter->handleRequest(NULL, Object(Config\Cache), false)
#10 C:\xampp\htdocs\WMS3\public\index.php(37): CodeIgniter\CodeIgniter->run()
#11 {main}
ERROR - 2021-08-14 08:25:06 --> Unknown column 'desc' in 'order clause'
CRITICAL - 2021-08-14 08:25:06 --> Unknown column 'desc' in 'order clause'
#0 C:\xampp\htdocs\WMS3\system\Database\MySQLi\Connection.php(329): mysqli->query('SELECT *\nFROM `...')
#1 C:\xampp\htdocs\WMS3\system\Database\BaseConnection.php(732): CodeIgniter\Database\MySQLi\Connection->execute('SELECT *\nFROM `...')
#2 C:\xampp\htdocs\WMS3\system\Database\BaseConnection.php(647): CodeIgniter\Database\BaseConnection->simpleQuery('SELECT *\nFROM `...')
#3 C:\xampp\htdocs\WMS3\system\Database\BaseBuilder.php(1881): CodeIgniter\Database\BaseConnection->query('SELECT *\nFROM `...', Array, false)
#4 C:\xampp\htdocs\WMS3\vendor\monken\tablesigniter\src\TablesIgniter.php(171): CodeIgniter\Database\BaseBuilder->get()
#5 C:\xampp\htdocs\WMS3\vendor\monken\tablesigniter\src\TablesIgniter.php(249): monken\TablesIgniter->getQuery()
#6 C:\xampp\htdocs\WMS3\app\Controllers\ManageAccount.php(29): monken\TablesIgniter->getDatatable()
#7 C:\xampp\htdocs\WMS3\system\CodeIgniter.php(928): App\Controllers\ManageAccount->fetch_all()
#8 C:\xampp\htdocs\WMS3\system\CodeIgniter.php(436): CodeIgniter\CodeIgniter->runController(Object(App\Controllers\ManageAccount))
#9 C:\xampp\htdocs\WMS3\system\CodeIgniter.php(336): CodeIgniter\CodeIgniter->handleRequest(NULL, Object(Config\Cache), false)
#10 C:\xampp\htdocs\WMS3\public\index.php(37): CodeIgniter\CodeIgniter->run()
#11 {main}
CRITICAL - 2021-08-14 08:25:08 --> Undefined array key 3
#0 C:\xampp\htdocs\WMS3\vendor\monken\tablesigniter\src\TablesIgniter.php(215): CodeIgniter\Debug\Exceptions->errorHandler(2, 'Undefined array...', 'C:\\xampp\\htdocs...', 215)
#1 C:\xampp\htdocs\WMS3\vendor\monken\tablesigniter\src\TablesIgniter.php(165): monken\TablesIgniter->extraConfig(Object(CodeIgniter\Database\MySQLi\Builder))
#2 C:\xampp\htdocs\WMS3\vendor\monken\tablesigniter\src\TablesIgniter.php(249): monken\TablesIgniter->getQuery()
#3 C:\xampp\htdocs\WMS3\app\Controllers\ManageAccount.php(29): monken\TablesIgniter->getDatatable()
#4 C:\xampp\htdocs\WMS3\system\CodeIgniter.php(928): App\Controllers\ManageAccount->fetch_all()
#5 C:\xampp\htdocs\WMS3\system\CodeIgniter.php(436): CodeIgniter\CodeIgniter->runController(Object(App\Controllers\ManageAccount))
#6 C:\xampp\htdocs\WMS3\system\CodeIgniter.php(336): CodeIgniter\CodeIgniter->handleRequest(NULL, Object(Config\Cache), false)
#7 C:\xampp\htdocs\WMS3\public\index.php(37): CodeIgniter\CodeIgniter->run()
#8 {main}
CRITICAL - 2021-08-14 08:25:11 --> Undefined array key 4
#0 C:\xampp\htdocs\WMS3\vendor\monken\tablesigniter\src\TablesIgniter.php(215): CodeIgniter\Debug\Exceptions->errorHandler(2, 'Undefined array...', 'C:\\xampp\\htdocs...', 215)
#1 C:\xampp\htdocs\WMS3\vendor\monken\tablesigniter\src\TablesIgniter.php(165): monken\TablesIgniter->extraConfig(Object(CodeIgniter\Database\MySQLi\Builder))
#2 C:\xampp\htdocs\WMS3\vendor\monken\tablesigniter\src\TablesIgniter.php(249): monken\TablesIgniter->getQuery()
#3 C:\xampp\htdocs\WMS3\app\Controllers\ManageAccount.php(29): monken\TablesIgniter->getDatatable()
#4 C:\xampp\htdocs\WMS3\system\CodeIgniter.php(928): App\Controllers\ManageAccount->fetch_all()
#5 C:\xampp\htdocs\WMS3\system\CodeIgniter.php(436): CodeIgniter\CodeIgniter->runController(Object(App\Controllers\ManageAccount))
#6 C:\xampp\htdocs\WMS3\system\CodeIgniter.php(336): CodeIgniter\CodeIgniter->handleRequest(NULL, Object(Config\Cache), false)
#7 C:\xampp\htdocs\WMS3\public\index.php(37): CodeIgniter\CodeIgniter->run()
#8 {main}
CRITICAL - 2021-08-14 08:25:15 --> Undefined array key 4
#0 C:\xampp\htdocs\WMS3\vendor\monken\tablesigniter\src\TablesIgniter.php(215): CodeIgniter\Debug\Exceptions->errorHandler(2, 'Undefined array...', 'C:\\xampp\\htdocs...', 215)
#1 C:\xampp\htdocs\WMS3\vendor\monken\tablesigniter\src\TablesIgniter.php(165): monken\TablesIgniter->extraConfig(Object(CodeIgniter\Database\MySQLi\Builder))
#2 C:\xampp\htdocs\WMS3\vendor\monken\tablesigniter\src\TablesIgniter.php(249): monken\TablesIgniter->getQuery()
#3 C:\xampp\htdocs\WMS3\app\Controllers\ManageAccount.php(29): monken\TablesIgniter->getDatatable()
#4 C:\xampp\htdocs\WMS3\system\CodeIgniter.php(928): App\Controllers\ManageAccount->fetch_all()
#5 C:\xampp\htdocs\WMS3\system\CodeIgniter.php(436): CodeIgniter\CodeIgniter->runController(Object(App\Controllers\ManageAccount))
#6 C:\xampp\htdocs\WMS3\system\CodeIgniter.php(336): CodeIgniter\CodeIgniter->handleRequest(NULL, Object(Config\Cache), false)
#7 C:\xampp\htdocs\WMS3\public\index.php(37): CodeIgniter\CodeIgniter->run()
#8 {main}
CRITICAL - 2021-08-14 08:25:17 --> Undefined array key 4
#0 C:\xampp\htdocs\WMS3\vendor\monken\tablesigniter\src\TablesIgniter.php(215): CodeIgniter\Debug\Exceptions->errorHandler(2, 'Undefined array...', 'C:\\xampp\\htdocs...', 215)
#1 C:\xampp\htdocs\WMS3\vendor\monken\tablesigniter\src\TablesIgniter.php(165): monken\TablesIgniter->extraConfig(Object(CodeIgniter\Database\MySQLi\Builder))
#2 C:\xampp\htdocs\WMS3\vendor\monken\tablesigniter\src\TablesIgniter.php(249): monken\TablesIgniter->getQuery()
#3 C:\xampp\htdocs\WMS3\app\Controllers\ManageAccount.php(29): monken\TablesIgniter->getDatatable()
#4 C:\xampp\htdocs\WMS3\system\CodeIgniter.php(928): App\Controllers\ManageAccount->fetch_all()
#5 C:\xampp\htdocs\WMS3\system\CodeIgniter.php(436): CodeIgniter\CodeIgniter->runController(Object(App\Controllers\ManageAccount))
#6 C:\xampp\htdocs\WMS3\system\CodeIgniter.php(336): CodeIgniter\CodeIgniter->handleRequest(NULL, Object(Config\Cache), false)
#7 C:\xampp\htdocs\WMS3\public\index.php(37): CodeIgniter\CodeIgniter->run()
#8 {main}
CRITICAL - 2021-08-14 08:25:49 --> Must be requested by jQuery DataTables.
#0 C:\xampp\htdocs\WMS3\app\Controllers\ManageAccount.php(22): monken\TablesIgniter->__construct()
#1 C:\xampp\htdocs\WMS3\system\CodeIgniter.php(928): App\Controllers\ManageAccount->fetch_all()
#2 C:\xampp\htdocs\WMS3\system\CodeIgniter.php(436): CodeIgniter\CodeIgniter->runController(Object(App\Controllers\ManageAccount))
#3 C:\xampp\htdocs\WMS3\system\CodeIgniter.php(336): CodeIgniter\CodeIgniter->handleRequest(NULL, Object(Config\Cache), false)
#4 C:\xampp\htdocs\WMS3\public\index.php(37): CodeIgniter\CodeIgniter->run()
#5 {main}
CRITICAL - 2021-08-14 18:22:11 --> Undefined array key "id"
#0 C:\xampp\htdocs\WMS3\app\Models\ManageBarangayModel.php(61): CodeIgniter\Debug\Exceptions->errorHandler(2, 'Undefined array...', 'C:\\xampp\\htdocs...', 61)
#1 C:\xampp\htdocs\WMS3\vendor\monken\tablesigniter\src\TablesIgniter.php(186): App\Models\ManageBarangayModel->App\Models\{closure}(Array)
#2 C:\xampp\htdocs\WMS3\vendor\monken\tablesigniter\src\TablesIgniter.php(252): monken\TablesIgniter->getOutputData(Array)
#3 C:\xampp\htdocs\WMS3\app\Controllers\ManageAccount.php(29): monken\TablesIgniter->getDatatable()
#4 C:\xampp\htdocs\WMS3\system\CodeIgniter.php(928): App\Controllers\ManageAccount->fetch_all()
#5 C:\xampp\htdocs\WMS3\system\CodeIgniter.php(436): CodeIgniter\CodeIgniter->runController(Object(App\Controllers\ManageAccount))
#6 C:\xampp\htdocs\WMS3\system\CodeIgniter.php(336): CodeIgniter\CodeIgniter->handleRequest(NULL, Object(Config\Cache), false)
#7 C:\xampp\htdocs\WMS3\public\index.php(37): CodeIgniter\CodeIgniter->run()
#8 {main}
CRITICAL - 2021-08-14 18:23:31 --> Undefined array key "id"
#0 C:\xampp\htdocs\WMS3\app\Models\ManageBarangayModel.php(61): CodeIgniter\Debug\Exceptions->errorHandler(2, 'Undefined array...', 'C:\\xampp\\htdocs...', 61)
#1 C:\xampp\htdocs\WMS3\vendor\monken\tablesigniter\src\TablesIgniter.php(186): App\Models\ManageBarangayModel->App\Models\{closure}(Array)
#2 C:\xampp\htdocs\WMS3\vendor\monken\tablesigniter\src\TablesIgniter.php(252): monken\TablesIgniter->getOutputData(Array)
#3 C:\xampp\htdocs\WMS3\app\Controllers\ManageAccount.php(29): monken\TablesIgniter->getDatatable()
#4 C:\xampp\htdocs\WMS3\system\CodeIgniter.php(928): App\Controllers\ManageAccount->fetch_all()
#5 C:\xampp\htdocs\WMS3\system\CodeIgniter.php(436): CodeIgniter\CodeIgniter->runController(Object(App\Controllers\ManageAccount))
#6 C:\xampp\htdocs\WMS3\system\CodeIgniter.php(336): CodeIgniter\CodeIgniter->handleRequest(NULL, Object(Config\Cache), false)
#7 C:\xampp\htdocs\WMS3\public\index.php(37): CodeIgniter\CodeIgniter->run()
#8 {main}
CRITICAL - 2021-08-14 18:24:28 --> Undefined array key "id"
#0 C:\xampp\htdocs\WMS3\app\Models\ManageBarangayModel.php(61): CodeIgniter\Debug\Exceptions->errorHandler(2, 'Undefined array...', 'C:\\xampp\\htdocs...', 61)
#1 C:\xampp\htdocs\WMS3\vendor\monken\tablesigniter\src\TablesIgniter.php(186): App\Models\ManageBarangayModel->App\Models\{closure}(Array)
#2 C:\xampp\htdocs\WMS3\vendor\monken\tablesigniter\src\TablesIgniter.php(252): monken\TablesIgniter->getOutputData(Array)
#3 C:\xampp\htdocs\WMS3\app\Controllers\ManageAccount.php(29): monken\TablesIgniter->getDatatable()
#4 C:\xampp\htdocs\WMS3\system\CodeIgniter.php(928): App\Controllers\ManageAccount->fetch_all()
#5 C:\xampp\htdocs\WMS3\system\CodeIgniter.php(436): CodeIgniter\CodeIgniter->runController(Object(App\Controllers\ManageAccount))
#6 C:\xampp\htdocs\WMS3\system\CodeIgniter.php(336): CodeIgniter\CodeIgniter->handleRequest(NULL, Object(Config\Cache), false)
#7 C:\xampp\htdocs\WMS3\public\index.php(37): CodeIgniter\CodeIgniter->run()
#8 {main}
CRITICAL - 2021-08-14 18:25:26 --> Undefined array key "id"
#0 C:\xampp\htdocs\WMS3\app\Models\ManageBarangayModel.php(61): CodeIgniter\Debug\Exceptions->errorHandler(2, 'Undefined array...', 'C:\\xampp\\htdocs...', 61)
#1 C:\xampp\htdocs\WMS3\vendor\monken\tablesigniter\src\TablesIgniter.php(186): App\Models\ManageBarangayModel->App\Models\{closure}(Array)
#2 C:\xampp\htdocs\WMS3\vendor\monken\tablesigniter\src\TablesIgniter.php(252): monken\TablesIgniter->getOutputData(Array)
#3 C:\xampp\htdocs\WMS3\app\Controllers\ManageAccount.php(29): monken\TablesIgniter->getDatatable()
#4 C:\xampp\htdocs\WMS3\system\CodeIgniter.php(928): App\Controllers\ManageAccount->fetch_all()
#5 C:\xampp\htdocs\WMS3\system\CodeIgniter.php(436): CodeIgniter\CodeIgniter->runController(Object(App\Controllers\ManageAccount))
#6 C:\xampp\htdocs\WMS3\system\CodeIgniter.php(336): CodeIgniter\CodeIgniter->handleRequest(NULL, Object(Config\Cache), false)
#7 C:\xampp\htdocs\WMS3\public\index.php(37): CodeIgniter\CodeIgniter->run()
#8 {main}
CRITICAL - 2021-08-14 18:28:09 --> Undefined array key "id"
#0 C:\xampp\htdocs\WMS3\app\Models\ManageBarangayModel.php(61): CodeIgniter\Debug\Exceptions->errorHandler(2, 'Undefined array...', 'C:\\xampp\\htdocs...', 61)
#1 C:\xampp\htdocs\WMS3\vendor\monken\tablesigniter\src\TablesIgniter.php(186): App\Models\ManageBarangayModel->App\Models\{closure}(Array)
#2 C:\xampp\htdocs\WMS3\vendor\monken\tablesigniter\src\TablesIgniter.php(252): monken\TablesIgniter->getOutputData(Array)
#3 C:\xampp\htdocs\WMS3\app\Controllers\ManageAccount.php(29): monken\TablesIgniter->getDatatable()
#4 C:\xampp\htdocs\WMS3\system\CodeIgniter.php(928): App\Controllers\ManageAccount->fetch_all()
#5 C:\xampp\htdocs\WMS3\system\CodeIgniter.php(436): CodeIgniter\CodeIgniter->runController(Object(App\Controllers\ManageAccount))
#6 C:\xampp\htdocs\WMS3\system\CodeIgniter.php(336): CodeIgniter\CodeIgniter->handleRequest(NULL, Object(Config\Cache), false)
#7 C:\xampp\htdocs\WMS3\public\index.php(37): CodeIgniter\CodeIgniter->run()
#8 {main}
CRITICAL - 2021-08-14 18:28:14 --> Undefined array key "id"
#0 C:\xampp\htdocs\WMS3\app\Models\ManageBarangayModel.php(61): CodeIgniter\Debug\Exceptions->errorHandler(2, 'Undefined array...', 'C:\\xampp\\htdocs...', 61)
#1 C:\xampp\htdocs\WMS3\vendor\monken\tablesigniter\src\TablesIgniter.php(186): App\Models\ManageBarangayModel->App\Models\{closure}(Array)
#2 C:\xampp\htdocs\WMS3\vendor\monken\tablesigniter\src\TablesIgniter.php(252): monken\TablesIgniter->getOutputData(Array)
#3 C:\xampp\htdocs\WMS3\app\Controllers\ManageAccount.php(29): monken\TablesIgniter->getDatatable()
#4 C:\xampp\htdocs\WMS3\system\CodeIgniter.php(928): App\Controllers\ManageAccount->fetch_all()
#5 C:\xampp\htdocs\WMS3\system\CodeIgniter.php(436): CodeIgniter\CodeIgniter->runController(Object(App\Controllers\ManageAccount))
#6 C:\xampp\htdocs\WMS3\system\CodeIgniter.php(336): CodeIgniter\CodeIgniter->handleRequest(NULL, Object(Config\Cache), false)
#7 C:\xampp\htdocs\WMS3\public\index.php(37): CodeIgniter\CodeIgniter->run()
#8 {main}
CRITICAL - 2021-08-14 18:29:50 --> Undefined array key "id"
#0 C:\xampp\htdocs\WMS3\app\Models\ManageBarangayModel.php(61): CodeIgniter\Debug\Exceptions->errorHandler(2, 'Undefined array...', 'C:\\xampp\\htdocs...', 61)
#1 C:\xampp\htdocs\WMS3\vendor\monken\tablesigniter\src\TablesIgniter.php(186): App\Models\ManageBarangayModel->App\Models\{closure}(Array)
#2 C:\xampp\htdocs\WMS3\vendor\monken\tablesigniter\src\TablesIgniter.php(252): monken\TablesIgniter->getOutputData(Array)
#3 C:\xampp\htdocs\WMS3\app\Controllers\ManageAccount.php(27): monken\TablesIgniter->getDatatable()
#4 C:\xampp\htdocs\WMS3\system\CodeIgniter.php(928): App\Controllers\ManageAccount->fetch_all()
#5 C:\xampp\htdocs\WMS3\system\CodeIgniter.php(436): CodeIgniter\CodeIgniter->runController(Object(App\Controllers\ManageAccount))
#6 C:\xampp\htdocs\WMS3\system\CodeIgniter.php(336): CodeIgniter\CodeIgniter->handleRequest(NULL, Object(Config\Cache), false)
#7 C:\xampp\htdocs\WMS3\public\index.php(37): CodeIgniter\CodeIgniter->run()
#8 {main}
CRITICAL - 2021-08-14 18:30:12 --> Undefined array key "id"
#0 C:\xampp\htdocs\WMS3\app\Models\ManageBarangayModel.php(61): CodeIgniter\Debug\Exceptions->errorHandler(2, 'Undefined array...', 'C:\\xampp\\htdocs...', 61)
#1 C:\xampp\htdocs\WMS3\vendor\monken\tablesigniter\src\TablesIgniter.php(186): App\Models\ManageBarangayModel->App\Models\{closure}(Array)
#2 C:\xampp\htdocs\WMS3\vendor\monken\tablesigniter\src\TablesIgniter.php(252): monken\TablesIgniter->getOutputData(Array)
#3 C:\xampp\htdocs\WMS3\app\Controllers\ManageAccount.php(27): monken\TablesIgniter->getDatatable()
#4 C:\xampp\htdocs\WMS3\system\CodeIgniter.php(928): App\Controllers\ManageAccount->fetch_all()
#5 C:\xampp\htdocs\WMS3\system\CodeIgniter.php(436): CodeIgniter\CodeIgniter->runController(Object(App\Controllers\ManageAccount))
#6 C:\xampp\htdocs\WMS3\system\CodeIgniter.php(336): CodeIgniter\CodeIgniter->handleRequest(NULL, Object(Config\Cache), false)
#7 C:\xampp\htdocs\WMS3\public\index.php(37): CodeIgniter\CodeIgniter->run()
#8 {main}
CRITICAL - 2021-08-14 18:30:16 --> Undefined array key "id"
#0 C:\xampp\htdocs\WMS3\app\Models\ManageBarangayModel.php(61): CodeIgniter\Debug\Exceptions->errorHandler(2, 'Undefined array...', 'C:\\xampp\\htdocs...', 61)
#1 C:\xampp\htdocs\WMS3\vendor\monken\tablesigniter\src\TablesIgniter.php(186): App\Models\ManageBarangayModel->App\Models\{closure}(Array)
#2 C:\xampp\htdocs\WMS3\vendor\monken\tablesigniter\src\TablesIgniter.php(252): monken\TablesIgniter->getOutputData(Array)
#3 C:\xampp\htdocs\WMS3\app\Controllers\ManageAccount.php(27): monken\TablesIgniter->getDatatable()
#4 C:\xampp\htdocs\WMS3\system\CodeIgniter.php(928): App\Controllers\ManageAccount->fetch_all()
#5 C:\xampp\htdocs\WMS3\system\CodeIgniter.php(436): CodeIgniter\CodeIgniter->runController(Object(App\Controllers\ManageAccount))
#6 C:\xampp\htdocs\WMS3\system\CodeIgniter.php(336): CodeIgniter\CodeIgniter->handleRequest(NULL, Object(Config\Cache), false)
#7 C:\xampp\htdocs\WMS3\public\index.php(37): CodeIgniter\CodeIgniter->run()
#8 {main}
CRITICAL - 2021-08-14 18:30:46 --> Undefined array key "id"
#0 C:\xampp\htdocs\WMS3\app\Models\ManageBarangayModel.php(61): CodeIgniter\Debug\Exceptions->errorHandler(2, 'Undefined array...', 'C:\\xampp\\htdocs...', 61)
#1 C:\xampp\htdocs\WMS3\vendor\monken\tablesigniter\src\TablesIgniter.php(186): App\Models\ManageBarangayModel->App\Models\{closure}(Array)
#2 C:\xampp\htdocs\WMS3\vendor\monken\tablesigniter\src\TablesIgniter.php(252): monken\TablesIgniter->getOutputData(Array)
#3 C:\xampp\htdocs\WMS3\app\Controllers\ManageAccount.php(29): monken\TablesIgniter->getDatatable()
#4 C:\xampp\htdocs\WMS3\system\CodeIgniter.php(928): App\Controllers\ManageAccount->fetch_all()
#5 C:\xampp\htdocs\WMS3\system\CodeIgniter.php(436): CodeIgniter\CodeIgniter->runController(Object(App\Controllers\ManageAccount))
#6 C:\xampp\htdocs\WMS3\system\CodeIgniter.php(336): CodeIgniter\CodeIgniter->handleRequest(NULL, Object(Config\Cache), false)
#7 C:\xampp\htdocs\WMS3\public\index.php(37): CodeIgniter\CodeIgniter->run()
#8 {main}
CRITICAL - 2021-08-14 18:32:05 --> Undefined array key "id"
#0 C:\xampp\htdocs\WMS3\app\Models\ManageBarangayModel.php(61): CodeIgniter\Debug\Exceptions->errorHandler(2, 'Undefined array...', 'C:\\xampp\\htdocs...', 61)
#1 C:\xampp\htdocs\WMS3\vendor\monken\tablesigniter\src\TablesIgniter.php(186): App\Models\ManageBarangayModel->App\Models\{closure}(Array)
#2 C:\xampp\htdocs\WMS3\vendor\monken\tablesigniter\src\TablesIgniter.php(252): monken\TablesIgniter->getOutputData(Array)
#3 C:\xampp\htdocs\WMS3\app\Controllers\ManageAccount.php(29): monken\TablesIgniter->getDatatable()
#4 C:\xampp\htdocs\WMS3\system\CodeIgniter.php(928): App\Controllers\ManageAccount->fetch_all()
#5 C:\xampp\htdocs\WMS3\system\CodeIgniter.php(436): CodeIgniter\CodeIgniter->runController(Object(App\Controllers\ManageAccount))
#6 C:\xampp\htdocs\WMS3\system\CodeIgniter.php(336): CodeIgniter\CodeIgniter->handleRequest(NULL, Object(Config\Cache), false)
#7 C:\xampp\htdocs\WMS3\public\index.php(37): CodeIgniter\CodeIgniter->run()
#8 {main}
CRITICAL - 2021-08-14 18:32:29 --> Must be requested by jQuery DataTables.
#0 C:\xampp\htdocs\WMS3\app\Controllers\ManageAccount.php(22): monken\TablesIgniter->__construct()
#1 C:\xampp\htdocs\WMS3\system\CodeIgniter.php(928): App\Controllers\ManageAccount->fetch_all()
#2 C:\xampp\htdocs\WMS3\system\CodeIgniter.php(436): CodeIgniter\CodeIgniter->runController(Object(App\Controllers\ManageAccount))
#3 C:\xampp\htdocs\WMS3\system\CodeIgniter.php(336): CodeIgniter\CodeIgniter->handleRequest(NULL, Object(Config\Cache), false)
#4 C:\xampp\htdocs\WMS3\public\index.php(37): CodeIgniter\CodeIgniter->run()
#5 {main}
CRITICAL - 2021-08-14 18:32:34 --> Undefined array key "id"
#0 C:\xampp\htdocs\WMS3\app\Models\ManageBarangayModel.php(61): CodeIgniter\Debug\Exceptions->errorHandler(2, 'Undefined array...', 'C:\\xampp\\htdocs...', 61)
#1 C:\xampp\htdocs\WMS3\vendor\monken\tablesigniter\src\TablesIgniter.php(186): App\Models\ManageBarangayModel->App\Models\{closure}(Array)
#2 C:\xampp\htdocs\WMS3\vendor\monken\tablesigniter\src\TablesIgniter.php(252): monken\TablesIgniter->getOutputData(Array)
#3 C:\xampp\htdocs\WMS3\app\Controllers\ManageAccount.php(29): monken\TablesIgniter->getDatatable()
#4 C:\xampp\htdocs\WMS3\system\CodeIgniter.php(928): App\Controllers\ManageAccount->fetch_all()
#5 C:\xampp\htdocs\WMS3\system\CodeIgniter.php(436): CodeIgniter\CodeIgniter->runController(Object(App\Controllers\ManageAccount))
#6 C:\xampp\htdocs\WMS3\system\CodeIgniter.php(336): CodeIgniter\CodeIgniter->handleRequest(NULL, Object(Config\Cache), false)
#7 C:\xampp\htdocs\WMS3\public\index.php(37): CodeIgniter\CodeIgniter->run()
#8 {main}
CRITICAL - 2021-08-14 18:32:54 --> Undefined array key "id"
#0 C:\xampp\htdocs\WMS3\app\Models\ManageBarangayModel.php(61): CodeIgniter\Debug\Exceptions->errorHandler(2, 'Undefined array...', 'C:\\xampp\\htdocs...', 61)
#1 C:\xampp\htdocs\WMS3\vendor\monken\tablesigniter\src\TablesIgniter.php(186): App\Models\ManageBarangayModel->App\Models\{closure}(Array)
#2 C:\xampp\htdocs\WMS3\vendor\monken\tablesigniter\src\TablesIgniter.php(252): monken\TablesIgniter->getOutputData(Array)
#3 C:\xampp\htdocs\WMS3\app\Controllers\ManageAccount.php(29): monken\TablesIgniter->getDatatable()
#4 C:\xampp\htdocs\WMS3\system\CodeIgniter.php(928): App\Controllers\ManageAccount->fetch_all()
#5 C:\xampp\htdocs\WMS3\system\CodeIgniter.php(436): CodeIgniter\CodeIgniter->runController(Object(App\Controllers\ManageAccount))
#6 C:\xampp\htdocs\WMS3\system\CodeIgniter.php(336): CodeIgniter\CodeIgniter->handleRequest(NULL, Object(Config\Cache), false)
#7 C:\xampp\htdocs\WMS3\public\index.php(37): CodeIgniter\CodeIgniter->run()
#8 {main}
CRITICAL - 2021-08-14 18:33:57 --> Undefined array key "id"
#0 C:\xampp\htdocs\WMS3\app\Models\ManageBarangayModel.php(61): CodeIgniter\Debug\Exceptions->errorHandler(2, 'Undefined array...', 'C:\\xampp\\htdocs...', 61)
#1 C:\xampp\htdocs\WMS3\vendor\monken\tablesigniter\src\TablesIgniter.php(186): App\Models\ManageBarangayModel->App\Models\{closure}(Array)
#2 C:\xampp\htdocs\WMS3\vendor\monken\tablesigniter\src\TablesIgniter.php(252): monken\TablesIgniter->getOutputData(Array)
#3 C:\xampp\htdocs\WMS3\app\Controllers\ManageAccount.php(29): monken\TablesIgniter->getDatatable()
#4 C:\xampp\htdocs\WMS3\system\CodeIgniter.php(928): App\Controllers\ManageAccount->fetch_all()
#5 C:\xampp\htdocs\WMS3\system\CodeIgniter.php(436): CodeIgniter\CodeIgniter->runController(Object(App\Controllers\ManageAccount))
#6 C:\xampp\htdocs\WMS3\system\CodeIgniter.php(336): CodeIgniter\CodeIgniter->handleRequest(NULL, Object(Config\Cache), false)
#7 C:\xampp\htdocs\WMS3\public\index.php(37): CodeIgniter\CodeIgniter->run()
#8 {main}
CRITICAL - 2021-08-14 18:34:32 --> Undefined array key "id"
#0 C:\xampp\htdocs\WMS3\app\Models\ManageBarangayModel.php(61): CodeIgniter\Debug\Exceptions->errorHandler(2, 'Undefined array...', 'C:\\xampp\\htdocs...', 61)
#1 C:\xampp\htdocs\WMS3\vendor\monken\tablesigniter\src\TablesIgniter.php(186): App\Models\ManageBarangayModel->App\Models\{closure}(Array)
#2 C:\xampp\htdocs\WMS3\vendor\monken\tablesigniter\src\TablesIgniter.php(252): monken\TablesIgniter->getOutputData(Array)
#3 C:\xampp\htdocs\WMS3\app\Controllers\ManageAccount.php(29): monken\TablesIgniter->getDatatable()
#4 C:\xampp\htdocs\WMS3\system\CodeIgniter.php(928): App\Controllers\ManageAccount->fetch_all()
#5 C:\xampp\htdocs\WMS3\system\CodeIgniter.php(436): CodeIgniter\CodeIgniter->runController(Object(App\Controllers\ManageAccount))
#6 C:\xampp\htdocs\WMS3\system\CodeIgniter.php(336): CodeIgniter\CodeIgniter->handleRequest(NULL, Object(Config\Cache), false)
#7 C:\xampp\htdocs\WMS3\public\index.php(37): CodeIgniter\CodeIgniter->run()
#8 {main}
CRITICAL - 2021-08-14 18:36:15 --> Undefined array key "id"
#0 C:\xampp\htdocs\WMS3\app\Models\ManageBarangayModel.php(55): CodeIgniter\Debug\Exceptions->errorHandler(2, 'Undefined array...', 'C:\\xampp\\htdocs...', 55)
#1 C:\xampp\htdocs\WMS3\vendor\monken\tablesigniter\src\TablesIgniter.php(186): App\Models\ManageBarangayModel->App\Models\{closure}(Array)
#2 C:\xampp\htdocs\WMS3\vendor\monken\tablesigniter\src\TablesIgniter.php(252): monken\TablesIgniter->getOutputData(Array)
#3 C:\xampp\htdocs\WMS3\app\Controllers\ManageAccount.php(29): monken\TablesIgniter->getDatatable()
#4 C:\xampp\htdocs\WMS3\system\CodeIgniter.php(928): App\Controllers\ManageAccount->fetch_all()
#5 C:\xampp\htdocs\WMS3\system\CodeIgniter.php(436): CodeIgniter\CodeIgniter->runController(Object(App\Controllers\ManageAccount))
#6 C:\xampp\htdocs\WMS3\system\CodeIgniter.php(336): CodeIgniter\CodeIgniter->handleRequest(NULL, Object(Config\Cache), false)
#7 C:\xampp\htdocs\WMS3\public\index.php(37): CodeIgniter\CodeIgniter->run()
#8 {main}
CRITICAL - 2021-08-14 20:38:56 --> Undefined property: stdClass::$desc
#0 C:\xampp\htdocs\WMS3\app\Controllers\ManageAccount.php(136): CodeIgniter\Debug\Exceptions->errorHandler(2, 'Undefined prope...', 'C:\\xampp\\htdocs...', 136)
#1 C:\xampp\htdocs\WMS3\system\CodeIgniter.php(928): App\Controllers\ManageAccount->getBname()
#2 C:\xampp\htdocs\WMS3\system\CodeIgniter.php(436): CodeIgniter\CodeIgniter->runController(Object(App\Controllers\ManageAccount))
#3 C:\xampp\htdocs\WMS3\system\CodeIgniter.php(336): CodeIgniter\CodeIgniter->handleRequest(NULL, Object(Config\Cache), false)
#4 C:\xampp\htdocs\WMS3\public\index.php(37): CodeIgniter\CodeIgniter->run()
#5 {main}
CRITICAL - 2021-08-14 20:39:33 --> Undefined property: stdClass::$desc
#0 C:\xampp\htdocs\WMS3\app\Controllers\ManageAccount.php(136): CodeIgniter\Debug\Exceptions->errorHandler(2, 'Undefined prope...', 'C:\\xampp\\htdocs...', 136)
#1 C:\xampp\htdocs\WMS3\system\CodeIgniter.php(928): App\Controllers\ManageAccount->getBname()
#2 C:\xampp\htdocs\WMS3\system\CodeIgniter.php(436): CodeIgniter\CodeIgniter->runController(Object(App\Controllers\ManageAccount))
#3 C:\xampp\htdocs\WMS3\system\CodeIgniter.php(336): CodeIgniter\CodeIgniter->handleRequest(NULL, Object(Config\Cache), false)
#4 C:\xampp\htdocs\WMS3\public\index.php(37): CodeIgniter\CodeIgniter->run()
#5 {main}
CRITICAL - 2021-08-14 20:39:38 --> Undefined property: stdClass::$desc
#0 C:\xampp\htdocs\WMS3\app\Controllers\ManageAccount.php(136): CodeIgniter\Debug\Exceptions->errorHandler(2, 'Undefined prope...', 'C:\\xampp\\htdocs...', 136)
#1 C:\xampp\htdocs\WMS3\system\CodeIgniter.php(928): App\Controllers\ManageAccount->getBname()
#2 C:\xampp\htdocs\WMS3\system\CodeIgniter.php(436): CodeIgniter\CodeIgniter->runController(Object(App\Controllers\ManageAccount))
#3 C:\xampp\htdocs\WMS3\system\CodeIgniter.php(336): CodeIgniter\CodeIgniter->handleRequest(NULL, Object(Config\Cache), false)
#4 C:\xampp\htdocs\WMS3\public\index.php(37): CodeIgniter\CodeIgniter->run()
#5 {main}
CRITICAL - 2021-08-14 20:40:03 --> Undefined property: stdClass::$desc
#0 C:\xampp\htdocs\WMS3\app\Controllers\ManageAccount.php(136): CodeIgniter\Debug\Exceptions->errorHandler(2, 'Undefined prope...', 'C:\\xampp\\htdocs...', 136)
#1 C:\xampp\htdocs\WMS3\system\CodeIgniter.php(928): App\Controllers\ManageAccount->getBname()
#2 C:\xampp\htdocs\WMS3\system\CodeIgniter.php(436): CodeIgniter\CodeIgniter->runController(Object(App\Controllers\ManageAccount))
#3 C:\xampp\htdocs\WMS3\system\CodeIgniter.php(336): CodeIgniter\CodeIgniter->handleRequest(NULL, Object(Config\Cache), false)
#4 C:\xampp\htdocs\WMS3\public\index.php(37): CodeIgniter\CodeIgniter->run()
#5 {main}
CRITICAL - 2021-08-14 20:40:32 --> Undefined property: stdClass::$desc
#0 C:\xampp\htdocs\WMS3\app\Controllers\ManageAccount.php(136): CodeIgniter\Debug\Exceptions->errorHandler(2, 'Undefined prope...', 'C:\\xampp\\htdocs...', 136)
#1 C:\xampp\htdocs\WMS3\system\CodeIgniter.php(928): App\Controllers\ManageAccount->getBname()
#2 C:\xampp\htdocs\WMS3\system\CodeIgniter.php(436): CodeIgniter\CodeIgniter->runController(Object(App\Controllers\ManageAccount))
#3 C:\xampp\htdocs\WMS3\system\CodeIgniter.php(336): CodeIgniter\CodeIgniter->handleRequest(NULL, Object(Config\Cache), false)
#4 C:\xampp\htdocs\WMS3\public\index.php(37): CodeIgniter\CodeIgniter->run()
#5 {main}
CRITICAL - 2021-08-14 20:41:27 --> Undefined property: stdClass::$desc
#0 C:\xampp\htdocs\WMS3\app\Controllers\ManageAccount.php(136): CodeIgniter\Debug\Exceptions->errorHandler(2, 'Undefined prope...', 'C:\\xampp\\htdocs...', 136)
#1 C:\xampp\htdocs\WMS3\system\CodeIgniter.php(928): App\Controllers\ManageAccount->getBname()
#2 C:\xampp\htdocs\WMS3\system\CodeIgniter.php(436): CodeIgniter\CodeIgniter->runController(Object(App\Controllers\ManageAccount))
#3 C:\xampp\htdocs\WMS3\system\CodeIgniter.php(336): CodeIgniter\CodeIgniter->handleRequest(NULL, Object(Config\Cache), false)
#4 C:\xampp\htdocs\WMS3\public\index.php(37): CodeIgniter\CodeIgniter->run()
#5 {main}
CRITICAL - 2021-08-14 20:42:10 --> Undefined property: stdClass::$desc
#0 C:\xampp\htdocs\WMS3\app\Controllers\ManageAccount.php(136): CodeIgniter\Debug\Exceptions->errorHandler(2, 'Undefined prope...', 'C:\\xampp\\htdocs...', 136)
#1 C:\xampp\htdocs\WMS3\system\CodeIgniter.php(928): App\Controllers\ManageAccount->getBname()
#2 C:\xampp\htdocs\WMS3\system\CodeIgniter.php(436): CodeIgniter\CodeIgniter->runController(Object(App\Controllers\ManageAccount))
#3 C:\xampp\htdocs\WMS3\system\CodeIgniter.php(336): CodeIgniter\CodeIgniter->handleRequest(NULL, Object(Config\Cache), false)
#4 C:\xampp\htdocs\WMS3\public\index.php(37): CodeIgniter\CodeIgniter->run()
#5 {main}
CRITICAL - 2021-08-14 20:42:13 --> Undefined property: stdClass::$desc
#0 C:\xampp\htdocs\WMS3\app\Controllers\ManageAccount.php(136): CodeIgniter\Debug\Exceptions->errorHandler(2, 'Undefined prope...', 'C:\\xampp\\htdocs...', 136)
#1 C:\xampp\htdocs\WMS3\system\CodeIgniter.php(928): App\Controllers\ManageAccount->getBname()
#2 C:\xampp\htdocs\WMS3\system\CodeIgniter.php(436): CodeIgniter\CodeIgniter->runController(Object(App\Controllers\ManageAccount))
#3 C:\xampp\htdocs\WMS3\system\CodeIgniter.php(336): CodeIgniter\CodeIgniter->handleRequest(NULL, Object(Config\Cache), false)
#4 C:\xampp\htdocs\WMS3\public\index.php(37): CodeIgniter\CodeIgniter->run()
#5 {main}
