CRITICAL - 2021-11-19 14:37:04 --> readfile(data.txt): Failed to open stream: No such file or directory
#0 [internal function]: CodeIgniter\Debug\Exceptions->errorHandler(2, 'readfile(data.t...', 'C:\\xampp\\htdocs...', 19)
#1 C:\xampp\htdocs\wms_final\wms3\app\Views\settings\limit.php(19): readfile('data.txt')
#2 C:\xampp\htdocs\wms_final\wms3\system\View\View.php(230): include('C:\\xampp\\htdocs...')
#3 C:\xampp\htdocs\wms_final\wms3\system\View\View.php(232): CodeIgniter\View\View->CodeIgniter\View\{closure}()
#4 C:\xampp\htdocs\wms_final\wms3\system\View\View.php(487): CodeIgniter\View\View->render('settings/limit....', NULL, true)
#5 C:\xampp\htdocs\wms_final\wms3\app\Views\admin\dashboard.php(279): CodeIgniter\View\View->include('settings/limit....')
#6 C:\xampp\htdocs\wms_final\wms3\system\View\View.php(230): include('C:\\xampp\\htdocs...')
#7 C:\xampp\htdocs\wms_final\wms3\system\View\View.php(232): CodeIgniter\View\View->CodeIgniter\View\{closure}()
#8 C:\xampp\htdocs\wms_final\wms3\system\Common.php(1271): CodeIgniter\View\View->render('admin/dashboard', Array, true)
#9 C:\xampp\htdocs\wms_final\wms3\app\Controllers\Dashboard.php(34): view('admin/dashboard', Array)
#10 C:\xampp\htdocs\wms_final\wms3\system\CodeIgniter.php(928): App\Controllers\Dashboard->index()
#11 C:\xampp\htdocs\wms_final\wms3\system\CodeIgniter.php(436): CodeIgniter\CodeIgniter->runController(Object(App\Controllers\Dashboard))
#12 C:\xampp\htdocs\wms_final\wms3\system\CodeIgniter.php(336): CodeIgniter\CodeIgniter->handleRequest(NULL, Object(Config\Cache), false)
#13 C:\xampp\htdocs\wms_final\wms3\index.php(37): CodeIgniter\CodeIgniter->run()
#14 {main}
CRITICAL - 2021-11-19 14:37:09 --> readfile(data.txt): Failed to open stream: No such file or directory
#0 [internal function]: CodeIgniter\Debug\Exceptions->errorHandler(2, 'readfile(data.t...', 'C:\\xampp\\htdocs...', 19)
#1 C:\xampp\htdocs\wms_final\wms3\app\Views\settings\limit.php(19): readfile('data.txt')
#2 C:\xampp\htdocs\wms_final\wms3\system\View\View.php(230): include('C:\\xampp\\htdocs...')
#3 C:\xampp\htdocs\wms_final\wms3\system\View\View.php(232): CodeIgniter\View\View->CodeIgniter\View\{closure}()
#4 C:\xampp\htdocs\wms_final\wms3\system\View\View.php(487): CodeIgniter\View\View->render('settings/limit....', NULL, true)
#5 C:\xampp\htdocs\wms_final\wms3\app\Views\admin\dashboard.php(279): CodeIgniter\View\View->include('settings/limit....')
#6 C:\xampp\htdocs\wms_final\wms3\system\View\View.php(230): include('C:\\xampp\\htdocs...')
#7 C:\xampp\htdocs\wms_final\wms3\system\View\View.php(232): CodeIgniter\View\View->CodeIgniter\View\{closure}()
#8 C:\xampp\htdocs\wms_final\wms3\system\Common.php(1271): CodeIgniter\View\View->render('admin/dashboard', Array, true)
#9 C:\xampp\htdocs\wms_final\wms3\app\Controllers\Dashboard.php(34): view('admin/dashboard', Array)
#10 C:\xampp\htdocs\wms_final\wms3\system\CodeIgniter.php(928): App\Controllers\Dashboard->index()
#11 C:\xampp\htdocs\wms_final\wms3\system\CodeIgniter.php(436): CodeIgniter\CodeIgniter->runController(Object(App\Controllers\Dashboard))
#12 C:\xampp\htdocs\wms_final\wms3\system\CodeIgniter.php(336): CodeIgniter\CodeIgniter->handleRequest(NULL, Object(Config\Cache), false)
#13 C:\xampp\htdocs\wms_final\wms3\index.php(37): CodeIgniter\CodeIgniter->run()
#14 {main}
CRITICAL - 2021-11-19 14:37:11 --> readfile(data.txt): Failed to open stream: No such file or directory
#0 [internal function]: CodeIgniter\Debug\Exceptions->errorHandler(2, 'readfile(data.t...', 'C:\\xampp\\htdocs...', 19)
#1 C:\xampp\htdocs\wms_final\wms3\app\Views\settings\limit.php(19): readfile('data.txt')
#2 C:\xampp\htdocs\wms_final\wms3\system\View\View.php(230): include('C:\\xampp\\htdocs...')
#3 C:\xampp\htdocs\wms_final\wms3\system\View\View.php(232): CodeIgniter\View\View->CodeIgniter\View\{closure}()
#4 C:\xampp\htdocs\wms_final\wms3\system\View\View.php(487): CodeIgniter\View\View->render('settings/limit....', NULL, true)
#5 C:\xampp\htdocs\wms_final\wms3\app\Views\admin\dashboard.php(279): CodeIgniter\View\View->include('settings/limit....')
#6 C:\xampp\htdocs\wms_final\wms3\system\View\View.php(230): include('C:\\xampp\\htdocs...')
#7 C:\xampp\htdocs\wms_final\wms3\system\View\View.php(232): CodeIgniter\View\View->CodeIgniter\View\{closure}()
#8 C:\xampp\htdocs\wms_final\wms3\system\Common.php(1271): CodeIgniter\View\View->render('admin/dashboard', Array, true)
#9 C:\xampp\htdocs\wms_final\wms3\app\Controllers\Dashboard.php(34): view('admin/dashboard', Array)
#10 C:\xampp\htdocs\wms_final\wms3\system\CodeIgniter.php(928): App\Controllers\Dashboard->index()
#11 C:\xampp\htdocs\wms_final\wms3\system\CodeIgniter.php(436): CodeIgniter\CodeIgniter->runController(Object(App\Controllers\Dashboard))
#12 C:\xampp\htdocs\wms_final\wms3\system\CodeIgniter.php(336): CodeIgniter\CodeIgniter->handleRequest(NULL, Object(Config\Cache), false)
#13 C:\xampp\htdocs\wms_final\wms3\index.php(37): CodeIgniter\CodeIgniter->run()
#14 {main}
CRITICAL - 2021-11-19 14:37:12 --> readfile(data.txt): Failed to open stream: No such file or directory
#0 [internal function]: CodeIgniter\Debug\Exceptions->errorHandler(2, 'readfile(data.t...', 'C:\\xampp\\htdocs...', 19)
#1 C:\xampp\htdocs\wms_final\wms3\app\Views\settings\limit.php(19): readfile('data.txt')
#2 C:\xampp\htdocs\wms_final\wms3\system\View\View.php(230): include('C:\\xampp\\htdocs...')
#3 C:\xampp\htdocs\wms_final\wms3\system\View\View.php(232): CodeIgniter\View\View->CodeIgniter\View\{closure}()
#4 C:\xampp\htdocs\wms_final\wms3\system\View\View.php(487): CodeIgniter\View\View->render('settings/limit....', NULL, true)
#5 C:\xampp\htdocs\wms_final\wms3\app\Views\admin\dashboard.php(279): CodeIgniter\View\View->include('settings/limit....')
#6 C:\xampp\htdocs\wms_final\wms3\system\View\View.php(230): include('C:\\xampp\\htdocs...')
#7 C:\xampp\htdocs\wms_final\wms3\system\View\View.php(232): CodeIgniter\View\View->CodeIgniter\View\{closure}()
#8 C:\xampp\htdocs\wms_final\wms3\system\Common.php(1271): CodeIgniter\View\View->render('admin/dashboard', Array, true)
#9 C:\xampp\htdocs\wms_final\wms3\app\Controllers\Dashboard.php(34): view('admin/dashboard', Array)
#10 C:\xampp\htdocs\wms_final\wms3\system\CodeIgniter.php(928): App\Controllers\Dashboard->index()
#11 C:\xampp\htdocs\wms_final\wms3\system\CodeIgniter.php(436): CodeIgniter\CodeIgniter->runController(Object(App\Controllers\Dashboard))
#12 C:\xampp\htdocs\wms_final\wms3\system\CodeIgniter.php(336): CodeIgniter\CodeIgniter->handleRequest(NULL, Object(Config\Cache), false)
#13 C:\xampp\htdocs\wms_final\wms3\index.php(37): CodeIgniter\CodeIgniter->run()
#14 {main}
CRITICAL - 2021-11-19 00:37:15 --> readfile(data.txt): Failed to open stream: No such file or directory
#0 [internal function]: CodeIgniter\Debug\Exceptions->errorHandler(2, 'readfile(data.t...', 'C:\\xampp\\htdocs...', 19)
#1 C:\xampp\htdocs\wms_final\wms3\app\Views\settings\limit.php(19): readfile('data.txt')
#2 C:\xampp\htdocs\wms_final\wms3\system\View\View.php(230): include('C:\\xampp\\htdocs...')
#3 C:\xampp\htdocs\wms_final\wms3\system\View\View.php(232): CodeIgniter\View\View->CodeIgniter\View\{closure}()
#4 C:\xampp\htdocs\wms_final\wms3\system\View\View.php(487): CodeIgniter\View\View->render('settings/limit....', NULL, true)
#5 C:\xampp\htdocs\wms_final\wms3\app\Views\admin\manage\manage_admin_account.php(109): CodeIgniter\View\View->include('settings/limit....')
#6 C:\xampp\htdocs\wms_final\wms3\system\View\View.php(230): include('C:\\xampp\\htdocs...')
#7 C:\xampp\htdocs\wms_final\wms3\system\View\View.php(232): CodeIgniter\View\View->CodeIgniter\View\{closure}()
#8 C:\xampp\htdocs\wms_final\wms3\system\Common.php(1271): CodeIgniter\View\View->render('admin/manage/ma...', Array, true)
#9 C:\xampp\htdocs\wms_final\wms3\app\Controllers\ManageAccountAdmin.php(19): view('admin/manage/ma...')
#10 C:\xampp\htdocs\wms_final\wms3\system\CodeIgniter.php(928): App\Controllers\ManageAccountAdmin->index()
#11 C:\xampp\htdocs\wms_final\wms3\system\CodeIgniter.php(436): CodeIgniter\CodeIgniter->runController(Object(App\Controllers\ManageAccountAdmin))
#12 C:\xampp\htdocs\wms_final\wms3\system\CodeIgniter.php(336): CodeIgniter\CodeIgniter->handleRequest(NULL, Object(Config\Cache), false)
#13 C:\xampp\htdocs\wms_final\wms3\index.php(37): CodeIgniter\CodeIgniter->run()
#14 {main}
CRITICAL - 2021-11-19 00:37:18 --> readfile(data.txt): Failed to open stream: No such file or directory
#0 [internal function]: CodeIgniter\Debug\Exceptions->errorHandler(2, 'readfile(data.t...', 'C:\\xampp\\htdocs...', 19)
#1 C:\xampp\htdocs\wms_final\wms3\app\Views\settings\limit.php(19): readfile('data.txt')
#2 C:\xampp\htdocs\wms_final\wms3\system\View\View.php(230): include('C:\\xampp\\htdocs...')
#3 C:\xampp\htdocs\wms_final\wms3\system\View\View.php(232): CodeIgniter\View\View->CodeIgniter\View\{closure}()
#4 C:\xampp\htdocs\wms_final\wms3\system\View\View.php(487): CodeIgniter\View\View->render('settings/limit....', NULL, true)
#5 C:\xampp\htdocs\wms_final\wms3\app\Views\admin\monitoring\brgy_waste_collection.php(157): CodeIgniter\View\View->include('settings/limit....')
#6 C:\xampp\htdocs\wms_final\wms3\system\View\View.php(230): include('C:\\xampp\\htdocs...')
#7 C:\xampp\htdocs\wms_final\wms3\system\View\View.php(232): CodeIgniter\View\View->CodeIgniter\View\{closure}()
#8 C:\xampp\htdocs\wms_final\wms3\system\Common.php(1271): CodeIgniter\View\View->render('admin/monitorin...', Array, true)
#9 C:\xampp\htdocs\wms_final\wms3\app\Controllers\WasteBarangay.php(21): view('admin/monitorin...', Array)
#10 C:\xampp\htdocs\wms_final\wms3\system\CodeIgniter.php(928): App\Controllers\WasteBarangay->index()
#11 C:\xampp\htdocs\wms_final\wms3\system\CodeIgniter.php(436): CodeIgniter\CodeIgniter->runController(Object(App\Controllers\WasteBarangay))
#12 C:\xampp\htdocs\wms_final\wms3\system\CodeIgniter.php(336): CodeIgniter\CodeIgniter->handleRequest(NULL, Object(Config\Cache), false)
#13 C:\xampp\htdocs\wms_final\wms3\index.php(37): CodeIgniter\CodeIgniter->run()
#14 {main}
CRITICAL - 2021-11-19 00:43:06 --> Undefined variable $data
#0 C:\xampp\htdocs\wms_final\wms3\app\Controllers\Notif.php(35): CodeIgniter\Debug\Exceptions->errorHandler(2, 'Undefined varia...', 'C:\\xampp\\htdocs...', 35)
#1 C:\xampp\htdocs\wms_final\wms3\system\CodeIgniter.php(928): App\Controllers\Notif->index()
#2 C:\xampp\htdocs\wms_final\wms3\system\CodeIgniter.php(436): CodeIgniter\CodeIgniter->runController(Object(App\Controllers\Notif))
#3 C:\xampp\htdocs\wms_final\wms3\system\CodeIgniter.php(336): CodeIgniter\CodeIgniter->handleRequest(NULL, Object(Config\Cache), false)
#4 C:\xampp\htdocs\wms_final\wms3\index.php(37): CodeIgniter\CodeIgniter->run()
#5 {main}
CRITICAL - 2021-11-19 00:43:06 --> Undefined variable $data
#0 C:\xampp\htdocs\wms_final\wms3\app\Controllers\Notif.php(53): CodeIgniter\Debug\Exceptions->errorHandler(2, 'Undefined varia...', 'C:\\xampp\\htdocs...', 53)
#1 C:\xampp\htdocs\wms_final\wms3\system\CodeIgniter.php(928): App\Controllers\Notif->load_unseen()
#2 C:\xampp\htdocs\wms_final\wms3\system\CodeIgniter.php(436): CodeIgniter\CodeIgniter->runController(Object(App\Controllers\Notif))
#3 C:\xampp\htdocs\wms_final\wms3\system\CodeIgniter.php(336): CodeIgniter\CodeIgniter->handleRequest(NULL, Object(Config\Cache), false)
#4 C:\xampp\htdocs\wms_final\wms3\index.php(37): CodeIgniter\CodeIgniter->run()
#5 {main}
CRITICAL - 2021-11-19 00:43:10 --> Undefined variable $data
#0 C:\xampp\htdocs\wms_final\wms3\app\Controllers\Notif.php(53): CodeIgniter\Debug\Exceptions->errorHandler(2, 'Undefined varia...', 'C:\\xampp\\htdocs...', 53)
#1 C:\xampp\htdocs\wms_final\wms3\system\CodeIgniter.php(928): App\Controllers\Notif->load_unseen()
#2 C:\xampp\htdocs\wms_final\wms3\system\CodeIgniter.php(436): CodeIgniter\CodeIgniter->runController(Object(App\Controllers\Notif))
#3 C:\xampp\htdocs\wms_final\wms3\system\CodeIgniter.php(336): CodeIgniter\CodeIgniter->handleRequest(NULL, Object(Config\Cache), false)
#4 C:\xampp\htdocs\wms_final\wms3\index.php(37): CodeIgniter\CodeIgniter->run()
#5 {main}
CRITICAL - 2021-11-19 00:43:22 --> Undefined variable $data
#0 C:\xampp\htdocs\wms_final\wms3\app\Controllers\Notif.php(53): CodeIgniter\Debug\Exceptions->errorHandler(2, 'Undefined varia...', 'C:\\xampp\\htdocs...', 53)
#1 C:\xampp\htdocs\wms_final\wms3\system\CodeIgniter.php(928): App\Controllers\Notif->load_unseen()
#2 C:\xampp\htdocs\wms_final\wms3\system\CodeIgniter.php(436): CodeIgniter\CodeIgniter->runController(Object(App\Controllers\Notif))
#3 C:\xampp\htdocs\wms_final\wms3\system\CodeIgniter.php(336): CodeIgniter\CodeIgniter->handleRequest(NULL, Object(Config\Cache), false)
#4 C:\xampp\htdocs\wms_final\wms3\index.php(37): CodeIgniter\CodeIgniter->run()
#5 {main}
CRITICAL - 2021-11-19 00:43:24 --> Undefined variable $data
#0 C:\xampp\htdocs\wms_final\wms3\app\Controllers\Notif.php(53): CodeIgniter\Debug\Exceptions->errorHandler(2, 'Undefined varia...', 'C:\\xampp\\htdocs...', 53)
#1 C:\xampp\htdocs\wms_final\wms3\system\CodeIgniter.php(928): App\Controllers\Notif->load_unseen()
#2 C:\xampp\htdocs\wms_final\wms3\system\CodeIgniter.php(436): CodeIgniter\CodeIgniter->runController(Object(App\Controllers\Notif))
#3 C:\xampp\htdocs\wms_final\wms3\system\CodeIgniter.php(336): CodeIgniter\CodeIgniter->handleRequest(NULL, Object(Config\Cache), false)
#4 C:\xampp\htdocs\wms_final\wms3\index.php(37): CodeIgniter\CodeIgniter->run()
#5 {main}
CRITICAL - 2021-11-19 00:43:41 --> Undefined variable $data
#0 C:\xampp\htdocs\wms_final\wms3\app\Controllers\Notif.php(53): CodeIgniter\Debug\Exceptions->errorHandler(2, 'Undefined varia...', 'C:\\xampp\\htdocs...', 53)
#1 C:\xampp\htdocs\wms_final\wms3\system\CodeIgniter.php(928): App\Controllers\Notif->load_unseen()
#2 C:\xampp\htdocs\wms_final\wms3\system\CodeIgniter.php(436): CodeIgniter\CodeIgniter->runController(Object(App\Controllers\Notif))
#3 C:\xampp\htdocs\wms_final\wms3\system\CodeIgniter.php(336): CodeIgniter\CodeIgniter->handleRequest(NULL, Object(Config\Cache), false)
#4 C:\xampp\htdocs\wms_final\wms3\index.php(37): CodeIgniter\CodeIgniter->run()
#5 {main}
