CRITICAL - 2021-09-07 13:51:13 --> Cannot use object of type stdClass as array
#0 C:\xampp\htdocs\WMS3\system\View\View.php(230): include()
#1 C:\xampp\htdocs\WMS3\system\View\View.php(232): CodeIgniter\View\View->CodeIgniter\View\{closure}()
#2 C:\xampp\htdocs\WMS3\system\Common.php(1271): CodeIgniter\View\View->render('admin/dashboard', Array, true)
#3 C:\xampp\htdocs\WMS3\app\Controllers\Dashboard.php(21): view('admin/dashboard', Array)
#4 C:\xampp\htdocs\WMS3\system\CodeIgniter.php(928): App\Controllers\Dashboard->index()
#5 C:\xampp\htdocs\WMS3\system\CodeIgniter.php(436): CodeIgniter\CodeIgniter->runController(Object(App\Controllers\Dashboard))
#6 C:\xampp\htdocs\WMS3\system\CodeIgniter.php(336): CodeIgniter\CodeIgniter->handleRequest(NULL, Object(Config\Cache), false)
#7 C:\xampp\htdocs\WMS3\public\index.php(37): CodeIgniter\CodeIgniter->run()
#8 {main}
CRITICAL - 2021-09-07 13:51:16 --> Cannot use object of type stdClass as array
#0 C:\xampp\htdocs\WMS3\system\View\View.php(230): include()
#1 C:\xampp\htdocs\WMS3\system\View\View.php(232): CodeIgniter\View\View->CodeIgniter\View\{closure}()
#2 C:\xampp\htdocs\WMS3\system\Common.php(1271): CodeIgniter\View\View->render('admin/dashboard', Array, true)
#3 C:\xampp\htdocs\WMS3\app\Controllers\Dashboard.php(21): view('admin/dashboard', Array)
#4 C:\xampp\htdocs\WMS3\system\CodeIgniter.php(928): App\Controllers\Dashboard->index()
#5 C:\xampp\htdocs\WMS3\system\CodeIgniter.php(436): CodeIgniter\CodeIgniter->runController(Object(App\Controllers\Dashboard))
#6 C:\xampp\htdocs\WMS3\system\CodeIgniter.php(336): CodeIgniter\CodeIgniter->handleRequest(NULL, Object(Config\Cache), false)
#7 C:\xampp\htdocs\WMS3\public\index.php(37): CodeIgniter\CodeIgniter->run()
#8 {main}
CRITICAL - 2021-09-07 13:51:27 --> Cannot use object of type stdClass as array
#0 C:\xampp\htdocs\WMS3\system\View\View.php(230): include()
#1 C:\xampp\htdocs\WMS3\system\View\View.php(232): CodeIgniter\View\View->CodeIgniter\View\{closure}()
#2 C:\xampp\htdocs\WMS3\system\Common.php(1271): CodeIgniter\View\View->render('admin/dashboard', Array, true)
#3 C:\xampp\htdocs\WMS3\app\Controllers\Dashboard.php(21): view('admin/dashboard', Array)
#4 C:\xampp\htdocs\WMS3\system\CodeIgniter.php(928): App\Controllers\Dashboard->index()
#5 C:\xampp\htdocs\WMS3\system\CodeIgniter.php(436): CodeIgniter\CodeIgniter->runController(Object(App\Controllers\Dashboard))
#6 C:\xampp\htdocs\WMS3\system\CodeIgniter.php(336): CodeIgniter\CodeIgniter->handleRequest(NULL, Object(Config\Cache), false)
#7 C:\xampp\htdocs\WMS3\public\index.php(37): CodeIgniter\CodeIgniter->run()
#8 {main}
CRITICAL - 2021-09-07 13:52:27 --> Cannot use object of type stdClass as array
#0 C:\xampp\htdocs\WMS3\system\View\View.php(230): include()
#1 C:\xampp\htdocs\WMS3\system\View\View.php(232): CodeIgniter\View\View->CodeIgniter\View\{closure}()
#2 C:\xampp\htdocs\WMS3\system\Common.php(1271): CodeIgniter\View\View->render('admin/dashboard', Array, true)
#3 C:\xampp\htdocs\WMS3\app\Controllers\Dashboard.php(21): view('admin/dashboard', Array)
#4 C:\xampp\htdocs\WMS3\system\CodeIgniter.php(928): App\Controllers\Dashboard->index()
#5 C:\xampp\htdocs\WMS3\system\CodeIgniter.php(436): CodeIgniter\CodeIgniter->runController(Object(App\Controllers\Dashboard))
#6 C:\xampp\htdocs\WMS3\system\CodeIgniter.php(336): CodeIgniter\CodeIgniter->handleRequest(NULL, Object(Config\Cache), false)
#7 C:\xampp\htdocs\WMS3\public\index.php(37): CodeIgniter\CodeIgniter->run()
#8 {main}
CRITICAL - 2021-09-07 13:52:37 --> Cannot use object of type stdClass as array
#0 C:\xampp\htdocs\WMS3\system\View\View.php(230): include()
#1 C:\xampp\htdocs\WMS3\system\View\View.php(232): CodeIgniter\View\View->CodeIgniter\View\{closure}()
#2 C:\xampp\htdocs\WMS3\system\Common.php(1271): CodeIgniter\View\View->render('admin/dashboard', Array, true)
#3 C:\xampp\htdocs\WMS3\app\Controllers\Dashboard.php(21): view('admin/dashboard', Array)
#4 C:\xampp\htdocs\WMS3\system\CodeIgniter.php(928): App\Controllers\Dashboard->index()
#5 C:\xampp\htdocs\WMS3\system\CodeIgniter.php(436): CodeIgniter\CodeIgniter->runController(Object(App\Controllers\Dashboard))
#6 C:\xampp\htdocs\WMS3\system\CodeIgniter.php(336): CodeIgniter\CodeIgniter->handleRequest(NULL, Object(Config\Cache), false)
#7 C:\xampp\htdocs\WMS3\public\index.php(37): CodeIgniter\CodeIgniter->run()
#8 {main}
CRITICAL - 2021-09-07 13:54:35 --> Cannot use object of type stdClass as array
#0 C:\xampp\htdocs\WMS3\system\View\View.php(230): include()
#1 C:\xampp\htdocs\WMS3\system\View\View.php(232): CodeIgniter\View\View->CodeIgniter\View\{closure}()
#2 C:\xampp\htdocs\WMS3\system\Common.php(1271): CodeIgniter\View\View->render('admin/dashboard', Array, true)
#3 C:\xampp\htdocs\WMS3\app\Controllers\Dashboard.php(21): view('admin/dashboard', Array)
#4 C:\xampp\htdocs\WMS3\system\CodeIgniter.php(928): App\Controllers\Dashboard->index()
#5 C:\xampp\htdocs\WMS3\system\CodeIgniter.php(436): CodeIgniter\CodeIgniter->runController(Object(App\Controllers\Dashboard))
#6 C:\xampp\htdocs\WMS3\system\CodeIgniter.php(336): CodeIgniter\CodeIgniter->handleRequest(NULL, Object(Config\Cache), false)
#7 C:\xampp\htdocs\WMS3\public\index.php(37): CodeIgniter\CodeIgniter->run()
#8 {main}
CRITICAL - 2021-09-07 13:56:26 --> Undefined array key "waste"
#0 C:\xampp\htdocs\WMS3\app\Controllers\Dashboard.php(29): CodeIgniter\Debug\Exceptions->errorHandler(2, 'Undefined array...', 'C:\\xampp\\htdocs...', 29)
#1 C:\xampp\htdocs\WMS3\system\CodeIgniter.php(928): App\Controllers\Dashboard->Demo()
#2 C:\xampp\htdocs\WMS3\system\CodeIgniter.php(436): CodeIgniter\CodeIgniter->runController(Object(App\Controllers\Dashboard))
#3 C:\xampp\htdocs\WMS3\system\CodeIgniter.php(336): CodeIgniter\CodeIgniter->handleRequest(NULL, Object(Config\Cache), false)
#4 C:\xampp\htdocs\WMS3\public\index.php(37): CodeIgniter\CodeIgniter->run()
#5 {main}
CRITICAL - 2021-09-07 13:56:35 --> Undefined array key "wasteName"
#0 C:\xampp\htdocs\WMS3\app\Controllers\Dashboard.php(29): CodeIgniter\Debug\Exceptions->errorHandler(2, 'Undefined array...', 'C:\\xampp\\htdocs...', 29)
#1 C:\xampp\htdocs\WMS3\system\CodeIgniter.php(928): App\Controllers\Dashboard->Demo()
#2 C:\xampp\htdocs\WMS3\system\CodeIgniter.php(436): CodeIgniter\CodeIgniter->runController(Object(App\Controllers\Dashboard))
#3 C:\xampp\htdocs\WMS3\system\CodeIgniter.php(336): CodeIgniter\CodeIgniter->handleRequest(NULL, Object(Config\Cache), false)
#4 C:\xampp\htdocs\WMS3\public\index.php(37): CodeIgniter\CodeIgniter->run()
#5 {main}
CRITICAL - 2021-09-07 13:57:06 --> Undefined array key "wasteName"
#0 C:\xampp\htdocs\WMS3\app\Controllers\Dashboard.php(29): CodeIgniter\Debug\Exceptions->errorHandler(2, 'Undefined array...', 'C:\\xampp\\htdocs...', 29)
#1 C:\xampp\htdocs\WMS3\system\CodeIgniter.php(928): App\Controllers\Dashboard->Demo()
#2 C:\xampp\htdocs\WMS3\system\CodeIgniter.php(436): CodeIgniter\CodeIgniter->runController(Object(App\Controllers\Dashboard))
#3 C:\xampp\htdocs\WMS3\system\CodeIgniter.php(336): CodeIgniter\CodeIgniter->handleRequest(NULL, Object(Config\Cache), false)
#4 C:\xampp\htdocs\WMS3\public\index.php(37): CodeIgniter\CodeIgniter->run()
#5 {main}
CRITICAL - 2021-09-07 13:57:06 --> Undefined array key "wasteName"
#0 C:\xampp\htdocs\WMS3\app\Controllers\Dashboard.php(29): CodeIgniter\Debug\Exceptions->errorHandler(2, 'Undefined array...', 'C:\\xampp\\htdocs...', 29)
#1 C:\xampp\htdocs\WMS3\system\CodeIgniter.php(928): App\Controllers\Dashboard->Demo()
#2 C:\xampp\htdocs\WMS3\system\CodeIgniter.php(436): CodeIgniter\CodeIgniter->runController(Object(App\Controllers\Dashboard))
#3 C:\xampp\htdocs\WMS3\system\CodeIgniter.php(336): CodeIgniter\CodeIgniter->handleRequest(NULL, Object(Config\Cache), false)
#4 C:\xampp\htdocs\WMS3\public\index.php(37): CodeIgniter\CodeIgniter->run()
#5 {main}
ERROR - 2021-09-07 14:06:07 --> Unknown column 'dateSub' in 'where clause'
CRITICAL - 2021-09-07 14:06:07 --> Unknown column 'dateSub' in 'where clause'
#0 C:\xampp\htdocs\WMS3\system\Database\MySQLi\Connection.php(329): mysqli->query('SELECT SUM(ROUN...')
#1 C:\xampp\htdocs\WMS3\system\Database\BaseConnection.php(732): CodeIgniter\Database\MySQLi\Connection->execute('SELECT SUM(ROUN...')
#2 C:\xampp\htdocs\WMS3\system\Database\BaseConnection.php(647): CodeIgniter\Database\BaseConnection->simpleQuery('SELECT SUM(ROUN...')
#3 C:\xampp\htdocs\WMS3\system\Database\BaseBuilder.php(1881): CodeIgniter\Database\BaseConnection->query('SELECT SUM(ROUN...', Array, false)
#4 C:\xampp\htdocs\WMS3\system\Model.php(800): CodeIgniter\Database\BaseBuilder->get()
#5 C:\xampp\htdocs\WMS3\app\Models\Dashboard\Barangay.php(69): CodeIgniter\Model->__call('get', Array)
#6 C:\xampp\htdocs\WMS3\app\Controllers\Dashboard.php(19): App\Models\Dashboard\Barangay->DailyWaste()
#7 C:\xampp\htdocs\WMS3\system\CodeIgniter.php(928): App\Controllers\Dashboard->index()
#8 C:\xampp\htdocs\WMS3\system\CodeIgniter.php(436): CodeIgniter\CodeIgniter->runController(Object(App\Controllers\Dashboard))
#9 C:\xampp\htdocs\WMS3\system\CodeIgniter.php(336): CodeIgniter\CodeIgniter->handleRequest(NULL, Object(Config\Cache), false)
#10 C:\xampp\htdocs\WMS3\public\index.php(37): CodeIgniter\CodeIgniter->run()
#11 {main}
ERROR - 2021-09-07 14:06:28 --> Unknown column 'dateSub' in 'where clause'
CRITICAL - 2021-09-07 14:06:28 --> Unknown column 'dateSub' in 'where clause'
#0 C:\xampp\htdocs\WMS3\system\Database\MySQLi\Connection.php(329): mysqli->query('SELECT SUM(ROUN...')
#1 C:\xampp\htdocs\WMS3\system\Database\BaseConnection.php(732): CodeIgniter\Database\MySQLi\Connection->execute('SELECT SUM(ROUN...')
#2 C:\xampp\htdocs\WMS3\system\Database\BaseConnection.php(647): CodeIgniter\Database\BaseConnection->simpleQuery('SELECT SUM(ROUN...')
#3 C:\xampp\htdocs\WMS3\system\Database\BaseBuilder.php(1881): CodeIgniter\Database\BaseConnection->query('SELECT SUM(ROUN...', Array, false)
#4 C:\xampp\htdocs\WMS3\system\Model.php(800): CodeIgniter\Database\BaseBuilder->get()
#5 C:\xampp\htdocs\WMS3\app\Models\Dashboard\Barangay.php(69): CodeIgniter\Model->__call('get', Array)
#6 C:\xampp\htdocs\WMS3\app\Controllers\Dashboard.php(19): App\Models\Dashboard\Barangay->DailyWaste()
#7 C:\xampp\htdocs\WMS3\system\CodeIgniter.php(928): App\Controllers\Dashboard->index()
#8 C:\xampp\htdocs\WMS3\system\CodeIgniter.php(436): CodeIgniter\CodeIgniter->runController(Object(App\Controllers\Dashboard))
#9 C:\xampp\htdocs\WMS3\system\CodeIgniter.php(336): CodeIgniter\CodeIgniter->handleRequest(NULL, Object(Config\Cache), false)
#10 C:\xampp\htdocs\WMS3\public\index.php(37): CodeIgniter\CodeIgniter->run()
#11 {main}
ERROR - 2021-09-07 17:07:54 --> Unknown column 'waste_brgy.waste_type' in 'field list'
CRITICAL - 2021-09-07 17:07:54 --> Unknown column 'waste_brgy.waste_type' in 'field list'
#0 C:\xampp\htdocs\WMS3\system\Database\MySQLi\Connection.php(329): mysqli->query('SELECT SUM(ROUN...')
#1 C:\xampp\htdocs\WMS3\system\Database\BaseConnection.php(732): CodeIgniter\Database\MySQLi\Connection->execute('SELECT SUM(ROUN...')
#2 C:\xampp\htdocs\WMS3\system\Database\BaseConnection.php(647): CodeIgniter\Database\BaseConnection->simpleQuery('SELECT SUM(ROUN...')
#3 C:\xampp\htdocs\WMS3\system\Database\BaseBuilder.php(1881): CodeIgniter\Database\BaseConnection->query('SELECT SUM(ROUN...', Array, false)
#4 C:\xampp\htdocs\WMS3\system\Model.php(800): CodeIgniter\Database\BaseBuilder->get()
#5 C:\xampp\htdocs\WMS3\app\Models\Dashboard\Dumpsite.php(69): CodeIgniter\Model->__call('get', Array)
#6 C:\xampp\htdocs\WMS3\app\Controllers\Dashboard.php(26): App\Models\Dashboard\Dumpsite->DailyWaste()
#7 C:\xampp\htdocs\WMS3\system\CodeIgniter.php(928): App\Controllers\Dashboard->index()
#8 C:\xampp\htdocs\WMS3\system\CodeIgniter.php(436): CodeIgniter\CodeIgniter->runController(Object(App\Controllers\Dashboard))
#9 C:\xampp\htdocs\WMS3\system\CodeIgniter.php(336): CodeIgniter\CodeIgniter->handleRequest(NULL, Object(Config\Cache), false)
#10 C:\xampp\htdocs\WMS3\public\index.php(37): CodeIgniter\CodeIgniter->run()
#11 {main}
ERROR - 2021-09-07 17:08:34 --> Column 'created_at' in where clause is ambiguous
CRITICAL - 2021-09-07 17:08:34 --> Column 'created_at' in where clause is ambiguous
#0 C:\xampp\htdocs\WMS3\system\Database\MySQLi\Connection.php(329): mysqli->query('SELECT SUM(ROUN...')
#1 C:\xampp\htdocs\WMS3\system\Database\BaseConnection.php(732): CodeIgniter\Database\MySQLi\Connection->execute('SELECT SUM(ROUN...')
#2 C:\xampp\htdocs\WMS3\system\Database\BaseConnection.php(647): CodeIgniter\Database\BaseConnection->simpleQuery('SELECT SUM(ROUN...')
#3 C:\xampp\htdocs\WMS3\system\Database\BaseBuilder.php(1881): CodeIgniter\Database\BaseConnection->query('SELECT SUM(ROUN...', Array, false)
#4 C:\xampp\htdocs\WMS3\system\Model.php(800): CodeIgniter\Database\BaseBuilder->get()
#5 C:\xampp\htdocs\WMS3\app\Models\Dashboard\Dumpsite.php(69): CodeIgniter\Model->__call('get', Array)
#6 C:\xampp\htdocs\WMS3\app\Controllers\Dashboard.php(26): App\Models\Dashboard\Dumpsite->DailyWaste()
#7 C:\xampp\htdocs\WMS3\system\CodeIgniter.php(928): App\Controllers\Dashboard->index()
#8 C:\xampp\htdocs\WMS3\system\CodeIgniter.php(436): CodeIgniter\CodeIgniter->runController(Object(App\Controllers\Dashboard))
#9 C:\xampp\htdocs\WMS3\system\CodeIgniter.php(336): CodeIgniter\CodeIgniter->handleRequest(NULL, Object(Config\Cache), false)
#10 C:\xampp\htdocs\WMS3\public\index.php(37): CodeIgniter\CodeIgniter->run()
#11 {main}
ERROR - 2021-09-07 17:08:35 --> Column 'created_at' in where clause is ambiguous
CRITICAL - 2021-09-07 17:08:35 --> Column 'created_at' in where clause is ambiguous
#0 C:\xampp\htdocs\WMS3\system\Database\MySQLi\Connection.php(329): mysqli->query('SELECT SUM(ROUN...')
#1 C:\xampp\htdocs\WMS3\system\Database\BaseConnection.php(732): CodeIgniter\Database\MySQLi\Connection->execute('SELECT SUM(ROUN...')
#2 C:\xampp\htdocs\WMS3\system\Database\BaseConnection.php(647): CodeIgniter\Database\BaseConnection->simpleQuery('SELECT SUM(ROUN...')
#3 C:\xampp\htdocs\WMS3\system\Database\BaseBuilder.php(1881): CodeIgniter\Database\BaseConnection->query('SELECT SUM(ROUN...', Array, false)
#4 C:\xampp\htdocs\WMS3\system\Model.php(800): CodeIgniter\Database\BaseBuilder->get()
#5 C:\xampp\htdocs\WMS3\app\Models\Dashboard\Dumpsite.php(69): CodeIgniter\Model->__call('get', Array)
#6 C:\xampp\htdocs\WMS3\app\Controllers\Dashboard.php(26): App\Models\Dashboard\Dumpsite->DailyWaste()
#7 C:\xampp\htdocs\WMS3\system\CodeIgniter.php(928): App\Controllers\Dashboard->index()
#8 C:\xampp\htdocs\WMS3\system\CodeIgniter.php(436): CodeIgniter\CodeIgniter->runController(Object(App\Controllers\Dashboard))
#9 C:\xampp\htdocs\WMS3\system\CodeIgniter.php(336): CodeIgniter\CodeIgniter->handleRequest(NULL, Object(Config\Cache), false)
#10 C:\xampp\htdocs\WMS3\public\index.php(37): CodeIgniter\CodeIgniter->run()
#11 {main}
CRITICAL - 2021-09-07 17:09:21 --> Unsupported operand types: array / int
#0 C:\xampp\htdocs\WMS3\system\View\View.php(230): include()
#1 C:\xampp\htdocs\WMS3\system\View\View.php(232): CodeIgniter\View\View->CodeIgniter\View\{closure}()
#2 C:\xampp\htdocs\WMS3\system\Common.php(1271): CodeIgniter\View\View->render('admin/dashboard', Array, true)
#3 C:\xampp\htdocs\WMS3\app\Controllers\Dashboard.php(27): view('admin/dashboard', Array)
#4 C:\xampp\htdocs\WMS3\system\CodeIgniter.php(928): App\Controllers\Dashboard->index()
#5 C:\xampp\htdocs\WMS3\system\CodeIgniter.php(436): CodeIgniter\CodeIgniter->runController(Object(App\Controllers\Dashboard))
#6 C:\xampp\htdocs\WMS3\system\CodeIgniter.php(336): CodeIgniter\CodeIgniter->handleRequest(NULL, Object(Config\Cache), false)
#7 C:\xampp\htdocs\WMS3\public\index.php(37): CodeIgniter\CodeIgniter->run()
#8 {main}
CRITICAL - 2021-09-07 17:09:21 --> Unsupported operand types: array / int
#0 C:\xampp\htdocs\WMS3\system\View\View.php(230): include()
#1 C:\xampp\htdocs\WMS3\system\View\View.php(232): CodeIgniter\View\View->CodeIgniter\View\{closure}()
#2 C:\xampp\htdocs\WMS3\system\Common.php(1271): CodeIgniter\View\View->render('admin/dashboard', Array, true)
#3 C:\xampp\htdocs\WMS3\app\Controllers\Dashboard.php(27): view('admin/dashboard', Array)
#4 C:\xampp\htdocs\WMS3\system\CodeIgniter.php(928): App\Controllers\Dashboard->index()
#5 C:\xampp\htdocs\WMS3\system\CodeIgniter.php(436): CodeIgniter\CodeIgniter->runController(Object(App\Controllers\Dashboard))
#6 C:\xampp\htdocs\WMS3\system\CodeIgniter.php(336): CodeIgniter\CodeIgniter->handleRequest(NULL, Object(Config\Cache), false)
#7 C:\xampp\htdocs\WMS3\public\index.php(37): CodeIgniter\CodeIgniter->run()
#8 {main}
CRITICAL - 2021-09-07 17:15:31 --> Undefined array key "volume"
#0 C:\xampp\htdocs\WMS3\app\Views\admin\dashboard.php(116): CodeIgniter\Debug\Exceptions->errorHandler(2, 'Undefined array...', 'C:\\xampp\\htdocs...', 116)
#1 C:\xampp\htdocs\WMS3\system\View\View.php(230): include('C:\\xampp\\htdocs...')
#2 C:\xampp\htdocs\WMS3\system\View\View.php(232): CodeIgniter\View\View->CodeIgniter\View\{closure}()
#3 C:\xampp\htdocs\WMS3\system\Common.php(1271): CodeIgniter\View\View->render('admin/dashboard', Array, true)
#4 C:\xampp\htdocs\WMS3\app\Controllers\Dashboard.php(27): view('admin/dashboard', Array)
#5 C:\xampp\htdocs\WMS3\system\CodeIgniter.php(928): App\Controllers\Dashboard->index()
#6 C:\xampp\htdocs\WMS3\system\CodeIgniter.php(436): CodeIgniter\CodeIgniter->runController(Object(App\Controllers\Dashboard))
#7 C:\xampp\htdocs\WMS3\system\CodeIgniter.php(336): CodeIgniter\CodeIgniter->handleRequest(NULL, Object(Config\Cache), false)
#8 C:\xampp\htdocs\WMS3\public\index.php(37): CodeIgniter\CodeIgniter->run()
#9 {main}
CRITICAL - 2021-09-07 17:15:54 --> Undefined array key "waste_name"
#0 C:\xampp\htdocs\WMS3\app\Views\admin\dashboard.php(119): CodeIgniter\Debug\Exceptions->errorHandler(2, 'Undefined array...', 'C:\\xampp\\htdocs...', 119)
#1 C:\xampp\htdocs\WMS3\system\View\View.php(230): include('C:\\xampp\\htdocs...')
#2 C:\xampp\htdocs\WMS3\system\View\View.php(232): CodeIgniter\View\View->CodeIgniter\View\{closure}()
#3 C:\xampp\htdocs\WMS3\system\Common.php(1271): CodeIgniter\View\View->render('admin/dashboard', Array, true)
#4 C:\xampp\htdocs\WMS3\app\Controllers\Dashboard.php(27): view('admin/dashboard', Array)
#5 C:\xampp\htdocs\WMS3\system\CodeIgniter.php(928): App\Controllers\Dashboard->index()
#6 C:\xampp\htdocs\WMS3\system\CodeIgniter.php(436): CodeIgniter\CodeIgniter->runController(Object(App\Controllers\Dashboard))
#7 C:\xampp\htdocs\WMS3\system\CodeIgniter.php(336): CodeIgniter\CodeIgniter->handleRequest(NULL, Object(Config\Cache), false)
#8 C:\xampp\htdocs\WMS3\public\index.php(37): CodeIgniter\CodeIgniter->run()
#9 {main}
CRITICAL - 2021-09-07 17:15:55 --> Undefined array key "waste_name"
#0 C:\xampp\htdocs\WMS3\app\Views\admin\dashboard.php(119): CodeIgniter\Debug\Exceptions->errorHandler(2, 'Undefined array...', 'C:\\xampp\\htdocs...', 119)
#1 C:\xampp\htdocs\WMS3\system\View\View.php(230): include('C:\\xampp\\htdocs...')
#2 C:\xampp\htdocs\WMS3\system\View\View.php(232): CodeIgniter\View\View->CodeIgniter\View\{closure}()
#3 C:\xampp\htdocs\WMS3\system\Common.php(1271): CodeIgniter\View\View->render('admin/dashboard', Array, true)
#4 C:\xampp\htdocs\WMS3\app\Controllers\Dashboard.php(27): view('admin/dashboard', Array)
#5 C:\xampp\htdocs\WMS3\system\CodeIgniter.php(928): App\Controllers\Dashboard->index()
#6 C:\xampp\htdocs\WMS3\system\CodeIgniter.php(436): CodeIgniter\CodeIgniter->runController(Object(App\Controllers\Dashboard))
#7 C:\xampp\htdocs\WMS3\system\CodeIgniter.php(336): CodeIgniter\CodeIgniter->handleRequest(NULL, Object(Config\Cache), false)
#8 C:\xampp\htdocs\WMS3\public\index.php(37): CodeIgniter\CodeIgniter->run()
#9 {main}
CRITICAL - 2021-09-07 05:14:42 --> Undefined array key "created_at"
#0 C:\xampp\htdocs\WMS3\app\Controllers\Dashboard.php(47): CodeIgniter\Debug\Exceptions->errorHandler(2, 'Undefined array...', 'C:\\xampp\\htdocs...', 47)
#1 C:\xampp\htdocs\WMS3\system\CodeIgniter.php(928): App\Controllers\Dashboard->chartData()
#2 C:\xampp\htdocs\WMS3\system\CodeIgniter.php(436): CodeIgniter\CodeIgniter->runController(Object(App\Controllers\Dashboard))
#3 C:\xampp\htdocs\WMS3\system\CodeIgniter.php(336): CodeIgniter\CodeIgniter->handleRequest(NULL, Object(Config\Cache), false)
#4 C:\xampp\htdocs\WMS3\public\index.php(37): CodeIgniter\CodeIgniter->run()
#5 {main}
CRITICAL - 2021-09-07 05:14:51 --> Undefined array key "volume"
#0 C:\xampp\htdocs\WMS3\app\Controllers\Dashboard.php(48): CodeIgniter\Debug\Exceptions->errorHandler(2, 'Undefined array...', 'C:\\xampp\\htdocs...', 48)
#1 C:\xampp\htdocs\WMS3\system\CodeIgniter.php(928): App\Controllers\Dashboard->chartData()
#2 C:\xampp\htdocs\WMS3\system\CodeIgniter.php(436): CodeIgniter\CodeIgniter->runController(Object(App\Controllers\Dashboard))
#3 C:\xampp\htdocs\WMS3\system\CodeIgniter.php(336): CodeIgniter\CodeIgniter->handleRequest(NULL, Object(Config\Cache), false)
#4 C:\xampp\htdocs\WMS3\public\index.php(37): CodeIgniter\CodeIgniter->run()
#5 {main}
CRITICAL - 2021-09-07 05:16:55 --> Undefined array key "volume"
#0 C:\xampp\htdocs\WMS3\app\Controllers\Dashboard.php(48): CodeIgniter\Debug\Exceptions->errorHandler(2, 'Undefined array...', 'C:\\xampp\\htdocs...', 48)
#1 C:\xampp\htdocs\WMS3\system\CodeIgniter.php(928): App\Controllers\Dashboard->chartData()
#2 C:\xampp\htdocs\WMS3\system\CodeIgniter.php(436): CodeIgniter\CodeIgniter->runController(Object(App\Controllers\Dashboard))
#3 C:\xampp\htdocs\WMS3\system\CodeIgniter.php(336): CodeIgniter\CodeIgniter->handleRequest(NULL, Object(Config\Cache), false)
#4 C:\xampp\htdocs\WMS3\public\index.php(37): CodeIgniter\CodeIgniter->run()
#5 {main}
CRITICAL - 2021-09-07 19:04:57 --> Undefined array key "waste"
#0 C:\xampp\htdocs\WMS3\app\Views\admin\dashboard.php(184): CodeIgniter\Debug\Exceptions->errorHandler(2, 'Undefined array...', 'C:\\xampp\\htdocs...', 184)
#1 C:\xampp\htdocs\WMS3\system\View\View.php(230): include('C:\\xampp\\htdocs...')
#2 C:\xampp\htdocs\WMS3\system\View\View.php(232): CodeIgniter\View\View->CodeIgniter\View\{closure}()
#3 C:\xampp\htdocs\WMS3\system\Common.php(1271): CodeIgniter\View\View->render('admin/dashboard', Array, true)
#4 C:\xampp\htdocs\WMS3\app\Controllers\Dashboard.php(31): view('admin/dashboard', Array)
#5 C:\xampp\htdocs\WMS3\system\CodeIgniter.php(928): App\Controllers\Dashboard->index()
#6 C:\xampp\htdocs\WMS3\system\CodeIgniter.php(436): CodeIgniter\CodeIgniter->runController(Object(App\Controllers\Dashboard))
#7 C:\xampp\htdocs\WMS3\system\CodeIgniter.php(336): CodeIgniter\CodeIgniter->handleRequest(NULL, Object(Config\Cache), false)
#8 C:\xampp\htdocs\WMS3\public\index.php(37): CodeIgniter\CodeIgniter->run()
#9 {main}
ERROR - 2021-09-07 06:08:14 --> FUNCTION dbwms.ROUNT does not exist
CRITICAL - 2021-09-07 06:08:14 --> FUNCTION dbwms.ROUNT does not exist
#0 C:\xampp\htdocs\WMS3\system\Database\MySQLi\Connection.php(329): mysqli->query('SELECT DATE(cre...')
#1 C:\xampp\htdocs\WMS3\system\Database\BaseConnection.php(732): CodeIgniter\Database\MySQLi\Connection->execute('SELECT DATE(cre...')
#2 C:\xampp\htdocs\WMS3\system\Database\BaseConnection.php(647): CodeIgniter\Database\BaseConnection->simpleQuery('SELECT DATE(cre...')
#3 C:\xampp\htdocs\WMS3\system\Database\BaseBuilder.php(1881): CodeIgniter\Database\BaseConnection->query('SELECT DATE(cre...', Array, false)
#4 C:\xampp\htdocs\WMS3\system\Model.php(800): CodeIgniter\Database\BaseBuilder->get()
#5 C:\xampp\htdocs\WMS3\app\Models\Dashboard\ChartModel.php(65): CodeIgniter\Model->__call('get', Array)
#6 C:\xampp\htdocs\WMS3\app\Controllers\Dashboard.php(44): App\Models\Dashboard\ChartModel->fetch_chart_data(Array)
#7 C:\xampp\htdocs\WMS3\system\CodeIgniter.php(928): App\Controllers\Dashboard->chartData()
#8 C:\xampp\htdocs\WMS3\system\CodeIgniter.php(436): CodeIgniter\CodeIgniter->runController(Object(App\Controllers\Dashboard))
#9 C:\xampp\htdocs\WMS3\system\CodeIgniter.php(336): CodeIgniter\CodeIgniter->handleRequest(NULL, Object(Config\Cache), false)
#10 C:\xampp\htdocs\WMS3\public\index.php(37): CodeIgniter\CodeIgniter->run()
#11 {main}
ERROR - 2021-09-07 06:08:16 --> FUNCTION dbwms.ROUNT does not exist
CRITICAL - 2021-09-07 06:08:16 --> FUNCTION dbwms.ROUNT does not exist
#0 C:\xampp\htdocs\WMS3\system\Database\MySQLi\Connection.php(329): mysqli->query('SELECT DATE(cre...')
#1 C:\xampp\htdocs\WMS3\system\Database\BaseConnection.php(732): CodeIgniter\Database\MySQLi\Connection->execute('SELECT DATE(cre...')
#2 C:\xampp\htdocs\WMS3\system\Database\BaseConnection.php(647): CodeIgniter\Database\BaseConnection->simpleQuery('SELECT DATE(cre...')
#3 C:\xampp\htdocs\WMS3\system\Database\BaseBuilder.php(1881): CodeIgniter\Database\BaseConnection->query('SELECT DATE(cre...', Array, false)
#4 C:\xampp\htdocs\WMS3\system\Model.php(800): CodeIgniter\Database\BaseBuilder->get()
#5 C:\xampp\htdocs\WMS3\app\Models\Dashboard\ChartModel.php(65): CodeIgniter\Model->__call('get', Array)
#6 C:\xampp\htdocs\WMS3\app\Controllers\Dashboard.php(44): App\Models\Dashboard\ChartModel->fetch_chart_data(Array)
#7 C:\xampp\htdocs\WMS3\system\CodeIgniter.php(928): App\Controllers\Dashboard->chartData()
#8 C:\xampp\htdocs\WMS3\system\CodeIgniter.php(436): CodeIgniter\CodeIgniter->runController(Object(App\Controllers\Dashboard))
#9 C:\xampp\htdocs\WMS3\system\CodeIgniter.php(336): CodeIgniter\CodeIgniter->handleRequest(NULL, Object(Config\Cache), false)
#10 C:\xampp\htdocs\WMS3\public\index.php(37): CodeIgniter\CodeIgniter->run()
#11 {main}
ERROR - 2021-09-07 06:08:55 --> FUNCTION dbwms.ROUNT does not exist
CRITICAL - 2021-09-07 06:08:55 --> FUNCTION dbwms.ROUNT does not exist
#0 C:\xampp\htdocs\WMS3\system\Database\MySQLi\Connection.php(329): mysqli->query('SELECT DATE(cre...')
#1 C:\xampp\htdocs\WMS3\system\Database\BaseConnection.php(732): CodeIgniter\Database\MySQLi\Connection->execute('SELECT DATE(cre...')
#2 C:\xampp\htdocs\WMS3\system\Database\BaseConnection.php(647): CodeIgniter\Database\BaseConnection->simpleQuery('SELECT DATE(cre...')
#3 C:\xampp\htdocs\WMS3\system\Database\BaseBuilder.php(1881): CodeIgniter\Database\BaseConnection->query('SELECT DATE(cre...', Array, false)
#4 C:\xampp\htdocs\WMS3\system\Model.php(800): CodeIgniter\Database\BaseBuilder->get()
#5 C:\xampp\htdocs\WMS3\app\Models\Dashboard\ChartModel.php(65): CodeIgniter\Model->__call('get', Array)
#6 C:\xampp\htdocs\WMS3\app\Controllers\Dashboard.php(44): App\Models\Dashboard\ChartModel->fetch_chart_data(Array)
#7 C:\xampp\htdocs\WMS3\system\CodeIgniter.php(928): App\Controllers\Dashboard->chartData()
#8 C:\xampp\htdocs\WMS3\system\CodeIgniter.php(436): CodeIgniter\CodeIgniter->runController(Object(App\Controllers\Dashboard))
#9 C:\xampp\htdocs\WMS3\system\CodeIgniter.php(336): CodeIgniter\CodeIgniter->handleRequest(NULL, Object(Config\Cache), false)
#10 C:\xampp\htdocs\WMS3\public\index.php(37): CodeIgniter\CodeIgniter->run()
#11 {main}
CRITICAL - 2021-09-07 06:26:53 --> Array to string conversion
#0 C:\xampp\htdocs\WMS3\app\Models\Dashboard\ChartModel.php(60): CodeIgniter\Debug\Exceptions->errorHandler(2, 'Array to string...', 'C:\\xampp\\htdocs...', 60)
#1 C:\xampp\htdocs\WMS3\app\Controllers\Dashboard.php(44): App\Models\Dashboard\ChartModel->fetch_chart_data(Array)
#2 C:\xampp\htdocs\WMS3\system\CodeIgniter.php(928): App\Controllers\Dashboard->chartData()
#3 C:\xampp\htdocs\WMS3\system\CodeIgniter.php(436): CodeIgniter\CodeIgniter->runController(Object(App\Controllers\Dashboard))
#4 C:\xampp\htdocs\WMS3\system\CodeIgniter.php(336): CodeIgniter\CodeIgniter->handleRequest(NULL, Object(Config\Cache), false)
#5 C:\xampp\htdocs\WMS3\public\index.php(37): CodeIgniter\CodeIgniter->run()
#6 {main}
CRITICAL - 2021-09-07 06:26:57 --> Array to string conversion
#0 C:\xampp\htdocs\WMS3\app\Models\Dashboard\ChartModel.php(60): CodeIgniter\Debug\Exceptions->errorHandler(2, 'Array to string...', 'C:\\xampp\\htdocs...', 60)
#1 C:\xampp\htdocs\WMS3\app\Controllers\Dashboard.php(44): App\Models\Dashboard\ChartModel->fetch_chart_data(Array)
#2 C:\xampp\htdocs\WMS3\system\CodeIgniter.php(928): App\Controllers\Dashboard->chartData()
#3 C:\xampp\htdocs\WMS3\system\CodeIgniter.php(436): CodeIgniter\CodeIgniter->runController(Object(App\Controllers\Dashboard))
#4 C:\xampp\htdocs\WMS3\system\CodeIgniter.php(336): CodeIgniter\CodeIgniter->handleRequest(NULL, Object(Config\Cache), false)
#5 C:\xampp\htdocs\WMS3\public\index.php(37): CodeIgniter\CodeIgniter->run()
#6 {main}
CRITICAL - 2021-09-07 06:27:23 --> Array to string conversion
#0 C:\xampp\htdocs\WMS3\app\Models\Dashboard\ChartModel.php(60): CodeIgniter\Debug\Exceptions->errorHandler(2, 'Array to string...', 'C:\\xampp\\htdocs...', 60)
#1 C:\xampp\htdocs\WMS3\app\Controllers\Dashboard.php(44): App\Models\Dashboard\ChartModel->fetch_chart_data(Array)
#2 C:\xampp\htdocs\WMS3\system\CodeIgniter.php(928): App\Controllers\Dashboard->chartData()
#3 C:\xampp\htdocs\WMS3\system\CodeIgniter.php(436): CodeIgniter\CodeIgniter->runController(Object(App\Controllers\Dashboard))
#4 C:\xampp\htdocs\WMS3\system\CodeIgniter.php(336): CodeIgniter\CodeIgniter->handleRequest(NULL, Object(Config\Cache), false)
#5 C:\xampp\htdocs\WMS3\public\index.php(37): CodeIgniter\CodeIgniter->run()
#6 {main}
CRITICAL - 2021-09-07 06:27:26 --> Array to string conversion
#0 C:\xampp\htdocs\WMS3\app\Models\Dashboard\ChartModel.php(60): CodeIgniter\Debug\Exceptions->errorHandler(2, 'Array to string...', 'C:\\xampp\\htdocs...', 60)
#1 C:\xampp\htdocs\WMS3\app\Controllers\Dashboard.php(44): App\Models\Dashboard\ChartModel->fetch_chart_data(Array)
#2 C:\xampp\htdocs\WMS3\system\CodeIgniter.php(928): App\Controllers\Dashboard->chartData()
#3 C:\xampp\htdocs\WMS3\system\CodeIgniter.php(436): CodeIgniter\CodeIgniter->runController(Object(App\Controllers\Dashboard))
#4 C:\xampp\htdocs\WMS3\system\CodeIgniter.php(336): CodeIgniter\CodeIgniter->handleRequest(NULL, Object(Config\Cache), false)
#5 C:\xampp\htdocs\WMS3\public\index.php(37): CodeIgniter\CodeIgniter->run()
#6 {main}
CRITICAL - 2021-09-07 06:28:13 --> Array to string conversion
#0 C:\xampp\htdocs\WMS3\app\Models\Dashboard\ChartModel.php(61): CodeIgniter\Debug\Exceptions->errorHandler(2, 'Array to string...', 'C:\\xampp\\htdocs...', 61)
#1 C:\xampp\htdocs\WMS3\app\Controllers\Dashboard.php(44): App\Models\Dashboard\ChartModel->fetch_chart_data(Array)
#2 C:\xampp\htdocs\WMS3\system\CodeIgniter.php(928): App\Controllers\Dashboard->chartData()
#3 C:\xampp\htdocs\WMS3\system\CodeIgniter.php(436): CodeIgniter\CodeIgniter->runController(Object(App\Controllers\Dashboard))
#4 C:\xampp\htdocs\WMS3\system\CodeIgniter.php(336): CodeIgniter\CodeIgniter->handleRequest(NULL, Object(Config\Cache), false)
#5 C:\xampp\htdocs\WMS3\public\index.php(37): CodeIgniter\CodeIgniter->run()
#6 {main}
CRITICAL - 2021-09-07 06:28:38 --> Array to string conversion
#0 C:\xampp\htdocs\WMS3\app\Models\Dashboard\ChartModel.php(61): CodeIgniter\Debug\Exceptions->errorHandler(2, 'Array to string...', 'C:\\xampp\\htdocs...', 61)
#1 C:\xampp\htdocs\WMS3\app\Controllers\Dashboard.php(44): App\Models\Dashboard\ChartModel->fetch_chart_data(Array)
#2 C:\xampp\htdocs\WMS3\system\CodeIgniter.php(928): App\Controllers\Dashboard->chartData()
#3 C:\xampp\htdocs\WMS3\system\CodeIgniter.php(436): CodeIgniter\CodeIgniter->runController(Object(App\Controllers\Dashboard))
#4 C:\xampp\htdocs\WMS3\system\CodeIgniter.php(336): CodeIgniter\CodeIgniter->handleRequest(NULL, Object(Config\Cache), false)
#5 C:\xampp\htdocs\WMS3\public\index.php(37): CodeIgniter\CodeIgniter->run()
#6 {main}
ERROR - 2021-09-07 06:29:31 --> Unknown column 'Biodegradable' in 'where clause'
CRITICAL - 2021-09-07 06:29:31 --> Unknown column 'Biodegradable' in 'where clause'
#0 C:\xampp\htdocs\WMS3\system\Database\MySQLi\Connection.php(329): mysqli->query('SELECT DAYNAME(...')
#1 C:\xampp\htdocs\WMS3\system\Database\BaseConnection.php(732): CodeIgniter\Database\MySQLi\Connection->execute('SELECT DAYNAME(...')
#2 C:\xampp\htdocs\WMS3\system\Database\BaseConnection.php(647): CodeIgniter\Database\BaseConnection->simpleQuery('SELECT DAYNAME(...')
#3 C:\xampp\htdocs\WMS3\system\Database\BaseBuilder.php(1881): CodeIgniter\Database\BaseConnection->query('SELECT DAYNAME(...', Array, false)
#4 C:\xampp\htdocs\WMS3\system\Model.php(800): CodeIgniter\Database\BaseBuilder->get()
#5 C:\xampp\htdocs\WMS3\app\Models\Dashboard\ChartModel.php(67): CodeIgniter\Model->__call('get', Array)
#6 C:\xampp\htdocs\WMS3\app\Controllers\Dashboard.php(44): App\Models\Dashboard\ChartModel->fetch_chart_data(Array)
#7 C:\xampp\htdocs\WMS3\system\CodeIgniter.php(928): App\Controllers\Dashboard->chartData()
#8 C:\xampp\htdocs\WMS3\system\CodeIgniter.php(436): CodeIgniter\CodeIgniter->runController(Object(App\Controllers\Dashboard))
#9 C:\xampp\htdocs\WMS3\system\CodeIgniter.php(336): CodeIgniter\CodeIgniter->handleRequest(NULL, Object(Config\Cache), false)
#10 C:\xampp\htdocs\WMS3\public\index.php(37): CodeIgniter\CodeIgniter->run()
#11 {main}
ERROR - 2021-09-07 06:29:32 --> Unknown column 'Biodegradable' in 'where clause'
CRITICAL - 2021-09-07 06:29:32 --> Unknown column 'Biodegradable' in 'where clause'
#0 C:\xampp\htdocs\WMS3\system\Database\MySQLi\Connection.php(329): mysqli->query('SELECT DAYNAME(...')
#1 C:\xampp\htdocs\WMS3\system\Database\BaseConnection.php(732): CodeIgniter\Database\MySQLi\Connection->execute('SELECT DAYNAME(...')
#2 C:\xampp\htdocs\WMS3\system\Database\BaseConnection.php(647): CodeIgniter\Database\BaseConnection->simpleQuery('SELECT DAYNAME(...')
#3 C:\xampp\htdocs\WMS3\system\Database\BaseBuilder.php(1881): CodeIgniter\Database\BaseConnection->query('SELECT DAYNAME(...', Array, false)
#4 C:\xampp\htdocs\WMS3\system\Model.php(800): CodeIgniter\Database\BaseBuilder->get()
#5 C:\xampp\htdocs\WMS3\app\Models\Dashboard\ChartModel.php(67): CodeIgniter\Model->__call('get', Array)
#6 C:\xampp\htdocs\WMS3\app\Controllers\Dashboard.php(44): App\Models\Dashboard\ChartModel->fetch_chart_data(Array)
#7 C:\xampp\htdocs\WMS3\system\CodeIgniter.php(928): App\Controllers\Dashboard->chartData()
#8 C:\xampp\htdocs\WMS3\system\CodeIgniter.php(436): CodeIgniter\CodeIgniter->runController(Object(App\Controllers\Dashboard))
#9 C:\xampp\htdocs\WMS3\system\CodeIgniter.php(336): CodeIgniter\CodeIgniter->handleRequest(NULL, Object(Config\Cache), false)
#10 C:\xampp\htdocs\WMS3\public\index.php(37): CodeIgniter\CodeIgniter->run()
#11 {main}
ERROR - 2021-09-07 06:29:32 --> Unknown column 'Biodegradable' in 'where clause'
CRITICAL - 2021-09-07 06:29:32 --> Unknown column 'Biodegradable' in 'where clause'
#0 C:\xampp\htdocs\WMS3\system\Database\MySQLi\Connection.php(329): mysqli->query('SELECT DAYNAME(...')
#1 C:\xampp\htdocs\WMS3\system\Database\BaseConnection.php(732): CodeIgniter\Database\MySQLi\Connection->execute('SELECT DAYNAME(...')
#2 C:\xampp\htdocs\WMS3\system\Database\BaseConnection.php(647): CodeIgniter\Database\BaseConnection->simpleQuery('SELECT DAYNAME(...')
#3 C:\xampp\htdocs\WMS3\system\Database\BaseBuilder.php(1881): CodeIgniter\Database\BaseConnection->query('SELECT DAYNAME(...', Array, false)
#4 C:\xampp\htdocs\WMS3\system\Model.php(800): CodeIgniter\Database\BaseBuilder->get()
#5 C:\xampp\htdocs\WMS3\app\Models\Dashboard\ChartModel.php(67): CodeIgniter\Model->__call('get', Array)
#6 C:\xampp\htdocs\WMS3\app\Controllers\Dashboard.php(44): App\Models\Dashboard\ChartModel->fetch_chart_data(Array)
#7 C:\xampp\htdocs\WMS3\system\CodeIgniter.php(928): App\Controllers\Dashboard->chartData()
#8 C:\xampp\htdocs\WMS3\system\CodeIgniter.php(436): CodeIgniter\CodeIgniter->runController(Object(App\Controllers\Dashboard))
#9 C:\xampp\htdocs\WMS3\system\CodeIgniter.php(336): CodeIgniter\CodeIgniter->handleRequest(NULL, Object(Config\Cache), false)
#10 C:\xampp\htdocs\WMS3\public\index.php(37): CodeIgniter\CodeIgniter->run()
#11 {main}
ERROR - 2021-09-07 06:29:33 --> Unknown column 'Biodegradable' in 'where clause'
CRITICAL - 2021-09-07 06:29:33 --> Unknown column 'Biodegradable' in 'where clause'
#0 C:\xampp\htdocs\WMS3\system\Database\MySQLi\Connection.php(329): mysqli->query('SELECT DAYNAME(...')
#1 C:\xampp\htdocs\WMS3\system\Database\BaseConnection.php(732): CodeIgniter\Database\MySQLi\Connection->execute('SELECT DAYNAME(...')
#2 C:\xampp\htdocs\WMS3\system\Database\BaseConnection.php(647): CodeIgniter\Database\BaseConnection->simpleQuery('SELECT DAYNAME(...')
#3 C:\xampp\htdocs\WMS3\system\Database\BaseBuilder.php(1881): CodeIgniter\Database\BaseConnection->query('SELECT DAYNAME(...', Array, false)
#4 C:\xampp\htdocs\WMS3\system\Model.php(800): CodeIgniter\Database\BaseBuilder->get()
#5 C:\xampp\htdocs\WMS3\app\Models\Dashboard\ChartModel.php(67): CodeIgniter\Model->__call('get', Array)
#6 C:\xampp\htdocs\WMS3\app\Controllers\Dashboard.php(44): App\Models\Dashboard\ChartModel->fetch_chart_data(Array)
#7 C:\xampp\htdocs\WMS3\system\CodeIgniter.php(928): App\Controllers\Dashboard->chartData()
#8 C:\xampp\htdocs\WMS3\system\CodeIgniter.php(436): CodeIgniter\CodeIgniter->runController(Object(App\Controllers\Dashboard))
#9 C:\xampp\htdocs\WMS3\system\CodeIgniter.php(336): CodeIgniter\CodeIgniter->handleRequest(NULL, Object(Config\Cache), false)
#10 C:\xampp\htdocs\WMS3\public\index.php(37): CodeIgniter\CodeIgniter->run()
#11 {main}
CRITICAL - 2021-09-07 06:30:08 --> Array to string conversion
#0 C:\xampp\htdocs\WMS3\app\Models\Dashboard\ChartModel.php(62): CodeIgniter\Debug\Exceptions->errorHandler(2, 'Array to string...', 'C:\\xampp\\htdocs...', 62)
#1 C:\xampp\htdocs\WMS3\app\Controllers\Dashboard.php(44): App\Models\Dashboard\ChartModel->fetch_chart_data(Array)
#2 C:\xampp\htdocs\WMS3\system\CodeIgniter.php(928): App\Controllers\Dashboard->chartData()
#3 C:\xampp\htdocs\WMS3\system\CodeIgniter.php(436): CodeIgniter\CodeIgniter->runController(Object(App\Controllers\Dashboard))
#4 C:\xampp\htdocs\WMS3\system\CodeIgniter.php(336): CodeIgniter\CodeIgniter->handleRequest(NULL, Object(Config\Cache), false)
#5 C:\xampp\htdocs\WMS3\public\index.php(37): CodeIgniter\CodeIgniter->run()
#6 {main}
CRITICAL - 2021-09-07 06:31:17 --> Undefined variable $output
#0 C:\xampp\htdocs\WMS3\app\Controllers\Dashboard.php(52): CodeIgniter\Debug\Exceptions->errorHandler(2, 'Undefined varia...', 'C:\\xampp\\htdocs...', 52)
#1 C:\xampp\htdocs\WMS3\system\CodeIgniter.php(928): App\Controllers\Dashboard->chartData()
#2 C:\xampp\htdocs\WMS3\system\CodeIgniter.php(436): CodeIgniter\CodeIgniter->runController(Object(App\Controllers\Dashboard))
#3 C:\xampp\htdocs\WMS3\system\CodeIgniter.php(336): CodeIgniter\CodeIgniter->handleRequest(NULL, Object(Config\Cache), false)
#4 C:\xampp\htdocs\WMS3\public\index.php(37): CodeIgniter\CodeIgniter->run()
#5 {main}
CRITICAL - 2021-09-07 06:31:51 --> Undefined variable $output
#0 C:\xampp\htdocs\WMS3\app\Controllers\Dashboard.php(52): CodeIgniter\Debug\Exceptions->errorHandler(2, 'Undefined varia...', 'C:\\xampp\\htdocs...', 52)
#1 C:\xampp\htdocs\WMS3\system\CodeIgniter.php(928): App\Controllers\Dashboard->chartData()
#2 C:\xampp\htdocs\WMS3\system\CodeIgniter.php(436): CodeIgniter\CodeIgniter->runController(Object(App\Controllers\Dashboard))
#3 C:\xampp\htdocs\WMS3\system\CodeIgniter.php(336): CodeIgniter\CodeIgniter->handleRequest(NULL, Object(Config\Cache), false)
#4 C:\xampp\htdocs\WMS3\public\index.php(37): CodeIgniter\CodeIgniter->run()
#5 {main}
CRITICAL - 2021-09-07 06:31:52 --> Undefined variable $output
#0 C:\xampp\htdocs\WMS3\app\Controllers\Dashboard.php(52): CodeIgniter\Debug\Exceptions->errorHandler(2, 'Undefined varia...', 'C:\\xampp\\htdocs...', 52)
#1 C:\xampp\htdocs\WMS3\system\CodeIgniter.php(928): App\Controllers\Dashboard->chartData()
#2 C:\xampp\htdocs\WMS3\system\CodeIgniter.php(436): CodeIgniter\CodeIgniter->runController(Object(App\Controllers\Dashboard))
#3 C:\xampp\htdocs\WMS3\system\CodeIgniter.php(336): CodeIgniter\CodeIgniter->handleRequest(NULL, Object(Config\Cache), false)
#4 C:\xampp\htdocs\WMS3\public\index.php(37): CodeIgniter\CodeIgniter->run()
#5 {main}
CRITICAL - 2021-09-07 06:31:52 --> Undefined variable $output
#0 C:\xampp\htdocs\WMS3\app\Controllers\Dashboard.php(52): CodeIgniter\Debug\Exceptions->errorHandler(2, 'Undefined varia...', 'C:\\xampp\\htdocs...', 52)
#1 C:\xampp\htdocs\WMS3\system\CodeIgniter.php(928): App\Controllers\Dashboard->chartData()
#2 C:\xampp\htdocs\WMS3\system\CodeIgniter.php(436): CodeIgniter\CodeIgniter->runController(Object(App\Controllers\Dashboard))
#3 C:\xampp\htdocs\WMS3\system\CodeIgniter.php(336): CodeIgniter\CodeIgniter->handleRequest(NULL, Object(Config\Cache), false)
#4 C:\xampp\htdocs\WMS3\public\index.php(37): CodeIgniter\CodeIgniter->run()
#5 {main}
CRITICAL - 2021-09-07 06:31:52 --> Undefined variable $output
#0 C:\xampp\htdocs\WMS3\app\Controllers\Dashboard.php(52): CodeIgniter\Debug\Exceptions->errorHandler(2, 'Undefined varia...', 'C:\\xampp\\htdocs...', 52)
#1 C:\xampp\htdocs\WMS3\system\CodeIgniter.php(928): App\Controllers\Dashboard->chartData()
#2 C:\xampp\htdocs\WMS3\system\CodeIgniter.php(436): CodeIgniter\CodeIgniter->runController(Object(App\Controllers\Dashboard))
#3 C:\xampp\htdocs\WMS3\system\CodeIgniter.php(336): CodeIgniter\CodeIgniter->handleRequest(NULL, Object(Config\Cache), false)
#4 C:\xampp\htdocs\WMS3\public\index.php(37): CodeIgniter\CodeIgniter->run()
#5 {main}
CRITICAL - 2021-09-07 06:31:52 --> Undefined variable $output
#0 C:\xampp\htdocs\WMS3\app\Controllers\Dashboard.php(52): CodeIgniter\Debug\Exceptions->errorHandler(2, 'Undefined varia...', 'C:\\xampp\\htdocs...', 52)
#1 C:\xampp\htdocs\WMS3\system\CodeIgniter.php(928): App\Controllers\Dashboard->chartData()
#2 C:\xampp\htdocs\WMS3\system\CodeIgniter.php(436): CodeIgniter\CodeIgniter->runController(Object(App\Controllers\Dashboard))
#3 C:\xampp\htdocs\WMS3\system\CodeIgniter.php(336): CodeIgniter\CodeIgniter->handleRequest(NULL, Object(Config\Cache), false)
#4 C:\xampp\htdocs\WMS3\public\index.php(37): CodeIgniter\CodeIgniter->run()
#5 {main}
CRITICAL - 2021-09-07 06:31:52 --> Undefined variable $output
#0 C:\xampp\htdocs\WMS3\app\Controllers\Dashboard.php(52): CodeIgniter\Debug\Exceptions->errorHandler(2, 'Undefined varia...', 'C:\\xampp\\htdocs...', 52)
#1 C:\xampp\htdocs\WMS3\system\CodeIgniter.php(928): App\Controllers\Dashboard->chartData()
#2 C:\xampp\htdocs\WMS3\system\CodeIgniter.php(436): CodeIgniter\CodeIgniter->runController(Object(App\Controllers\Dashboard))
#3 C:\xampp\htdocs\WMS3\system\CodeIgniter.php(336): CodeIgniter\CodeIgniter->handleRequest(NULL, Object(Config\Cache), false)
#4 C:\xampp\htdocs\WMS3\public\index.php(37): CodeIgniter\CodeIgniter->run()
#5 {main}
ERROR - 2021-09-07 06:32:41 --> You have an error in your SQL syntax; check the manual that corresponds to your MariaDB server version for the right syntax to use near ')
GROUP BY DAYNAME(created_at)
ORDER BY `created_at` ASC' at line 3
CRITICAL - 2021-09-07 06:32:41 --> You have an error in your SQL syntax; check the manual that corresponds to your MariaDB server version for the right syntax to use near ')
GROUP BY DAYNAME(created_at)
ORDER BY `created_at` ASC' at line 3
#0 C:\xampp\htdocs\WMS3\system\Database\MySQLi\Connection.php(329): mysqli->query('SELECT DAYNAME(...')
#1 C:\xampp\htdocs\WMS3\system\Database\BaseConnection.php(732): CodeIgniter\Database\MySQLi\Connection->execute('SELECT DAYNAME(...')
#2 C:\xampp\htdocs\WMS3\system\Database\BaseConnection.php(647): CodeIgniter\Database\BaseConnection->simpleQuery('SELECT DAYNAME(...')
#3 C:\xampp\htdocs\WMS3\system\Database\BaseBuilder.php(1881): CodeIgniter\Database\BaseConnection->query('SELECT DAYNAME(...', Array, false)
#4 C:\xampp\htdocs\WMS3\system\Model.php(800): CodeIgniter\Database\BaseBuilder->get()
#5 C:\xampp\htdocs\WMS3\app\Models\Dashboard\ChartModel.php(67): CodeIgniter\Model->__call('get', Array)
#6 C:\xampp\htdocs\WMS3\app\Controllers\Dashboard.php(44): App\Models\Dashboard\ChartModel->fetch_chart_data(Array)
#7 C:\xampp\htdocs\WMS3\system\CodeIgniter.php(928): App\Controllers\Dashboard->chartData()
#8 C:\xampp\htdocs\WMS3\system\CodeIgniter.php(436): CodeIgniter\CodeIgniter->runController(Object(App\Controllers\Dashboard))
#9 C:\xampp\htdocs\WMS3\system\CodeIgniter.php(336): CodeIgniter\CodeIgniter->handleRequest(NULL, Object(Config\Cache), false)
#10 C:\xampp\htdocs\WMS3\public\index.php(37): CodeIgniter\CodeIgniter->run()
#11 {main}
ERROR - 2021-09-07 06:32:42 --> You have an error in your SQL syntax; check the manual that corresponds to your MariaDB server version for the right syntax to use near ')
GROUP BY DAYNAME(created_at)
ORDER BY `created_at` ASC' at line 3
CRITICAL - 2021-09-07 06:32:42 --> You have an error in your SQL syntax; check the manual that corresponds to your MariaDB server version for the right syntax to use near ')
GROUP BY DAYNAME(created_at)
ORDER BY `created_at` ASC' at line 3
#0 C:\xampp\htdocs\WMS3\system\Database\MySQLi\Connection.php(329): mysqli->query('SELECT DAYNAME(...')
#1 C:\xampp\htdocs\WMS3\system\Database\BaseConnection.php(732): CodeIgniter\Database\MySQLi\Connection->execute('SELECT DAYNAME(...')
#2 C:\xampp\htdocs\WMS3\system\Database\BaseConnection.php(647): CodeIgniter\Database\BaseConnection->simpleQuery('SELECT DAYNAME(...')
#3 C:\xampp\htdocs\WMS3\system\Database\BaseBuilder.php(1881): CodeIgniter\Database\BaseConnection->query('SELECT DAYNAME(...', Array, false)
#4 C:\xampp\htdocs\WMS3\system\Model.php(800): CodeIgniter\Database\BaseBuilder->get()
#5 C:\xampp\htdocs\WMS3\app\Models\Dashboard\ChartModel.php(67): CodeIgniter\Model->__call('get', Array)
#6 C:\xampp\htdocs\WMS3\app\Controllers\Dashboard.php(44): App\Models\Dashboard\ChartModel->fetch_chart_data(Array)
#7 C:\xampp\htdocs\WMS3\system\CodeIgniter.php(928): App\Controllers\Dashboard->chartData()
#8 C:\xampp\htdocs\WMS3\system\CodeIgniter.php(436): CodeIgniter\CodeIgniter->runController(Object(App\Controllers\Dashboard))
#9 C:\xampp\htdocs\WMS3\system\CodeIgniter.php(336): CodeIgniter\CodeIgniter->handleRequest(NULL, Object(Config\Cache), false)
#10 C:\xampp\htdocs\WMS3\public\index.php(37): CodeIgniter\CodeIgniter->run()
#11 {main}
ERROR - 2021-09-07 06:33:41 --> You have an error in your SQL syntax; check the manual that corresponds to your MariaDB server version for the right syntax to use near ')
GROUP BY DAYNAME(created_at)
ORDER BY `created_at` ASC' at line 3
CRITICAL - 2021-09-07 06:33:41 --> You have an error in your SQL syntax; check the manual that corresponds to your MariaDB server version for the right syntax to use near ')
GROUP BY DAYNAME(created_at)
ORDER BY `created_at` ASC' at line 3
#0 C:\xampp\htdocs\WMS3\system\Database\MySQLi\Connection.php(329): mysqli->query('SELECT DAYNAME(...')
#1 C:\xampp\htdocs\WMS3\system\Database\BaseConnection.php(732): CodeIgniter\Database\MySQLi\Connection->execute('SELECT DAYNAME(...')
#2 C:\xampp\htdocs\WMS3\system\Database\BaseConnection.php(647): CodeIgniter\Database\BaseConnection->simpleQuery('SELECT DAYNAME(...')
#3 C:\xampp\htdocs\WMS3\system\Database\BaseBuilder.php(1881): CodeIgniter\Database\BaseConnection->query('SELECT DAYNAME(...', Array, false)
#4 C:\xampp\htdocs\WMS3\system\Model.php(800): CodeIgniter\Database\BaseBuilder->get()
#5 C:\xampp\htdocs\WMS3\app\Models\Dashboard\ChartModel.php(67): CodeIgniter\Model->__call('get', Array)
#6 C:\xampp\htdocs\WMS3\app\Controllers\Dashboard.php(44): App\Models\Dashboard\ChartModel->fetch_chart_data(Array)
#7 C:\xampp\htdocs\WMS3\system\CodeIgniter.php(928): App\Controllers\Dashboard->chartData()
#8 C:\xampp\htdocs\WMS3\system\CodeIgniter.php(436): CodeIgniter\CodeIgniter->runController(Object(App\Controllers\Dashboard))
#9 C:\xampp\htdocs\WMS3\system\CodeIgniter.php(336): CodeIgniter\CodeIgniter->handleRequest(NULL, Object(Config\Cache), false)
#10 C:\xampp\htdocs\WMS3\public\index.php(37): CodeIgniter\CodeIgniter->run()
#11 {main}
ERROR - 2021-09-07 06:34:38 --> You have an error in your SQL syntax; check the manual that corresponds to your MariaDB server version for the right syntax to use near ')
GROUP BY DAYNAME(created_at)
ORDER BY `created_at` DESC' at line 3
CRITICAL - 2021-09-07 06:34:38 --> You have an error in your SQL syntax; check the manual that corresponds to your MariaDB server version for the right syntax to use near ')
GROUP BY DAYNAME(created_at)
ORDER BY `created_at` DESC' at line 3
#0 C:\xampp\htdocs\WMS3\system\Database\MySQLi\Connection.php(329): mysqli->query('SELECT DAYNAME(...')
#1 C:\xampp\htdocs\WMS3\system\Database\BaseConnection.php(732): CodeIgniter\Database\MySQLi\Connection->execute('SELECT DAYNAME(...')
#2 C:\xampp\htdocs\WMS3\system\Database\BaseConnection.php(647): CodeIgniter\Database\BaseConnection->simpleQuery('SELECT DAYNAME(...')
#3 C:\xampp\htdocs\WMS3\system\Database\BaseBuilder.php(1881): CodeIgniter\Database\BaseConnection->query('SELECT DAYNAME(...', Array, false)
#4 C:\xampp\htdocs\WMS3\system\Model.php(800): CodeIgniter\Database\BaseBuilder->get()
#5 C:\xampp\htdocs\WMS3\app\Models\Dashboard\ChartModel.php(65): CodeIgniter\Model->__call('get', Array)
#6 C:\xampp\htdocs\WMS3\app\Controllers\Dashboard.php(44): App\Models\Dashboard\ChartModel->fetch_chart_data(Array)
#7 C:\xampp\htdocs\WMS3\system\CodeIgniter.php(928): App\Controllers\Dashboard->chartData()
#8 C:\xampp\htdocs\WMS3\system\CodeIgniter.php(436): CodeIgniter\CodeIgniter->runController(Object(App\Controllers\Dashboard))
#9 C:\xampp\htdocs\WMS3\system\CodeIgniter.php(336): CodeIgniter\CodeIgniter->handleRequest(NULL, Object(Config\Cache), false)
#10 C:\xampp\htdocs\WMS3\public\index.php(37): CodeIgniter\CodeIgniter->run()
#11 {main}
ERROR - 2021-09-07 06:34:38 --> You have an error in your SQL syntax; check the manual that corresponds to your MariaDB server version for the right syntax to use near ')
GROUP BY DAYNAME(created_at)
ORDER BY `created_at` DESC' at line 3
CRITICAL - 2021-09-07 06:34:38 --> You have an error in your SQL syntax; check the manual that corresponds to your MariaDB server version for the right syntax to use near ')
GROUP BY DAYNAME(created_at)
ORDER BY `created_at` DESC' at line 3
#0 C:\xampp\htdocs\WMS3\system\Database\MySQLi\Connection.php(329): mysqli->query('SELECT DAYNAME(...')
#1 C:\xampp\htdocs\WMS3\system\Database\BaseConnection.php(732): CodeIgniter\Database\MySQLi\Connection->execute('SELECT DAYNAME(...')
#2 C:\xampp\htdocs\WMS3\system\Database\BaseConnection.php(647): CodeIgniter\Database\BaseConnection->simpleQuery('SELECT DAYNAME(...')
#3 C:\xampp\htdocs\WMS3\system\Database\BaseBuilder.php(1881): CodeIgniter\Database\BaseConnection->query('SELECT DAYNAME(...', Array, false)
#4 C:\xampp\htdocs\WMS3\system\Model.php(800): CodeIgniter\Database\BaseBuilder->get()
#5 C:\xampp\htdocs\WMS3\app\Models\Dashboard\ChartModel.php(65): CodeIgniter\Model->__call('get', Array)
#6 C:\xampp\htdocs\WMS3\app\Controllers\Dashboard.php(44): App\Models\Dashboard\ChartModel->fetch_chart_data(Array)
#7 C:\xampp\htdocs\WMS3\system\CodeIgniter.php(928): App\Controllers\Dashboard->chartData()
#8 C:\xampp\htdocs\WMS3\system\CodeIgniter.php(436): CodeIgniter\CodeIgniter->runController(Object(App\Controllers\Dashboard))
#9 C:\xampp\htdocs\WMS3\system\CodeIgniter.php(336): CodeIgniter\CodeIgniter->handleRequest(NULL, Object(Config\Cache), false)
#10 C:\xampp\htdocs\WMS3\public\index.php(37): CodeIgniter\CodeIgniter->run()
#11 {main}
ERROR - 2021-09-07 06:34:46 --> You have an error in your SQL syntax; check the manual that corresponds to your MariaDB server version for the right syntax to use near ')
GROUP BY DATE(created_at)
ORDER BY `created_at` DESC' at line 3
CRITICAL - 2021-09-07 06:34:46 --> You have an error in your SQL syntax; check the manual that corresponds to your MariaDB server version for the right syntax to use near ')
GROUP BY DATE(created_at)
ORDER BY `created_at` DESC' at line 3
#0 C:\xampp\htdocs\WMS3\system\Database\MySQLi\Connection.php(329): mysqli->query('SELECT DATE(cre...')
#1 C:\xampp\htdocs\WMS3\system\Database\BaseConnection.php(732): CodeIgniter\Database\MySQLi\Connection->execute('SELECT DATE(cre...')
#2 C:\xampp\htdocs\WMS3\system\Database\BaseConnection.php(647): CodeIgniter\Database\BaseConnection->simpleQuery('SELECT DATE(cre...')
#3 C:\xampp\htdocs\WMS3\system\Database\BaseBuilder.php(1881): CodeIgniter\Database\BaseConnection->query('SELECT DATE(cre...', Array, false)
#4 C:\xampp\htdocs\WMS3\system\Model.php(800): CodeIgniter\Database\BaseBuilder->get()
#5 C:\xampp\htdocs\WMS3\app\Models\Dashboard\ChartModel.php(65): CodeIgniter\Model->__call('get', Array)
#6 C:\xampp\htdocs\WMS3\app\Controllers\Dashboard.php(44): App\Models\Dashboard\ChartModel->fetch_chart_data(Array)
#7 C:\xampp\htdocs\WMS3\system\CodeIgniter.php(928): App\Controllers\Dashboard->chartData()
#8 C:\xampp\htdocs\WMS3\system\CodeIgniter.php(436): CodeIgniter\CodeIgniter->runController(Object(App\Controllers\Dashboard))
#9 C:\xampp\htdocs\WMS3\system\CodeIgniter.php(336): CodeIgniter\CodeIgniter->handleRequest(NULL, Object(Config\Cache), false)
#10 C:\xampp\htdocs\WMS3\public\index.php(37): CodeIgniter\CodeIgniter->run()
#11 {main}
ERROR - 2021-09-07 06:34:46 --> You have an error in your SQL syntax; check the manual that corresponds to your MariaDB server version for the right syntax to use near ')
GROUP BY DATE(created_at)
ORDER BY `created_at` DESC' at line 3
CRITICAL - 2021-09-07 06:34:46 --> You have an error in your SQL syntax; check the manual that corresponds to your MariaDB server version for the right syntax to use near ')
GROUP BY DATE(created_at)
ORDER BY `created_at` DESC' at line 3
#0 C:\xampp\htdocs\WMS3\system\Database\MySQLi\Connection.php(329): mysqli->query('SELECT DATE(cre...')
#1 C:\xampp\htdocs\WMS3\system\Database\BaseConnection.php(732): CodeIgniter\Database\MySQLi\Connection->execute('SELECT DATE(cre...')
#2 C:\xampp\htdocs\WMS3\system\Database\BaseConnection.php(647): CodeIgniter\Database\BaseConnection->simpleQuery('SELECT DATE(cre...')
#3 C:\xampp\htdocs\WMS3\system\Database\BaseBuilder.php(1881): CodeIgniter\Database\BaseConnection->query('SELECT DATE(cre...', Array, false)
#4 C:\xampp\htdocs\WMS3\system\Model.php(800): CodeIgniter\Database\BaseBuilder->get()
#5 C:\xampp\htdocs\WMS3\app\Models\Dashboard\ChartModel.php(65): CodeIgniter\Model->__call('get', Array)
#6 C:\xampp\htdocs\WMS3\app\Controllers\Dashboard.php(44): App\Models\Dashboard\ChartModel->fetch_chart_data(Array)
#7 C:\xampp\htdocs\WMS3\system\CodeIgniter.php(928): App\Controllers\Dashboard->chartData()
#8 C:\xampp\htdocs\WMS3\system\CodeIgniter.php(436): CodeIgniter\CodeIgniter->runController(Object(App\Controllers\Dashboard))
#9 C:\xampp\htdocs\WMS3\system\CodeIgniter.php(336): CodeIgniter\CodeIgniter->handleRequest(NULL, Object(Config\Cache), false)
#10 C:\xampp\htdocs\WMS3\public\index.php(37): CodeIgniter\CodeIgniter->run()
#11 {main}
ERROR - 2021-09-07 06:34:59 --> You have an error in your SQL syntax; check the manual that corresponds to your MariaDB server version for the right syntax to use near ')
ORDER BY `created_at` DESC' at line 3
CRITICAL - 2021-09-07 06:34:59 --> You have an error in your SQL syntax; check the manual that corresponds to your MariaDB server version for the right syntax to use near ')
ORDER BY `created_at` DESC' at line 3
#0 C:\xampp\htdocs\WMS3\system\Database\MySQLi\Connection.php(329): mysqli->query('SELECT DATE(cre...')
#1 C:\xampp\htdocs\WMS3\system\Database\BaseConnection.php(732): CodeIgniter\Database\MySQLi\Connection->execute('SELECT DATE(cre...')
#2 C:\xampp\htdocs\WMS3\system\Database\BaseConnection.php(647): CodeIgniter\Database\BaseConnection->simpleQuery('SELECT DATE(cre...')
#3 C:\xampp\htdocs\WMS3\system\Database\BaseBuilder.php(1881): CodeIgniter\Database\BaseConnection->query('SELECT DATE(cre...', Array, false)
#4 C:\xampp\htdocs\WMS3\system\Model.php(800): CodeIgniter\Database\BaseBuilder->get()
#5 C:\xampp\htdocs\WMS3\app\Models\Dashboard\ChartModel.php(65): CodeIgniter\Model->__call('get', Array)
#6 C:\xampp\htdocs\WMS3\app\Controllers\Dashboard.php(44): App\Models\Dashboard\ChartModel->fetch_chart_data(Array)
#7 C:\xampp\htdocs\WMS3\system\CodeIgniter.php(928): App\Controllers\Dashboard->chartData()
#8 C:\xampp\htdocs\WMS3\system\CodeIgniter.php(436): CodeIgniter\CodeIgniter->runController(Object(App\Controllers\Dashboard))
#9 C:\xampp\htdocs\WMS3\system\CodeIgniter.php(336): CodeIgniter\CodeIgniter->handleRequest(NULL, Object(Config\Cache), false)
#10 C:\xampp\htdocs\WMS3\public\index.php(37): CodeIgniter\CodeIgniter->run()
#11 {main}
ERROR - 2021-09-07 06:35:00 --> You have an error in your SQL syntax; check the manual that corresponds to your MariaDB server version for the right syntax to use near ')
ORDER BY `created_at` DESC' at line 3
CRITICAL - 2021-09-07 06:35:00 --> You have an error in your SQL syntax; check the manual that corresponds to your MariaDB server version for the right syntax to use near ')
ORDER BY `created_at` DESC' at line 3
#0 C:\xampp\htdocs\WMS3\system\Database\MySQLi\Connection.php(329): mysqli->query('SELECT DATE(cre...')
#1 C:\xampp\htdocs\WMS3\system\Database\BaseConnection.php(732): CodeIgniter\Database\MySQLi\Connection->execute('SELECT DATE(cre...')
#2 C:\xampp\htdocs\WMS3\system\Database\BaseConnection.php(647): CodeIgniter\Database\BaseConnection->simpleQuery('SELECT DATE(cre...')
#3 C:\xampp\htdocs\WMS3\system\Database\BaseBuilder.php(1881): CodeIgniter\Database\BaseConnection->query('SELECT DATE(cre...', Array, false)
#4 C:\xampp\htdocs\WMS3\system\Model.php(800): CodeIgniter\Database\BaseBuilder->get()
#5 C:\xampp\htdocs\WMS3\app\Models\Dashboard\ChartModel.php(65): CodeIgniter\Model->__call('get', Array)
#6 C:\xampp\htdocs\WMS3\app\Controllers\Dashboard.php(44): App\Models\Dashboard\ChartModel->fetch_chart_data(Array)
#7 C:\xampp\htdocs\WMS3\system\CodeIgniter.php(928): App\Controllers\Dashboard->chartData()
#8 C:\xampp\htdocs\WMS3\system\CodeIgniter.php(436): CodeIgniter\CodeIgniter->runController(Object(App\Controllers\Dashboard))
#9 C:\xampp\htdocs\WMS3\system\CodeIgniter.php(336): CodeIgniter\CodeIgniter->handleRequest(NULL, Object(Config\Cache), false)
#10 C:\xampp\htdocs\WMS3\public\index.php(37): CodeIgniter\CodeIgniter->run()
#11 {main}
ERROR - 2021-09-07 06:36:09 --> You have an error in your SQL syntax; check the manual that corresponds to your MariaDB server version for the right syntax to use near ')
GROUP BY DAYNAME(created_at)
ORDER BY `created_at` DESC' at line 3
CRITICAL - 2021-09-07 06:36:09 --> You have an error in your SQL syntax; check the manual that corresponds to your MariaDB server version for the right syntax to use near ')
GROUP BY DAYNAME(created_at)
ORDER BY `created_at` DESC' at line 3
#0 C:\xampp\htdocs\WMS3\system\Database\MySQLi\Connection.php(329): mysqli->query('SELECT DAYNAME(...')
#1 C:\xampp\htdocs\WMS3\system\Database\BaseConnection.php(732): CodeIgniter\Database\MySQLi\Connection->execute('SELECT DAYNAME(...')
#2 C:\xampp\htdocs\WMS3\system\Database\BaseConnection.php(647): CodeIgniter\Database\BaseConnection->simpleQuery('SELECT DAYNAME(...')
#3 C:\xampp\htdocs\WMS3\system\Database\BaseBuilder.php(1881): CodeIgniter\Database\BaseConnection->query('SELECT DAYNAME(...', Array, false)
#4 C:\xampp\htdocs\WMS3\system\Model.php(800): CodeIgniter\Database\BaseBuilder->get()
#5 C:\xampp\htdocs\WMS3\app\Models\Dashboard\ChartModel.php(65): CodeIgniter\Model->__call('get', Array)
#6 C:\xampp\htdocs\WMS3\app\Controllers\Dashboard.php(44): App\Models\Dashboard\ChartModel->fetch_chart_data(Array)
#7 C:\xampp\htdocs\WMS3\system\CodeIgniter.php(928): App\Controllers\Dashboard->chartData()
#8 C:\xampp\htdocs\WMS3\system\CodeIgniter.php(436): CodeIgniter\CodeIgniter->runController(Object(App\Controllers\Dashboard))
#9 C:\xampp\htdocs\WMS3\system\CodeIgniter.php(336): CodeIgniter\CodeIgniter->handleRequest(NULL, Object(Config\Cache), false)
#10 C:\xampp\htdocs\WMS3\public\index.php(37): CodeIgniter\CodeIgniter->run()
#11 {main}
CRITICAL - 2021-09-07 06:36:59 --> Array to string conversion
#0 C:\xampp\htdocs\WMS3\app\Models\Dashboard\ChartModel.php(60): CodeIgniter\Debug\Exceptions->errorHandler(2, 'Array to string...', 'C:\\xampp\\htdocs...', 60)
#1 C:\xampp\htdocs\WMS3\app\Controllers\Dashboard.php(44): App\Models\Dashboard\ChartModel->fetch_chart_data(Array)
#2 C:\xampp\htdocs\WMS3\system\CodeIgniter.php(928): App\Controllers\Dashboard->chartData()
#3 C:\xampp\htdocs\WMS3\system\CodeIgniter.php(436): CodeIgniter\CodeIgniter->runController(Object(App\Controllers\Dashboard))
#4 C:\xampp\htdocs\WMS3\system\CodeIgniter.php(336): CodeIgniter\CodeIgniter->handleRequest(NULL, Object(Config\Cache), false)
#5 C:\xampp\htdocs\WMS3\public\index.php(37): CodeIgniter\CodeIgniter->run()
#6 {main}
CRITICAL - 2021-09-07 06:37:02 --> Array to string conversion
#0 C:\xampp\htdocs\WMS3\app\Models\Dashboard\ChartModel.php(60): CodeIgniter\Debug\Exceptions->errorHandler(2, 'Array to string...', 'C:\\xampp\\htdocs...', 60)
#1 C:\xampp\htdocs\WMS3\app\Controllers\Dashboard.php(44): App\Models\Dashboard\ChartModel->fetch_chart_data(Array)
#2 C:\xampp\htdocs\WMS3\system\CodeIgniter.php(928): App\Controllers\Dashboard->chartData()
#3 C:\xampp\htdocs\WMS3\system\CodeIgniter.php(436): CodeIgniter\CodeIgniter->runController(Object(App\Controllers\Dashboard))
#4 C:\xampp\htdocs\WMS3\system\CodeIgniter.php(336): CodeIgniter\CodeIgniter->handleRequest(NULL, Object(Config\Cache), false)
#5 C:\xampp\htdocs\WMS3\public\index.php(37): CodeIgniter\CodeIgniter->run()
#6 {main}
