ERROR - 2021-08-28 03:53:05 --> Unknown column 'name' in 'where clause'
CRITICAL - 2021-08-28 03:53:05 --> Unknown column 'name' in 'where clause'
#0 C:\xampp\htdocs\WMS3\system\Database\MySQLi\Connection.php(329): mysqli->query('SELECT `waste_t...')
#1 C:\xampp\htdocs\WMS3\system\Database\BaseConnection.php(732): CodeIgniter\Database\MySQLi\Connection->execute('SELECT `waste_t...')
#2 C:\xampp\htdocs\WMS3\system\Database\BaseConnection.php(647): CodeIgniter\Database\BaseConnection->simpleQuery('SELECT `waste_t...')
#3 C:\xampp\htdocs\WMS3\system\Database\BaseBuilder.php(1881): CodeIgniter\Database\BaseConnection->query('SELECT `waste_t...', Array, false)
#4 C:\xampp\htdocs\WMS3\app\Models\WasteBarangayModel.php(161): CodeIgniter\Database\BaseBuilder->get()
#5 C:\xampp\htdocs\WMS3\app\Controllers\UserBarangay.php(83): App\Models\WasteBarangayModel->CurrentData()
#6 C:\xampp\htdocs\WMS3\system\CodeIgniter.php(928): App\Controllers\UserBarangay->review()
#7 C:\xampp\htdocs\WMS3\system\CodeIgniter.php(436): CodeIgniter\CodeIgniter->runController(Object(App\Controllers\UserBarangay))
#8 C:\xampp\htdocs\WMS3\system\CodeIgniter.php(336): CodeIgniter\CodeIgniter->handleRequest(NULL, Object(Config\Cache), false)
#9 C:\xampp\htdocs\WMS3\public\index.php(37): CodeIgniter\CodeIgniter->run()
#10 {main}
ERROR - 2021-08-28 03:55:01 --> Unknown column 'name' in 'where clause'
CRITICAL - 2021-08-28 03:55:01 --> Unknown column 'name' in 'where clause'
#0 C:\xampp\htdocs\WMS3\system\Database\MySQLi\Connection.php(329): mysqli->query('SELECT `waste_t...')
#1 C:\xampp\htdocs\WMS3\system\Database\BaseConnection.php(732): CodeIgniter\Database\MySQLi\Connection->execute('SELECT `waste_t...')
#2 C:\xampp\htdocs\WMS3\system\Database\BaseConnection.php(647): CodeIgniter\Database\BaseConnection->simpleQuery('SELECT `waste_t...')
#3 C:\xampp\htdocs\WMS3\system\Database\BaseBuilder.php(1881): CodeIgniter\Database\BaseConnection->query('SELECT `waste_t...', Array, false)
#4 C:\xampp\htdocs\WMS3\app\Models\WasteBarangayModel.php(161): CodeIgniter\Database\BaseBuilder->get()
#5 C:\xampp\htdocs\WMS3\app\Controllers\UserBarangay.php(84): App\Models\WasteBarangayModel->CurrentData('A')
#6 C:\xampp\htdocs\WMS3\system\CodeIgniter.php(928): App\Controllers\UserBarangay->review()
#7 C:\xampp\htdocs\WMS3\system\CodeIgniter.php(436): CodeIgniter\CodeIgniter->runController(Object(App\Controllers\UserBarangay))
#8 C:\xampp\htdocs\WMS3\system\CodeIgniter.php(336): CodeIgniter\CodeIgniter->handleRequest(NULL, Object(Config\Cache), false)
#9 C:\xampp\htdocs\WMS3\public\index.php(37): CodeIgniter\CodeIgniter->run()
#10 {main}
ERROR - 2021-08-28 03:55:02 --> Unknown column 'name' in 'where clause'
CRITICAL - 2021-08-28 03:55:02 --> Unknown column 'name' in 'where clause'
#0 C:\xampp\htdocs\WMS3\system\Database\MySQLi\Connection.php(329): mysqli->query('SELECT `waste_t...')
#1 C:\xampp\htdocs\WMS3\system\Database\BaseConnection.php(732): CodeIgniter\Database\MySQLi\Connection->execute('SELECT `waste_t...')
#2 C:\xampp\htdocs\WMS3\system\Database\BaseConnection.php(647): CodeIgniter\Database\BaseConnection->simpleQuery('SELECT `waste_t...')
#3 C:\xampp\htdocs\WMS3\system\Database\BaseBuilder.php(1881): CodeIgniter\Database\BaseConnection->query('SELECT `waste_t...', Array, false)
#4 C:\xampp\htdocs\WMS3\app\Models\WasteBarangayModel.php(161): CodeIgniter\Database\BaseBuilder->get()
#5 C:\xampp\htdocs\WMS3\app\Controllers\UserBarangay.php(84): App\Models\WasteBarangayModel->CurrentData('A')
#6 C:\xampp\htdocs\WMS3\system\CodeIgniter.php(928): App\Controllers\UserBarangay->review()
#7 C:\xampp\htdocs\WMS3\system\CodeIgniter.php(436): CodeIgniter\CodeIgniter->runController(Object(App\Controllers\UserBarangay))
#8 C:\xampp\htdocs\WMS3\system\CodeIgniter.php(336): CodeIgniter\CodeIgniter->handleRequest(NULL, Object(Config\Cache), false)
#9 C:\xampp\htdocs\WMS3\public\index.php(37): CodeIgniter\CodeIgniter->run()
#10 {main}
CRITICAL - 2021-08-28 03:55:39 --> Cannot use object of type stdClass as array
#0 C:\xampp\htdocs\WMS3\system\View\View.php(230): include()
#1 C:\xampp\htdocs\WMS3\system\View\View.php(232): CodeIgniter\View\View->CodeIgniter\View\{closure}()
#2 C:\xampp\htdocs\WMS3\system\Common.php(1271): CodeIgniter\View\View->render('user_brgy/revie...', Array, true)
#3 C:\xampp\htdocs\WMS3\app\Controllers\UserBarangay.php(85): view('user_brgy/revie...', Array)
#4 C:\xampp\htdocs\WMS3\system\CodeIgniter.php(928): App\Controllers\UserBarangay->review()
#5 C:\xampp\htdocs\WMS3\system\CodeIgniter.php(436): CodeIgniter\CodeIgniter->runController(Object(App\Controllers\UserBarangay))
#6 C:\xampp\htdocs\WMS3\system\CodeIgniter.php(336): CodeIgniter\CodeIgniter->handleRequest(NULL, Object(Config\Cache), false)
#7 C:\xampp\htdocs\WMS3\public\index.php(37): CodeIgniter\CodeIgniter->run()
#8 {main}
CRITICAL - 2021-08-28 03:59:22 --> Cannot use object of type stdClass as array
#0 C:\xampp\htdocs\WMS3\system\View\View.php(230): include()
#1 C:\xampp\htdocs\WMS3\system\View\View.php(232): CodeIgniter\View\View->CodeIgniter\View\{closure}()
#2 C:\xampp\htdocs\WMS3\system\Common.php(1271): CodeIgniter\View\View->render('user_brgy/revie...', Array, true)
#3 C:\xampp\htdocs\WMS3\app\Controllers\UserBarangay.php(85): view('user_brgy/revie...', Array)
#4 C:\xampp\htdocs\WMS3\system\CodeIgniter.php(928): App\Controllers\UserBarangay->review()
#5 C:\xampp\htdocs\WMS3\system\CodeIgniter.php(436): CodeIgniter\CodeIgniter->runController(Object(App\Controllers\UserBarangay))
#6 C:\xampp\htdocs\WMS3\system\CodeIgniter.php(336): CodeIgniter\CodeIgniter->handleRequest(NULL, Object(Config\Cache), false)
#7 C:\xampp\htdocs\WMS3\public\index.php(37): CodeIgniter\CodeIgniter->run()
#8 {main}
CRITICAL - 2021-08-28 03:59:23 --> Cannot use object of type stdClass as array
#0 C:\xampp\htdocs\WMS3\system\View\View.php(230): include()
#1 C:\xampp\htdocs\WMS3\system\View\View.php(232): CodeIgniter\View\View->CodeIgniter\View\{closure}()
#2 C:\xampp\htdocs\WMS3\system\Common.php(1271): CodeIgniter\View\View->render('user_brgy/revie...', Array, true)
#3 C:\xampp\htdocs\WMS3\app\Controllers\UserBarangay.php(85): view('user_brgy/revie...', Array)
#4 C:\xampp\htdocs\WMS3\system\CodeIgniter.php(928): App\Controllers\UserBarangay->review()
#5 C:\xampp\htdocs\WMS3\system\CodeIgniter.php(436): CodeIgniter\CodeIgniter->runController(Object(App\Controllers\UserBarangay))
#6 C:\xampp\htdocs\WMS3\system\CodeIgniter.php(336): CodeIgniter\CodeIgniter->handleRequest(NULL, Object(Config\Cache), false)
#7 C:\xampp\htdocs\WMS3\public\index.php(37): CodeIgniter\CodeIgniter->run()
#8 {main}
CRITICAL - 2021-08-28 03:59:45 --> Cannot use object of type stdClass as array
#0 C:\xampp\htdocs\WMS3\system\View\View.php(230): include()
#1 C:\xampp\htdocs\WMS3\system\View\View.php(232): CodeIgniter\View\View->CodeIgniter\View\{closure}()
#2 C:\xampp\htdocs\WMS3\system\Common.php(1271): CodeIgniter\View\View->render('user_brgy/revie...', Array, true)
#3 C:\xampp\htdocs\WMS3\app\Controllers\UserBarangay.php(85): view('user_brgy/revie...', Array)
#4 C:\xampp\htdocs\WMS3\system\CodeIgniter.php(928): App\Controllers\UserBarangay->review()
#5 C:\xampp\htdocs\WMS3\system\CodeIgniter.php(436): CodeIgniter\CodeIgniter->runController(Object(App\Controllers\UserBarangay))
#6 C:\xampp\htdocs\WMS3\system\CodeIgniter.php(336): CodeIgniter\CodeIgniter->handleRequest(NULL, Object(Config\Cache), false)
#7 C:\xampp\htdocs\WMS3\public\index.php(37): CodeIgniter\CodeIgniter->run()
#8 {main}
CRITICAL - 2021-08-28 04:00:06 --> Cannot use object of type stdClass as array
#0 C:\xampp\htdocs\WMS3\system\View\View.php(230): include()
#1 C:\xampp\htdocs\WMS3\system\View\View.php(232): CodeIgniter\View\View->CodeIgniter\View\{closure}()
#2 C:\xampp\htdocs\WMS3\system\Common.php(1271): CodeIgniter\View\View->render('user_brgy/revie...', Array, true)
#3 C:\xampp\htdocs\WMS3\app\Controllers\UserBarangay.php(85): view('user_brgy/revie...', Array)
#4 C:\xampp\htdocs\WMS3\system\CodeIgniter.php(928): App\Controllers\UserBarangay->review()
#5 C:\xampp\htdocs\WMS3\system\CodeIgniter.php(436): CodeIgniter\CodeIgniter->runController(Object(App\Controllers\UserBarangay))
#6 C:\xampp\htdocs\WMS3\system\CodeIgniter.php(336): CodeIgniter\CodeIgniter->handleRequest(NULL, Object(Config\Cache), false)
#7 C:\xampp\htdocs\WMS3\public\index.php(37): CodeIgniter\CodeIgniter->run()
#8 {main}
CRITICAL - 2021-08-28 04:00:06 --> Cannot use object of type stdClass as array
#0 C:\xampp\htdocs\WMS3\system\View\View.php(230): include()
#1 C:\xampp\htdocs\WMS3\system\View\View.php(232): CodeIgniter\View\View->CodeIgniter\View\{closure}()
#2 C:\xampp\htdocs\WMS3\system\Common.php(1271): CodeIgniter\View\View->render('user_brgy/revie...', Array, true)
#3 C:\xampp\htdocs\WMS3\app\Controllers\UserBarangay.php(85): view('user_brgy/revie...', Array)
#4 C:\xampp\htdocs\WMS3\system\CodeIgniter.php(928): App\Controllers\UserBarangay->review()
#5 C:\xampp\htdocs\WMS3\system\CodeIgniter.php(436): CodeIgniter\CodeIgniter->runController(Object(App\Controllers\UserBarangay))
#6 C:\xampp\htdocs\WMS3\system\CodeIgniter.php(336): CodeIgniter\CodeIgniter->handleRequest(NULL, Object(Config\Cache), false)
#7 C:\xampp\htdocs\WMS3\public\index.php(37): CodeIgniter\CodeIgniter->run()
#8 {main}
CRITICAL - 2021-08-28 04:00:59 --> Cannot use object of type stdClass as array
#0 C:\xampp\htdocs\WMS3\system\View\View.php(230): include()
#1 C:\xampp\htdocs\WMS3\system\View\View.php(232): CodeIgniter\View\View->CodeIgniter\View\{closure}()
#2 C:\xampp\htdocs\WMS3\system\Common.php(1271): CodeIgniter\View\View->render('user_brgy/revie...', Array, true)
#3 C:\xampp\htdocs\WMS3\app\Controllers\UserBarangay.php(85): view('user_brgy/revie...', Array)
#4 C:\xampp\htdocs\WMS3\system\CodeIgniter.php(928): App\Controllers\UserBarangay->review()
#5 C:\xampp\htdocs\WMS3\system\CodeIgniter.php(436): CodeIgniter\CodeIgniter->runController(Object(App\Controllers\UserBarangay))
#6 C:\xampp\htdocs\WMS3\system\CodeIgniter.php(336): CodeIgniter\CodeIgniter->handleRequest(NULL, Object(Config\Cache), false)
#7 C:\xampp\htdocs\WMS3\public\index.php(37): CodeIgniter\CodeIgniter->run()
#8 {main}
CRITICAL - 2021-08-28 04:01:41 --> Undefined variable $data
#0 C:\xampp\htdocs\WMS3\app\Views\user_brgy\review.php(31): CodeIgniter\Debug\Exceptions->errorHandler(2, 'Undefined varia...', 'C:\\xampp\\htdocs...', 31)
#1 C:\xampp\htdocs\WMS3\system\View\View.php(230): include('C:\\xampp\\htdocs...')
#2 C:\xampp\htdocs\WMS3\system\View\View.php(232): CodeIgniter\View\View->CodeIgniter\View\{closure}()
#3 C:\xampp\htdocs\WMS3\system\Common.php(1271): CodeIgniter\View\View->render('user_brgy/revie...', Array, true)
#4 C:\xampp\htdocs\WMS3\app\Controllers\UserBarangay.php(85): view('user_brgy/revie...', Array)
#5 C:\xampp\htdocs\WMS3\system\CodeIgniter.php(928): App\Controllers\UserBarangay->review()
#6 C:\xampp\htdocs\WMS3\system\CodeIgniter.php(436): CodeIgniter\CodeIgniter->runController(Object(App\Controllers\UserBarangay))
#7 C:\xampp\htdocs\WMS3\system\CodeIgniter.php(336): CodeIgniter\CodeIgniter->handleRequest(NULL, Object(Config\Cache), false)
#8 C:\xampp\htdocs\WMS3\public\index.php(37): CodeIgniter\CodeIgniter->run()
#9 {main}
CRITICAL - 2021-08-28 04:05:46 --> Cannot use object of type stdClass as array
#0 C:\xampp\htdocs\WMS3\system\View\View.php(230): include()
#1 C:\xampp\htdocs\WMS3\system\View\View.php(232): CodeIgniter\View\View->CodeIgniter\View\{closure}()
#2 C:\xampp\htdocs\WMS3\system\Common.php(1271): CodeIgniter\View\View->render('user_brgy/revie...', Array, true)
#3 C:\xampp\htdocs\WMS3\app\Controllers\UserBarangay.php(86): view('user_brgy/revie...', Array)
#4 C:\xampp\htdocs\WMS3\system\CodeIgniter.php(928): App\Controllers\UserBarangay->reviewB()
#5 C:\xampp\htdocs\WMS3\system\CodeIgniter.php(436): CodeIgniter\CodeIgniter->runController(Object(App\Controllers\UserBarangay))
#6 C:\xampp\htdocs\WMS3\system\CodeIgniter.php(336): CodeIgniter\CodeIgniter->handleRequest(NULL, Object(Config\Cache), false)
#7 C:\xampp\htdocs\WMS3\public\index.php(37): CodeIgniter\CodeIgniter->run()
#8 {main}
CRITICAL - 2021-08-28 04:06:11 --> Undefined array key "waste_type"
#0 C:\xampp\htdocs\WMS3\app\Views\user_brgy\review.php(33): CodeIgniter\Debug\Exceptions->errorHandler(2, 'Undefined array...', 'C:\\xampp\\htdocs...', 33)
#1 C:\xampp\htdocs\WMS3\system\View\View.php(230): include('C:\\xampp\\htdocs...')
#2 C:\xampp\htdocs\WMS3\system\View\View.php(232): CodeIgniter\View\View->CodeIgniter\View\{closure}()
#3 C:\xampp\htdocs\WMS3\system\Common.php(1271): CodeIgniter\View\View->render('user_brgy/revie...', Array, true)
#4 C:\xampp\htdocs\WMS3\app\Controllers\UserBarangay.php(86): view('user_brgy/revie...', Array)
#5 C:\xampp\htdocs\WMS3\system\CodeIgniter.php(928): App\Controllers\UserBarangay->reviewB()
#6 C:\xampp\htdocs\WMS3\system\CodeIgniter.php(436): CodeIgniter\CodeIgniter->runController(Object(App\Controllers\UserBarangay))
#7 C:\xampp\htdocs\WMS3\system\CodeIgniter.php(336): CodeIgniter\CodeIgniter->handleRequest(NULL, Object(Config\Cache), false)
#8 C:\xampp\htdocs\WMS3\public\index.php(37): CodeIgniter\CodeIgniter->run()
#9 {main}
CRITICAL - 2021-08-28 04:06:25 --> Cannot use object of type stdClass as array
#0 C:\xampp\htdocs\WMS3\system\View\View.php(230): include()
#1 C:\xampp\htdocs\WMS3\system\View\View.php(232): CodeIgniter\View\View->CodeIgniter\View\{closure}()
#2 C:\xampp\htdocs\WMS3\system\Common.php(1271): CodeIgniter\View\View->render('user_brgy/revie...', Array, true)
#3 C:\xampp\htdocs\WMS3\app\Controllers\UserBarangay.php(86): view('user_brgy/revie...', Array)
#4 C:\xampp\htdocs\WMS3\system\CodeIgniter.php(928): App\Controllers\UserBarangay->reviewB()
#5 C:\xampp\htdocs\WMS3\system\CodeIgniter.php(436): CodeIgniter\CodeIgniter->runController(Object(App\Controllers\UserBarangay))
#6 C:\xampp\htdocs\WMS3\system\CodeIgniter.php(336): CodeIgniter\CodeIgniter->handleRequest(NULL, Object(Config\Cache), false)
#7 C:\xampp\htdocs\WMS3\public\index.php(37): CodeIgniter\CodeIgniter->run()
#8 {main}
CRITICAL - 2021-08-28 04:06:32 --> Cannot use object of type stdClass as array
#0 C:\xampp\htdocs\WMS3\system\View\View.php(230): include()
#1 C:\xampp\htdocs\WMS3\system\View\View.php(232): CodeIgniter\View\View->CodeIgniter\View\{closure}()
#2 C:\xampp\htdocs\WMS3\system\Common.php(1271): CodeIgniter\View\View->render('user_brgy/revie...', Array, true)
#3 C:\xampp\htdocs\WMS3\app\Controllers\UserBarangay.php(86): view('user_brgy/revie...', Array)
#4 C:\xampp\htdocs\WMS3\system\CodeIgniter.php(928): App\Controllers\UserBarangay->reviewB()
#5 C:\xampp\htdocs\WMS3\system\CodeIgniter.php(436): CodeIgniter\CodeIgniter->runController(Object(App\Controllers\UserBarangay))
#6 C:\xampp\htdocs\WMS3\system\CodeIgniter.php(336): CodeIgniter\CodeIgniter->handleRequest(NULL, Object(Config\Cache), false)
#7 C:\xampp\htdocs\WMS3\public\index.php(37): CodeIgniter\CodeIgniter->run()
#8 {main}
CRITICAL - 2021-08-28 04:15:01 --> Cannot use object of type stdClass as array
#0 C:\xampp\htdocs\WMS3\system\View\View.php(230): include()
#1 C:\xampp\htdocs\WMS3\system\View\View.php(232): CodeIgniter\View\View->CodeIgniter\View\{closure}()
#2 C:\xampp\htdocs\WMS3\system\Common.php(1271): CodeIgniter\View\View->render('user_brgy/revie...', Array, true)
#3 C:\xampp\htdocs\WMS3\app\Controllers\UserBarangay.php(86): view('user_brgy/revie...', Array)
#4 C:\xampp\htdocs\WMS3\system\CodeIgniter.php(928): App\Controllers\UserBarangay->reviewB()
#5 C:\xampp\htdocs\WMS3\system\CodeIgniter.php(436): CodeIgniter\CodeIgniter->runController(Object(App\Controllers\UserBarangay))
#6 C:\xampp\htdocs\WMS3\system\CodeIgniter.php(336): CodeIgniter\CodeIgniter->handleRequest(NULL, Object(Config\Cache), false)
#7 C:\xampp\htdocs\WMS3\public\index.php(37): CodeIgniter\CodeIgniter->run()
#8 {main}
CRITICAL - 2021-08-28 04:16:18 --> json_decode(): Argument #1 ($json) must be of type string, stdClass given
#0 C:\xampp\htdocs\WMS3\app\Views\user_brgy\review.php(32): json_decode(Object(stdClass), true)
#1 C:\xampp\htdocs\WMS3\system\View\View.php(230): include('C:\\xampp\\htdocs...')
#2 C:\xampp\htdocs\WMS3\system\View\View.php(232): CodeIgniter\View\View->CodeIgniter\View\{closure}()
#3 C:\xampp\htdocs\WMS3\system\Common.php(1271): CodeIgniter\View\View->render('user_brgy/revie...', Array, true)
#4 C:\xampp\htdocs\WMS3\app\Controllers\UserBarangay.php(86): view('user_brgy/revie...', Array)
#5 C:\xampp\htdocs\WMS3\system\CodeIgniter.php(928): App\Controllers\UserBarangay->reviewB()
#6 C:\xampp\htdocs\WMS3\system\CodeIgniter.php(436): CodeIgniter\CodeIgniter->runController(Object(App\Controllers\UserBarangay))
#7 C:\xampp\htdocs\WMS3\system\CodeIgniter.php(336): CodeIgniter\CodeIgniter->handleRequest(NULL, Object(Config\Cache), false)
#8 C:\xampp\htdocs\WMS3\public\index.php(37): CodeIgniter\CodeIgniter->run()
#9 {main}
CRITICAL - 2021-08-28 04:17:04 --> Cannot use object of type stdClass as array
#0 C:\xampp\htdocs\WMS3\system\View\View.php(230): include()
#1 C:\xampp\htdocs\WMS3\system\View\View.php(232): CodeIgniter\View\View->CodeIgniter\View\{closure}()
#2 C:\xampp\htdocs\WMS3\system\Common.php(1271): CodeIgniter\View\View->render('user_brgy/revie...', Array, true)
#3 C:\xampp\htdocs\WMS3\app\Controllers\UserBarangay.php(86): view('user_brgy/revie...', Array)
#4 C:\xampp\htdocs\WMS3\system\CodeIgniter.php(928): App\Controllers\UserBarangay->reviewB()
#5 C:\xampp\htdocs\WMS3\system\CodeIgniter.php(436): CodeIgniter\CodeIgniter->runController(Object(App\Controllers\UserBarangay))
#6 C:\xampp\htdocs\WMS3\system\CodeIgniter.php(336): CodeIgniter\CodeIgniter->handleRequest(NULL, Object(Config\Cache), false)
#7 C:\xampp\htdocs\WMS3\public\index.php(37): CodeIgniter\CodeIgniter->run()
#8 {main}
CRITICAL - 2021-08-28 04:17:15 --> Cannot use object of type stdClass as array
#0 C:\xampp\htdocs\WMS3\system\View\View.php(230): include()
#1 C:\xampp\htdocs\WMS3\system\View\View.php(232): CodeIgniter\View\View->CodeIgniter\View\{closure}()
#2 C:\xampp\htdocs\WMS3\system\Common.php(1271): CodeIgniter\View\View->render('user_brgy/revie...', Array, true)
#3 C:\xampp\htdocs\WMS3\app\Controllers\UserBarangay.php(86): view('user_brgy/revie...', Array)
#4 C:\xampp\htdocs\WMS3\system\CodeIgniter.php(928): App\Controllers\UserBarangay->reviewB()
#5 C:\xampp\htdocs\WMS3\system\CodeIgniter.php(436): CodeIgniter\CodeIgniter->runController(Object(App\Controllers\UserBarangay))
#6 C:\xampp\htdocs\WMS3\system\CodeIgniter.php(336): CodeIgniter\CodeIgniter->handleRequest(NULL, Object(Config\Cache), false)
#7 C:\xampp\htdocs\WMS3\public\index.php(37): CodeIgniter\CodeIgniter->run()
#8 {main}
CRITICAL - 2021-08-28 04:19:15 --> Cannot use object of type stdClass as array
#0 C:\xampp\htdocs\WMS3\system\View\View.php(230): include()
#1 C:\xampp\htdocs\WMS3\system\View\View.php(232): CodeIgniter\View\View->CodeIgniter\View\{closure}()
#2 C:\xampp\htdocs\WMS3\system\Common.php(1271): CodeIgniter\View\View->render('user_brgy/revie...', Array, true)
#3 C:\xampp\htdocs\WMS3\app\Controllers\UserBarangay.php(86): view('user_brgy/revie...', Array)
#4 C:\xampp\htdocs\WMS3\system\CodeIgniter.php(928): App\Controllers\UserBarangay->reviewB()
#5 C:\xampp\htdocs\WMS3\system\CodeIgniter.php(436): CodeIgniter\CodeIgniter->runController(Object(App\Controllers\UserBarangay))
#6 C:\xampp\htdocs\WMS3\system\CodeIgniter.php(336): CodeIgniter\CodeIgniter->handleRequest(NULL, Object(Config\Cache), false)
#7 C:\xampp\htdocs\WMS3\public\index.php(37): CodeIgniter\CodeIgniter->run()
#8 {main}
CRITICAL - 2021-08-28 04:19:29 --> Cannot use object of type stdClass as array
#0 C:\xampp\htdocs\WMS3\system\View\View.php(230): include()
#1 C:\xampp\htdocs\WMS3\system\View\View.php(232): CodeIgniter\View\View->CodeIgniter\View\{closure}()
#2 C:\xampp\htdocs\WMS3\system\Common.php(1271): CodeIgniter\View\View->render('user_brgy/revie...', Array, true)
#3 C:\xampp\htdocs\WMS3\app\Controllers\UserBarangay.php(86): view('user_brgy/revie...', Array)
#4 C:\xampp\htdocs\WMS3\system\CodeIgniter.php(928): App\Controllers\UserBarangay->reviewB()
#5 C:\xampp\htdocs\WMS3\system\CodeIgniter.php(436): CodeIgniter\CodeIgniter->runController(Object(App\Controllers\UserBarangay))
#6 C:\xampp\htdocs\WMS3\system\CodeIgniter.php(336): CodeIgniter\CodeIgniter->handleRequest(NULL, Object(Config\Cache), false)
#7 C:\xampp\htdocs\WMS3\public\index.php(37): CodeIgniter\CodeIgniter->run()
#8 {main}
CRITICAL - 2021-08-28 04:19:38 --> Undefined array key "waste_type"
#0 C:\xampp\htdocs\WMS3\app\Views\user_brgy\review.php(32): CodeIgniter\Debug\Exceptions->errorHandler(2, 'Undefined array...', 'C:\\xampp\\htdocs...', 32)
#1 C:\xampp\htdocs\WMS3\system\View\View.php(230): include('C:\\xampp\\htdocs...')
#2 C:\xampp\htdocs\WMS3\system\View\View.php(232): CodeIgniter\View\View->CodeIgniter\View\{closure}()
#3 C:\xampp\htdocs\WMS3\system\Common.php(1271): CodeIgniter\View\View->render('user_brgy/revie...', Array, true)
#4 C:\xampp\htdocs\WMS3\app\Controllers\UserBarangay.php(86): view('user_brgy/revie...', Array)
#5 C:\xampp\htdocs\WMS3\system\CodeIgniter.php(928): App\Controllers\UserBarangay->reviewB()
#6 C:\xampp\htdocs\WMS3\system\CodeIgniter.php(436): CodeIgniter\CodeIgniter->runController(Object(App\Controllers\UserBarangay))
#7 C:\xampp\htdocs\WMS3\system\CodeIgniter.php(336): CodeIgniter\CodeIgniter->handleRequest(NULL, Object(Config\Cache), false)
#8 C:\xampp\htdocs\WMS3\public\index.php(37): CodeIgniter\CodeIgniter->run()
#9 {main}
CRITICAL - 2021-08-28 04:20:58 --> Array to string conversion
#0 C:\xampp\htdocs\WMS3\app\Views\user_brgy\review.php(32): CodeIgniter\Debug\Exceptions->errorHandler(2, 'Array to string...', 'C:\\xampp\\htdocs...', 32)
#1 C:\xampp\htdocs\WMS3\system\View\View.php(230): include('C:\\xampp\\htdocs...')
#2 C:\xampp\htdocs\WMS3\system\View\View.php(232): CodeIgniter\View\View->CodeIgniter\View\{closure}()
#3 C:\xampp\htdocs\WMS3\system\Common.php(1271): CodeIgniter\View\View->render('user_brgy/revie...', Array, true)
#4 C:\xampp\htdocs\WMS3\app\Controllers\UserBarangay.php(86): view('user_brgy/revie...', Array)
#5 C:\xampp\htdocs\WMS3\system\CodeIgniter.php(928): App\Controllers\UserBarangay->reviewB()
#6 C:\xampp\htdocs\WMS3\system\CodeIgniter.php(436): CodeIgniter\CodeIgniter->runController(Object(App\Controllers\UserBarangay))
#7 C:\xampp\htdocs\WMS3\system\CodeIgniter.php(336): CodeIgniter\CodeIgniter->handleRequest(NULL, Object(Config\Cache), false)
#8 C:\xampp\htdocs\WMS3\public\index.php(37): CodeIgniter\CodeIgniter->run()
#9 {main}
CRITICAL - 2021-08-28 04:21:06 --> Undefined array key 0
#0 C:\xampp\htdocs\WMS3\app\Views\user_brgy\review.php(32): CodeIgniter\Debug\Exceptions->errorHandler(2, 'Undefined array...', 'C:\\xampp\\htdocs...', 32)
#1 C:\xampp\htdocs\WMS3\system\View\View.php(230): include('C:\\xampp\\htdocs...')
#2 C:\xampp\htdocs\WMS3\system\View\View.php(232): CodeIgniter\View\View->CodeIgniter\View\{closure}()
#3 C:\xampp\htdocs\WMS3\system\Common.php(1271): CodeIgniter\View\View->render('user_brgy/revie...', Array, true)
#4 C:\xampp\htdocs\WMS3\app\Controllers\UserBarangay.php(86): view('user_brgy/revie...', Array)
#5 C:\xampp\htdocs\WMS3\system\CodeIgniter.php(928): App\Controllers\UserBarangay->reviewB()
#6 C:\xampp\htdocs\WMS3\system\CodeIgniter.php(436): CodeIgniter\CodeIgniter->runController(Object(App\Controllers\UserBarangay))
#7 C:\xampp\htdocs\WMS3\system\CodeIgniter.php(336): CodeIgniter\CodeIgniter->handleRequest(NULL, Object(Config\Cache), false)
#8 C:\xampp\htdocs\WMS3\public\index.php(37): CodeIgniter\CodeIgniter->run()
#9 {main}
CRITICAL - 2021-08-28 04:25:33 --> foreach() argument must be of type array|object, string given
#0 C:\xampp\htdocs\WMS3\app\Views\user_brgy\review.php(31): CodeIgniter\Debug\Exceptions->errorHandler(2, 'foreach() argum...', 'C:\\xampp\\htdocs...', 31)
#1 C:\xampp\htdocs\WMS3\system\View\View.php(230): include('C:\\xampp\\htdocs...')
#2 C:\xampp\htdocs\WMS3\system\View\View.php(232): CodeIgniter\View\View->CodeIgniter\View\{closure}()
#3 C:\xampp\htdocs\WMS3\system\Common.php(1271): CodeIgniter\View\View->render('user_brgy/revie...', Array, true)
#4 C:\xampp\htdocs\WMS3\app\Controllers\UserBarangay.php(86): view('user_brgy/revie...', Array)
#5 C:\xampp\htdocs\WMS3\system\CodeIgniter.php(928): App\Controllers\UserBarangay->reviewB()
#6 C:\xampp\htdocs\WMS3\system\CodeIgniter.php(436): CodeIgniter\CodeIgniter->runController(Object(App\Controllers\UserBarangay))
#7 C:\xampp\htdocs\WMS3\system\CodeIgniter.php(336): CodeIgniter\CodeIgniter->handleRequest(NULL, Object(Config\Cache), false)
#8 C:\xampp\htdocs\WMS3\public\index.php(37): CodeIgniter\CodeIgniter->run()
#9 {main}
CRITICAL - 2021-08-28 04:27:36 --> Cannot use object of type stdClass as array
#0 C:\xampp\htdocs\WMS3\system\View\View.php(230): include()
#1 C:\xampp\htdocs\WMS3\system\View\View.php(232): CodeIgniter\View\View->CodeIgniter\View\{closure}()
#2 C:\xampp\htdocs\WMS3\system\Common.php(1271): CodeIgniter\View\View->render('user_brgy/revie...', Array, true)
#3 C:\xampp\htdocs\WMS3\app\Controllers\UserBarangay.php(86): view('user_brgy/revie...', Array)
#4 C:\xampp\htdocs\WMS3\system\CodeIgniter.php(928): App\Controllers\UserBarangay->reviewB()
#5 C:\xampp\htdocs\WMS3\system\CodeIgniter.php(436): CodeIgniter\CodeIgniter->runController(Object(App\Controllers\UserBarangay))
#6 C:\xampp\htdocs\WMS3\system\CodeIgniter.php(336): CodeIgniter\CodeIgniter->handleRequest(NULL, Object(Config\Cache), false)
#7 C:\xampp\htdocs\WMS3\public\index.php(37): CodeIgniter\CodeIgniter->run()
#8 {main}
CRITICAL - 2021-08-28 05:46:11 --> There is no data to update.
#0 C:\xampp\htdocs\WMS3\system\BaseModel.php(1668): CodeIgniter\Database\Exceptions\DataException::forEmptyDataset('update')
#1 C:\xampp\htdocs\WMS3\system\BaseModel.php(880): CodeIgniter\BaseModel->transformDataToArray(NULL, 'update')
#2 C:\xampp\htdocs\WMS3\system\Model.php(718): CodeIgniter\BaseModel->update(Array, NULL)
#3 C:\xampp\htdocs\WMS3\app\Controllers\UserBarangay.php(116): CodeIgniter\Model->update(Array)
#4 C:\xampp\htdocs\WMS3\system\CodeIgniter.php(928): App\Controllers\UserBarangay->tryUpdate()
#5 C:\xampp\htdocs\WMS3\system\CodeIgniter.php(436): CodeIgniter\CodeIgniter->runController(Object(App\Controllers\UserBarangay))
#6 C:\xampp\htdocs\WMS3\system\CodeIgniter.php(336): CodeIgniter\CodeIgniter->handleRequest(NULL, Object(Config\Cache), false)
#7 C:\xampp\htdocs\WMS3\public\index.php(37): CodeIgniter\CodeIgniter->run()
#8 {main}
CRITICAL - 2021-08-28 05:46:35 --> There is no data to update.
#0 C:\xampp\htdocs\WMS3\system\BaseModel.php(1668): CodeIgniter\Database\Exceptions\DataException::forEmptyDataset('update')
#1 C:\xampp\htdocs\WMS3\system\BaseModel.php(880): CodeIgniter\BaseModel->transformDataToArray(NULL, 'update')
#2 C:\xampp\htdocs\WMS3\system\Model.php(718): CodeIgniter\BaseModel->update(Array, NULL)
#3 C:\xampp\htdocs\WMS3\app\Controllers\UserBarangay.php(115): CodeIgniter\Model->update(Array)
#4 C:\xampp\htdocs\WMS3\system\CodeIgniter.php(928): App\Controllers\UserBarangay->tryUpdate()
#5 C:\xampp\htdocs\WMS3\system\CodeIgniter.php(436): CodeIgniter\CodeIgniter->runController(Object(App\Controllers\UserBarangay))
#6 C:\xampp\htdocs\WMS3\system\CodeIgniter.php(336): CodeIgniter\CodeIgniter->handleRequest(NULL, Object(Config\Cache), false)
#7 C:\xampp\htdocs\WMS3\public\index.php(37): CodeIgniter\CodeIgniter->run()
#8 {main}
CRITICAL - 2021-08-28 05:46:36 --> There is no data to update.
#0 C:\xampp\htdocs\WMS3\system\BaseModel.php(1668): CodeIgniter\Database\Exceptions\DataException::forEmptyDataset('update')
#1 C:\xampp\htdocs\WMS3\system\BaseModel.php(880): CodeIgniter\BaseModel->transformDataToArray(NULL, 'update')
#2 C:\xampp\htdocs\WMS3\system\Model.php(718): CodeIgniter\BaseModel->update(Array, NULL)
#3 C:\xampp\htdocs\WMS3\app\Controllers\UserBarangay.php(115): CodeIgniter\Model->update(Array)
#4 C:\xampp\htdocs\WMS3\system\CodeIgniter.php(928): App\Controllers\UserBarangay->tryUpdate()
#5 C:\xampp\htdocs\WMS3\system\CodeIgniter.php(436): CodeIgniter\CodeIgniter->runController(Object(App\Controllers\UserBarangay))
#6 C:\xampp\htdocs\WMS3\system\CodeIgniter.php(336): CodeIgniter\CodeIgniter->handleRequest(NULL, Object(Config\Cache), false)
#7 C:\xampp\htdocs\WMS3\public\index.php(37): CodeIgniter\CodeIgniter->run()
#8 {main}
CRITICAL - 2021-08-28 05:46:37 --> There is no data to update.
#0 C:\xampp\htdocs\WMS3\system\BaseModel.php(1668): CodeIgniter\Database\Exceptions\DataException::forEmptyDataset('update')
#1 C:\xampp\htdocs\WMS3\system\BaseModel.php(880): CodeIgniter\BaseModel->transformDataToArray(NULL, 'update')
#2 C:\xampp\htdocs\WMS3\system\Model.php(718): CodeIgniter\BaseModel->update(Array, NULL)
#3 C:\xampp\htdocs\WMS3\app\Controllers\UserBarangay.php(115): CodeIgniter\Model->update(Array)
#4 C:\xampp\htdocs\WMS3\system\CodeIgniter.php(928): App\Controllers\UserBarangay->tryUpdate()
#5 C:\xampp\htdocs\WMS3\system\CodeIgniter.php(436): CodeIgniter\CodeIgniter->runController(Object(App\Controllers\UserBarangay))
#6 C:\xampp\htdocs\WMS3\system\CodeIgniter.php(336): CodeIgniter\CodeIgniter->handleRequest(NULL, Object(Config\Cache), false)
#7 C:\xampp\htdocs\WMS3\public\index.php(37): CodeIgniter\CodeIgniter->run()
#8 {main}
CRITICAL - 2021-08-28 05:46:37 --> There is no data to update.
#0 C:\xampp\htdocs\WMS3\system\BaseModel.php(1668): CodeIgniter\Database\Exceptions\DataException::forEmptyDataset('update')
#1 C:\xampp\htdocs\WMS3\system\BaseModel.php(880): CodeIgniter\BaseModel->transformDataToArray(NULL, 'update')
#2 C:\xampp\htdocs\WMS3\system\Model.php(718): CodeIgniter\BaseModel->update(Array, NULL)
#3 C:\xampp\htdocs\WMS3\app\Controllers\UserBarangay.php(115): CodeIgniter\Model->update(Array)
#4 C:\xampp\htdocs\WMS3\system\CodeIgniter.php(928): App\Controllers\UserBarangay->tryUpdate()
#5 C:\xampp\htdocs\WMS3\system\CodeIgniter.php(436): CodeIgniter\CodeIgniter->runController(Object(App\Controllers\UserBarangay))
#6 C:\xampp\htdocs\WMS3\system\CodeIgniter.php(336): CodeIgniter\CodeIgniter->handleRequest(NULL, Object(Config\Cache), false)
#7 C:\xampp\htdocs\WMS3\public\index.php(37): CodeIgniter\CodeIgniter->run()
#8 {main}
CRITICAL - 2021-08-28 05:46:37 --> There is no data to update.
#0 C:\xampp\htdocs\WMS3\system\BaseModel.php(1668): CodeIgniter\Database\Exceptions\DataException::forEmptyDataset('update')
#1 C:\xampp\htdocs\WMS3\system\BaseModel.php(880): CodeIgniter\BaseModel->transformDataToArray(NULL, 'update')
#2 C:\xampp\htdocs\WMS3\system\Model.php(718): CodeIgniter\BaseModel->update(Array, NULL)
#3 C:\xampp\htdocs\WMS3\app\Controllers\UserBarangay.php(115): CodeIgniter\Model->update(Array)
#4 C:\xampp\htdocs\WMS3\system\CodeIgniter.php(928): App\Controllers\UserBarangay->tryUpdate()
#5 C:\xampp\htdocs\WMS3\system\CodeIgniter.php(436): CodeIgniter\CodeIgniter->runController(Object(App\Controllers\UserBarangay))
#6 C:\xampp\htdocs\WMS3\system\CodeIgniter.php(336): CodeIgniter\CodeIgniter->handleRequest(NULL, Object(Config\Cache), false)
#7 C:\xampp\htdocs\WMS3\public\index.php(37): CodeIgniter\CodeIgniter->run()
#8 {main}
CRITICAL - 2021-08-28 05:46:37 --> There is no data to update.
#0 C:\xampp\htdocs\WMS3\system\BaseModel.php(1668): CodeIgniter\Database\Exceptions\DataException::forEmptyDataset('update')
#1 C:\xampp\htdocs\WMS3\system\BaseModel.php(880): CodeIgniter\BaseModel->transformDataToArray(NULL, 'update')
#2 C:\xampp\htdocs\WMS3\system\Model.php(718): CodeIgniter\BaseModel->update(Array, NULL)
#3 C:\xampp\htdocs\WMS3\app\Controllers\UserBarangay.php(115): CodeIgniter\Model->update(Array)
#4 C:\xampp\htdocs\WMS3\system\CodeIgniter.php(928): App\Controllers\UserBarangay->tryUpdate()
#5 C:\xampp\htdocs\WMS3\system\CodeIgniter.php(436): CodeIgniter\CodeIgniter->runController(Object(App\Controllers\UserBarangay))
#6 C:\xampp\htdocs\WMS3\system\CodeIgniter.php(336): CodeIgniter\CodeIgniter->handleRequest(NULL, Object(Config\Cache), false)
#7 C:\xampp\htdocs\WMS3\public\index.php(37): CodeIgniter\CodeIgniter->run()
#8 {main}
CRITICAL - 2021-08-28 05:50:20 --> Undefined property: App\Controllers\UserBarangay::$db
#0 C:\xampp\htdocs\WMS3\app\Controllers\UserBarangay.php(110): CodeIgniter\Debug\Exceptions->errorHandler(2, 'Undefined prope...', 'C:\\xampp\\htdocs...', 110)
#1 C:\xampp\htdocs\WMS3\system\CodeIgniter.php(928): App\Controllers\UserBarangay->tryUpdate()
#2 C:\xampp\htdocs\WMS3\system\CodeIgniter.php(436): CodeIgniter\CodeIgniter->runController(Object(App\Controllers\UserBarangay))
#3 C:\xampp\htdocs\WMS3\system\CodeIgniter.php(336): CodeIgniter\CodeIgniter->handleRequest(NULL, Object(Config\Cache), false)
#4 C:\xampp\htdocs\WMS3\public\index.php(37): CodeIgniter\CodeIgniter->run()
#5 {main}
CRITICAL - 2021-08-28 06:12:25 --> Undefined array key "waste"
#0 C:\xampp\htdocs\WMS3\app\Views\user_brgy\review.php(73): CodeIgniter\Debug\Exceptions->errorHandler(2, 'Undefined array...', 'C:\\xampp\\htdocs...', 73)
#1 C:\xampp\htdocs\WMS3\system\View\View.php(230): include('C:\\xampp\\htdocs...')
#2 C:\xampp\htdocs\WMS3\system\View\View.php(232): CodeIgniter\View\View->CodeIgniter\View\{closure}()
#3 C:\xampp\htdocs\WMS3\system\Common.php(1271): CodeIgniter\View\View->render('user_brgy/revie...', Array, true)
#4 C:\xampp\htdocs\WMS3\app\Controllers\UserBarangay.php(88): view('user_brgy/revie...', Array, Array)
#5 C:\xampp\htdocs\WMS3\system\CodeIgniter.php(928): App\Controllers\UserBarangay->reviewB()
#6 C:\xampp\htdocs\WMS3\system\CodeIgniter.php(436): CodeIgniter\CodeIgniter->runController(Object(App\Controllers\UserBarangay))
#7 C:\xampp\htdocs\WMS3\system\CodeIgniter.php(336): CodeIgniter\CodeIgniter->handleRequest(NULL, Object(Config\Cache), false)
#8 C:\xampp\htdocs\WMS3\public\index.php(37): CodeIgniter\CodeIgniter->run()
#9 {main}
CRITICAL - 2021-08-28 06:12:46 --> Undefined variable $waste
#0 C:\xampp\htdocs\WMS3\app\Views\user_brgy\review.php(68): CodeIgniter\Debug\Exceptions->errorHandler(2, 'Undefined varia...', 'C:\\xampp\\htdocs...', 68)
#1 C:\xampp\htdocs\WMS3\system\View\View.php(230): include('C:\\xampp\\htdocs...')
#2 C:\xampp\htdocs\WMS3\system\View\View.php(232): CodeIgniter\View\View->CodeIgniter\View\{closure}()
#3 C:\xampp\htdocs\WMS3\system\Common.php(1271): CodeIgniter\View\View->render('user_brgy/revie...', Array, true)
#4 C:\xampp\htdocs\WMS3\app\Controllers\UserBarangay.php(88): view('user_brgy/revie...', Array, Array)
#5 C:\xampp\htdocs\WMS3\system\CodeIgniter.php(928): App\Controllers\UserBarangay->reviewB()
#6 C:\xampp\htdocs\WMS3\system\CodeIgniter.php(436): CodeIgniter\CodeIgniter->runController(Object(App\Controllers\UserBarangay))
#7 C:\xampp\htdocs\WMS3\system\CodeIgniter.php(336): CodeIgniter\CodeIgniter->handleRequest(NULL, Object(Config\Cache), false)
#8 C:\xampp\htdocs\WMS3\public\index.php(37): CodeIgniter\CodeIgniter->run()
#9 {main}
CRITICAL - 2021-08-28 06:13:20 --> Undefined variable $data
#0 C:\xampp\htdocs\WMS3\app\Views\user_brgy\review.php(31): CodeIgniter\Debug\Exceptions->errorHandler(2, 'Undefined varia...', 'C:\\xampp\\htdocs...', 31)
#1 C:\xampp\htdocs\WMS3\system\View\View.php(230): include('C:\\xampp\\htdocs...')
#2 C:\xampp\htdocs\WMS3\system\View\View.php(232): CodeIgniter\View\View->CodeIgniter\View\{closure}()
#3 C:\xampp\htdocs\WMS3\system\Common.php(1271): CodeIgniter\View\View->render('user_brgy/revie...', Array, true)
#4 C:\xampp\htdocs\WMS3\app\Controllers\UserBarangay.php(88): view('user_brgy/revie...', Array)
#5 C:\xampp\htdocs\WMS3\system\CodeIgniter.php(928): App\Controllers\UserBarangay->reviewB()
#6 C:\xampp\htdocs\WMS3\system\CodeIgniter.php(436): CodeIgniter\CodeIgniter->runController(Object(App\Controllers\UserBarangay))
#7 C:\xampp\htdocs\WMS3\system\CodeIgniter.php(336): CodeIgniter\CodeIgniter->handleRequest(NULL, Object(Config\Cache), false)
#8 C:\xampp\htdocs\WMS3\public\index.php(37): CodeIgniter\CodeIgniter->run()
#9 {main}
CRITICAL - 2021-08-28 06:13:38 --> Undefined array key "waste"
#0 C:\xampp\htdocs\WMS3\app\Views\user_brgy\review.php(73): CodeIgniter\Debug\Exceptions->errorHandler(2, 'Undefined array...', 'C:\\xampp\\htdocs...', 73)
#1 C:\xampp\htdocs\WMS3\system\View\View.php(230): include('C:\\xampp\\htdocs...')
#2 C:\xampp\htdocs\WMS3\system\View\View.php(232): CodeIgniter\View\View->CodeIgniter\View\{closure}()
#3 C:\xampp\htdocs\WMS3\system\Common.php(1271): CodeIgniter\View\View->render('user_brgy/revie...', Array, true)
#4 C:\xampp\htdocs\WMS3\app\Controllers\UserBarangay.php(88): view('user_brgy/revie...', Array)
#5 C:\xampp\htdocs\WMS3\system\CodeIgniter.php(928): App\Controllers\UserBarangay->reviewB()
#6 C:\xampp\htdocs\WMS3\system\CodeIgniter.php(436): CodeIgniter\CodeIgniter->runController(Object(App\Controllers\UserBarangay))
#7 C:\xampp\htdocs\WMS3\system\CodeIgniter.php(336): CodeIgniter\CodeIgniter->handleRequest(NULL, Object(Config\Cache), false)
#8 C:\xampp\htdocs\WMS3\public\index.php(37): CodeIgniter\CodeIgniter->run()
#9 {main}
CRITICAL - 2021-08-28 06:16:59 --> Undefined variable $waste
#0 C:\xampp\htdocs\WMS3\app\Views\user_brgy\review.php(68): CodeIgniter\Debug\Exceptions->errorHandler(2, 'Undefined varia...', 'C:\\xampp\\htdocs...', 68)
#1 C:\xampp\htdocs\WMS3\system\View\View.php(230): include('C:\\xampp\\htdocs...')
#2 C:\xampp\htdocs\WMS3\system\View\View.php(232): CodeIgniter\View\View->CodeIgniter\View\{closure}()
#3 C:\xampp\htdocs\WMS3\system\Common.php(1271): CodeIgniter\View\View->render('user_brgy/revie...', Array, true)
#4 C:\xampp\htdocs\WMS3\app\Controllers\UserBarangay.php(88): view('user_brgy/revie...', Array)
#5 C:\xampp\htdocs\WMS3\system\CodeIgniter.php(928): App\Controllers\UserBarangay->reviewB()
#6 C:\xampp\htdocs\WMS3\system\CodeIgniter.php(436): CodeIgniter\CodeIgniter->runController(Object(App\Controllers\UserBarangay))
#7 C:\xampp\htdocs\WMS3\system\CodeIgniter.php(336): CodeIgniter\CodeIgniter->handleRequest(NULL, Object(Config\Cache), false)
#8 C:\xampp\htdocs\WMS3\public\index.php(37): CodeIgniter\CodeIgniter->run()
#9 {main}
CRITICAL - 2021-08-28 06:21:13 --> Undefined variable $waste
#0 C:\xampp\htdocs\WMS3\app\Views\user_brgy\review.php(68): CodeIgniter\Debug\Exceptions->errorHandler(2, 'Undefined varia...', 'C:\\xampp\\htdocs...', 68)
#1 C:\xampp\htdocs\WMS3\system\View\View.php(230): include('C:\\xampp\\htdocs...')
#2 C:\xampp\htdocs\WMS3\system\View\View.php(232): CodeIgniter\View\View->CodeIgniter\View\{closure}()
#3 C:\xampp\htdocs\WMS3\system\Common.php(1271): CodeIgniter\View\View->render('user_brgy/revie...', Array, true)
#4 C:\xampp\htdocs\WMS3\app\Controllers\UserBarangay.php(88): view('user_brgy/revie...', Array)
#5 C:\xampp\htdocs\WMS3\system\CodeIgniter.php(928): App\Controllers\UserBarangay->reviewB()
#6 C:\xampp\htdocs\WMS3\system\CodeIgniter.php(436): CodeIgniter\CodeIgniter->runController(Object(App\Controllers\UserBarangay))
#7 C:\xampp\htdocs\WMS3\system\CodeIgniter.php(336): CodeIgniter\CodeIgniter->handleRequest(NULL, Object(Config\Cache), false)
#8 C:\xampp\htdocs\WMS3\public\index.php(37): CodeIgniter\CodeIgniter->run()
#9 {main}
CRITICAL - 2021-08-28 06:21:14 --> Undefined variable $waste
#0 C:\xampp\htdocs\WMS3\app\Views\user_brgy\review.php(68): CodeIgniter\Debug\Exceptions->errorHandler(2, 'Undefined varia...', 'C:\\xampp\\htdocs...', 68)
#1 C:\xampp\htdocs\WMS3\system\View\View.php(230): include('C:\\xampp\\htdocs...')
#2 C:\xampp\htdocs\WMS3\system\View\View.php(232): CodeIgniter\View\View->CodeIgniter\View\{closure}()
#3 C:\xampp\htdocs\WMS3\system\Common.php(1271): CodeIgniter\View\View->render('user_brgy/revie...', Array, true)
#4 C:\xampp\htdocs\WMS3\app\Controllers\UserBarangay.php(88): view('user_brgy/revie...', Array)
#5 C:\xampp\htdocs\WMS3\system\CodeIgniter.php(928): App\Controllers\UserBarangay->reviewB()
#6 C:\xampp\htdocs\WMS3\system\CodeIgniter.php(436): CodeIgniter\CodeIgniter->runController(Object(App\Controllers\UserBarangay))
#7 C:\xampp\htdocs\WMS3\system\CodeIgniter.php(336): CodeIgniter\CodeIgniter->handleRequest(NULL, Object(Config\Cache), false)
#8 C:\xampp\htdocs\WMS3\public\index.php(37): CodeIgniter\CodeIgniter->run()
#9 {main}
CRITICAL - 2021-08-28 06:21:14 --> Undefined variable $waste
#0 C:\xampp\htdocs\WMS3\app\Views\user_brgy\review.php(68): CodeIgniter\Debug\Exceptions->errorHandler(2, 'Undefined varia...', 'C:\\xampp\\htdocs...', 68)
#1 C:\xampp\htdocs\WMS3\system\View\View.php(230): include('C:\\xampp\\htdocs...')
#2 C:\xampp\htdocs\WMS3\system\View\View.php(232): CodeIgniter\View\View->CodeIgniter\View\{closure}()
#3 C:\xampp\htdocs\WMS3\system\Common.php(1271): CodeIgniter\View\View->render('user_brgy/revie...', Array, true)
#4 C:\xampp\htdocs\WMS3\app\Controllers\UserBarangay.php(88): view('user_brgy/revie...', Array)
#5 C:\xampp\htdocs\WMS3\system\CodeIgniter.php(928): App\Controllers\UserBarangay->reviewB()
#6 C:\xampp\htdocs\WMS3\system\CodeIgniter.php(436): CodeIgniter\CodeIgniter->runController(Object(App\Controllers\UserBarangay))
#7 C:\xampp\htdocs\WMS3\system\CodeIgniter.php(336): CodeIgniter\CodeIgniter->handleRequest(NULL, Object(Config\Cache), false)
#8 C:\xampp\htdocs\WMS3\public\index.php(37): CodeIgniter\CodeIgniter->run()
#9 {main}
CRITICAL - 2021-08-28 06:21:31 --> Undefined array key "waste"
#0 C:\xampp\htdocs\WMS3\app\Views\user_brgy\review.php(73): CodeIgniter\Debug\Exceptions->errorHandler(2, 'Undefined array...', 'C:\\xampp\\htdocs...', 73)
#1 C:\xampp\htdocs\WMS3\system\View\View.php(230): include('C:\\xampp\\htdocs...')
#2 C:\xampp\htdocs\WMS3\system\View\View.php(232): CodeIgniter\View\View->CodeIgniter\View\{closure}()
#3 C:\xampp\htdocs\WMS3\system\Common.php(1271): CodeIgniter\View\View->render('user_brgy/revie...', Array, true)
#4 C:\xampp\htdocs\WMS3\app\Controllers\UserBarangay.php(88): view('user_brgy/revie...', Array)
#5 C:\xampp\htdocs\WMS3\system\CodeIgniter.php(928): App\Controllers\UserBarangay->reviewB()
#6 C:\xampp\htdocs\WMS3\system\CodeIgniter.php(436): CodeIgniter\CodeIgniter->runController(Object(App\Controllers\UserBarangay))
#7 C:\xampp\htdocs\WMS3\system\CodeIgniter.php(336): CodeIgniter\CodeIgniter->handleRequest(NULL, Object(Config\Cache), false)
#8 C:\xampp\htdocs\WMS3\public\index.php(37): CodeIgniter\CodeIgniter->run()
#9 {main}
CRITICAL - 2021-08-28 06:21:41 --> Undefined array key "waste"
#0 C:\xampp\htdocs\WMS3\app\Views\user_brgy\review.php(75): CodeIgniter\Debug\Exceptions->errorHandler(2, 'Undefined array...', 'C:\\xampp\\htdocs...', 75)
#1 C:\xampp\htdocs\WMS3\system\View\View.php(230): include('C:\\xampp\\htdocs...')
#2 C:\xampp\htdocs\WMS3\system\View\View.php(232): CodeIgniter\View\View->CodeIgniter\View\{closure}()
#3 C:\xampp\htdocs\WMS3\system\Common.php(1271): CodeIgniter\View\View->render('user_brgy/revie...', Array, true)
#4 C:\xampp\htdocs\WMS3\app\Controllers\UserBarangay.php(88): view('user_brgy/revie...', Array)
#5 C:\xampp\htdocs\WMS3\system\CodeIgniter.php(928): App\Controllers\UserBarangay->reviewB()
#6 C:\xampp\htdocs\WMS3\system\CodeIgniter.php(436): CodeIgniter\CodeIgniter->runController(Object(App\Controllers\UserBarangay))
#7 C:\xampp\htdocs\WMS3\system\CodeIgniter.php(336): CodeIgniter\CodeIgniter->handleRequest(NULL, Object(Config\Cache), false)
#8 C:\xampp\htdocs\WMS3\public\index.php(37): CodeIgniter\CodeIgniter->run()
#9 {main}
CRITICAL - 2021-08-28 07:25:28 --> You must specify an index to match on for batch updates.
#0 C:\xampp\htdocs\WMS3\app\Controllers\UserBarangay.php(129): CodeIgniter\Database\BaseBuilder->updateBatch(Array)
#1 C:\xampp\htdocs\WMS3\system\CodeIgniter.php(928): App\Controllers\UserBarangay->tryUpdate()
#2 C:\xampp\htdocs\WMS3\system\CodeIgniter.php(436): CodeIgniter\CodeIgniter->runController(Object(App\Controllers\UserBarangay))
#3 C:\xampp\htdocs\WMS3\system\CodeIgniter.php(336): CodeIgniter\CodeIgniter->handleRequest(NULL, Object(Config\Cache), false)
#4 C:\xampp\htdocs\WMS3\public\index.php(37): CodeIgniter\CodeIgniter->run()
#5 {main}
CRITICAL - 2021-08-28 20:09:43 --> Undefined variable $row
#0 C:\xampp\htdocs\WMS3\app\Views\user_brgy\review.php(63): CodeIgniter\Debug\Exceptions->errorHandler(2, 'Undefined varia...', 'C:\\xampp\\htdocs...', 63)
#1 C:\xampp\htdocs\WMS3\system\View\View.php(230): include('C:\\xampp\\htdocs...')
#2 C:\xampp\htdocs\WMS3\system\View\View.php(232): CodeIgniter\View\View->CodeIgniter\View\{closure}()
#3 C:\xampp\htdocs\WMS3\system\Common.php(1271): CodeIgniter\View\View->render('user_brgy/revie...', Array, true)
#4 C:\xampp\htdocs\WMS3\app\Controllers\UserBarangay.php(88): view('user_brgy/revie...', Array)
#5 C:\xampp\htdocs\WMS3\system\CodeIgniter.php(928): App\Controllers\UserBarangay->reviewB()
#6 C:\xampp\htdocs\WMS3\system\CodeIgniter.php(436): CodeIgniter\CodeIgniter->runController(Object(App\Controllers\UserBarangay))
#7 C:\xampp\htdocs\WMS3\system\CodeIgniter.php(336): CodeIgniter\CodeIgniter->handleRequest(NULL, Object(Config\Cache), false)
#8 C:\xampp\htdocs\WMS3\public\index.php(37): CodeIgniter\CodeIgniter->run()
#9 {main}
CRITICAL - 2021-08-28 20:10:17 --> Undefined variable $row
#0 C:\xampp\htdocs\WMS3\app\Views\user_brgy\review.php(63): CodeIgniter\Debug\Exceptions->errorHandler(2, 'Undefined varia...', 'C:\\xampp\\htdocs...', 63)
#1 C:\xampp\htdocs\WMS3\system\View\View.php(230): include('C:\\xampp\\htdocs...')
#2 C:\xampp\htdocs\WMS3\system\View\View.php(232): CodeIgniter\View\View->CodeIgniter\View\{closure}()
#3 C:\xampp\htdocs\WMS3\system\Common.php(1271): CodeIgniter\View\View->render('user_brgy/revie...', Array, true)
#4 C:\xampp\htdocs\WMS3\app\Controllers\UserBarangay.php(88): view('user_brgy/revie...', Array)
#5 C:\xampp\htdocs\WMS3\system\CodeIgniter.php(928): App\Controllers\UserBarangay->reviewB()
#6 C:\xampp\htdocs\WMS3\system\CodeIgniter.php(436): CodeIgniter\CodeIgniter->runController(Object(App\Controllers\UserBarangay))
#7 C:\xampp\htdocs\WMS3\system\CodeIgniter.php(336): CodeIgniter\CodeIgniter->handleRequest(NULL, Object(Config\Cache), false)
#8 C:\xampp\htdocs\WMS3\public\index.php(37): CodeIgniter\CodeIgniter->run()
#9 {main}
CRITICAL - 2021-08-28 20:10:19 --> Undefined variable $row
#0 C:\xampp\htdocs\WMS3\app\Views\user_brgy\review.php(63): CodeIgniter\Debug\Exceptions->errorHandler(2, 'Undefined varia...', 'C:\\xampp\\htdocs...', 63)
#1 C:\xampp\htdocs\WMS3\system\View\View.php(230): include('C:\\xampp\\htdocs...')
#2 C:\xampp\htdocs\WMS3\system\View\View.php(232): CodeIgniter\View\View->CodeIgniter\View\{closure}()
#3 C:\xampp\htdocs\WMS3\system\Common.php(1271): CodeIgniter\View\View->render('user_brgy/revie...', Array, true)
#4 C:\xampp\htdocs\WMS3\app\Controllers\UserBarangay.php(88): view('user_brgy/revie...', Array)
#5 C:\xampp\htdocs\WMS3\system\CodeIgniter.php(928): App\Controllers\UserBarangay->reviewB()
#6 C:\xampp\htdocs\WMS3\system\CodeIgniter.php(436): CodeIgniter\CodeIgniter->runController(Object(App\Controllers\UserBarangay))
#7 C:\xampp\htdocs\WMS3\system\CodeIgniter.php(336): CodeIgniter\CodeIgniter->handleRequest(NULL, Object(Config\Cache), false)
#8 C:\xampp\htdocs\WMS3\public\index.php(37): CodeIgniter\CodeIgniter->run()
#9 {main}
CRITICAL - 2021-08-28 20:48:49 --> Undefined array key 0
#0 C:\xampp\htdocs\WMS3\app\Controllers\UserBarangay.php(66): CodeIgniter\Debug\Exceptions->errorHandler(2, 'Undefined array...', 'C:\\xampp\\htdocs...', 66)
#1 C:\xampp\htdocs\WMS3\system\CodeIgniter.php(928): App\Controllers\UserBarangay->actionB()
#2 C:\xampp\htdocs\WMS3\system\CodeIgniter.php(436): CodeIgniter\CodeIgniter->runController(Object(App\Controllers\UserBarangay))
#3 C:\xampp\htdocs\WMS3\system\CodeIgniter.php(336): CodeIgniter\CodeIgniter->handleRequest(NULL, Object(Config\Cache), false)
#4 C:\xampp\htdocs\WMS3\public\index.php(37): CodeIgniter\CodeIgniter->run()
#5 {main}
CRITICAL - 2021-08-28 20:49:47 --> Undefined array key 0
#0 C:\xampp\htdocs\WMS3\app\Controllers\UserBarangay.php(66): CodeIgniter\Debug\Exceptions->errorHandler(2, 'Undefined array...', 'C:\\xampp\\htdocs...', 66)
#1 C:\xampp\htdocs\WMS3\system\CodeIgniter.php(928): App\Controllers\UserBarangay->actionB()
#2 C:\xampp\htdocs\WMS3\system\CodeIgniter.php(436): CodeIgniter\CodeIgniter->runController(Object(App\Controllers\UserBarangay))
#3 C:\xampp\htdocs\WMS3\system\CodeIgniter.php(336): CodeIgniter\CodeIgniter->handleRequest(NULL, Object(Config\Cache), false)
#4 C:\xampp\htdocs\WMS3\public\index.php(37): CodeIgniter\CodeIgniter->run()
#5 {main}
CRITICAL - 2021-08-28 20:51:40 --> Undefined array key 0
#0 C:\xampp\htdocs\WMS3\app\Controllers\UserBarangay.php(44): CodeIgniter\Debug\Exceptions->errorHandler(2, 'Undefined array...', 'C:\\xampp\\htdocs...', 44)
#1 C:\xampp\htdocs\WMS3\system\CodeIgniter.php(928): App\Controllers\UserBarangay->TryInsert()
#2 C:\xampp\htdocs\WMS3\system\CodeIgniter.php(436): CodeIgniter\CodeIgniter->runController(Object(App\Controllers\UserBarangay))
#3 C:\xampp\htdocs\WMS3\system\CodeIgniter.php(336): CodeIgniter\CodeIgniter->handleRequest(NULL, Object(Config\Cache), false)
#4 C:\xampp\htdocs\WMS3\public\index.php(37): CodeIgniter\CodeIgniter->run()
#5 {main}
CRITICAL - 2021-08-28 20:52:14 --> Undefined array key 1
#0 C:\xampp\htdocs\WMS3\app\Controllers\UserBarangay.php(44): CodeIgniter\Debug\Exceptions->errorHandler(2, 'Undefined array...', 'C:\\xampp\\htdocs...', 44)
#1 C:\xampp\htdocs\WMS3\system\CodeIgniter.php(928): App\Controllers\UserBarangay->TryInsert()
#2 C:\xampp\htdocs\WMS3\system\CodeIgniter.php(436): CodeIgniter\CodeIgniter->runController(Object(App\Controllers\UserBarangay))
#3 C:\xampp\htdocs\WMS3\system\CodeIgniter.php(336): CodeIgniter\CodeIgniter->handleRequest(NULL, Object(Config\Cache), false)
#4 C:\xampp\htdocs\WMS3\public\index.php(37): CodeIgniter\CodeIgniter->run()
#5 {main}
CRITICAL - 2021-08-28 20:52:34 --> Undefined array key 1
#0 C:\xampp\htdocs\WMS3\app\Controllers\UserBarangay.php(44): CodeIgniter\Debug\Exceptions->errorHandler(2, 'Undefined array...', 'C:\\xampp\\htdocs...', 44)
#1 C:\xampp\htdocs\WMS3\system\CodeIgniter.php(928): App\Controllers\UserBarangay->TryInsert()
#2 C:\xampp\htdocs\WMS3\system\CodeIgniter.php(436): CodeIgniter\CodeIgniter->runController(Object(App\Controllers\UserBarangay))
#3 C:\xampp\htdocs\WMS3\system\CodeIgniter.php(336): CodeIgniter\CodeIgniter->handleRequest(NULL, Object(Config\Cache), false)
#4 C:\xampp\htdocs\WMS3\public\index.php(37): CodeIgniter\CodeIgniter->run()
#5 {main}
CRITICAL - 2021-08-28 20:53:27 --> Undefined array key 1
#0 C:\xampp\htdocs\WMS3\app\Controllers\UserBarangay.php(66): CodeIgniter\Debug\Exceptions->errorHandler(2, 'Undefined array...', 'C:\\xampp\\htdocs...', 66)
#1 C:\xampp\htdocs\WMS3\system\CodeIgniter.php(928): App\Controllers\UserBarangay->actionB()
#2 C:\xampp\htdocs\WMS3\system\CodeIgniter.php(436): CodeIgniter\CodeIgniter->runController(Object(App\Controllers\UserBarangay))
#3 C:\xampp\htdocs\WMS3\system\CodeIgniter.php(336): CodeIgniter\CodeIgniter->handleRequest(NULL, Object(Config\Cache), false)
#4 C:\xampp\htdocs\WMS3\public\index.php(37): CodeIgniter\CodeIgniter->run()
#5 {main}
CRITICAL - 2021-08-28 20:56:04 --> Undefined array key "waste"
#0 C:\xampp\htdocs\WMS3\app\Controllers\UserBarangay.php(66): CodeIgniter\Debug\Exceptions->errorHandler(2, 'Undefined array...', 'C:\\xampp\\htdocs...', 66)
#1 C:\xampp\htdocs\WMS3\system\CodeIgniter.php(928): App\Controllers\UserBarangay->actionB()
#2 C:\xampp\htdocs\WMS3\system\CodeIgniter.php(436): CodeIgniter\CodeIgniter->runController(Object(App\Controllers\UserBarangay))
#3 C:\xampp\htdocs\WMS3\system\CodeIgniter.php(336): CodeIgniter\CodeIgniter->handleRequest(NULL, Object(Config\Cache), false)
#4 C:\xampp\htdocs\WMS3\public\index.php(37): CodeIgniter\CodeIgniter->run()
#5 {main}
CRITICAL - 2021-08-28 21:01:23 --> Undefined array key "waste"
#0 C:\xampp\htdocs\WMS3\app\Controllers\UserBarangay.php(40): CodeIgniter\Debug\Exceptions->errorHandler(2, 'Undefined array...', 'C:\\xampp\\htdocs...', 40)
#1 C:\xampp\htdocs\WMS3\system\CodeIgniter.php(928): App\Controllers\UserBarangay->CountingRows()
#2 C:\xampp\htdocs\WMS3\system\CodeIgniter.php(436): CodeIgniter\CodeIgniter->runController(Object(App\Controllers\UserBarangay))
#3 C:\xampp\htdocs\WMS3\system\CodeIgniter.php(336): CodeIgniter\CodeIgniter->handleRequest(NULL, Object(Config\Cache), false)
#4 C:\xampp\htdocs\WMS3\public\index.php(37): CodeIgniter\CodeIgniter->run()
#5 {main}
CRITICAL - 2021-08-28 21:02:15 --> Undefined array key 0
#0 C:\xampp\htdocs\WMS3\app\Controllers\UserBarangay.php(40): CodeIgniter\Debug\Exceptions->errorHandler(2, 'Undefined array...', 'C:\\xampp\\htdocs...', 40)
#1 C:\xampp\htdocs\WMS3\system\CodeIgniter.php(928): App\Controllers\UserBarangay->CountingRows()
#2 C:\xampp\htdocs\WMS3\system\CodeIgniter.php(436): CodeIgniter\CodeIgniter->runController(Object(App\Controllers\UserBarangay))
#3 C:\xampp\htdocs\WMS3\system\CodeIgniter.php(336): CodeIgniter\CodeIgniter->handleRequest(NULL, Object(Config\Cache), false)
#4 C:\xampp\htdocs\WMS3\public\index.php(37): CodeIgniter\CodeIgniter->run()
#5 {main}
CRITICAL - 2021-08-28 21:02:16 --> Undefined array key 0
#0 C:\xampp\htdocs\WMS3\app\Controllers\UserBarangay.php(40): CodeIgniter\Debug\Exceptions->errorHandler(2, 'Undefined array...', 'C:\\xampp\\htdocs...', 40)
#1 C:\xampp\htdocs\WMS3\system\CodeIgniter.php(928): App\Controllers\UserBarangay->CountingRows()
#2 C:\xampp\htdocs\WMS3\system\CodeIgniter.php(436): CodeIgniter\CodeIgniter->runController(Object(App\Controllers\UserBarangay))
#3 C:\xampp\htdocs\WMS3\system\CodeIgniter.php(336): CodeIgniter\CodeIgniter->handleRequest(NULL, Object(Config\Cache), false)
#4 C:\xampp\htdocs\WMS3\public\index.php(37): CodeIgniter\CodeIgniter->run()
#5 {main}
CRITICAL - 2021-08-28 21:03:12 --> Array to string conversion
#0 C:\xampp\htdocs\WMS3\app\Controllers\UserBarangay.php(40): CodeIgniter\Debug\Exceptions->errorHandler(2, 'Array to string...', 'C:\\xampp\\htdocs...', 40)
#1 C:\xampp\htdocs\WMS3\system\CodeIgniter.php(928): App\Controllers\UserBarangay->CountingRows()
#2 C:\xampp\htdocs\WMS3\system\CodeIgniter.php(436): CodeIgniter\CodeIgniter->runController(Object(App\Controllers\UserBarangay))
#3 C:\xampp\htdocs\WMS3\system\CodeIgniter.php(336): CodeIgniter\CodeIgniter->handleRequest(NULL, Object(Config\Cache), false)
#4 C:\xampp\htdocs\WMS3\public\index.php(37): CodeIgniter\CodeIgniter->run()
#5 {main}
CRITICAL - 2021-08-28 21:26:59 --> A non-numeric value encountered
#0 C:\xampp\htdocs\WMS3\app\Controllers\UserBarangay.php(81): CodeIgniter\Debug\Exceptions->errorHandler(2, 'A non-numeric v...', 'C:\\xampp\\htdocs...', 81)
#1 C:\xampp\htdocs\WMS3\system\CodeIgniter.php(928): App\Controllers\UserBarangay->actionB()
#2 C:\xampp\htdocs\WMS3\system\CodeIgniter.php(436): CodeIgniter\CodeIgniter->runController(Object(App\Controllers\UserBarangay))
#3 C:\xampp\htdocs\WMS3\system\CodeIgniter.php(336): CodeIgniter\CodeIgniter->handleRequest(NULL, Object(Config\Cache), false)
#4 C:\xampp\htdocs\WMS3\public\index.php(37): CodeIgniter\CodeIgniter->run()
#5 {main}
