ERROR - 2021-08-23 19:37:22 --> You have an error in your SQL syntax; check the manual that corresponds to your MariaDB server version for the right syntax to use near '-1' at line 5
CRITICAL - 2021-08-23 19:37:22 --> You have an error in your SQL syntax; check the manual that corresponds to your MariaDB server version for the right syntax to use near '-1' at line 5
#0 C:\xampp\htdocs\WMS3\system\Database\MySQLi\Connection.php(329): mysqli->query('SELECT *\nFROM `...')
#1 C:\xampp\htdocs\WMS3\system\Database\BaseConnection.php(732): CodeIgniter\Database\MySQLi\Connection->execute('SELECT *\nFROM `...')
#2 C:\xampp\htdocs\WMS3\system\Database\BaseConnection.php(647): CodeIgniter\Database\BaseConnection->simpleQuery('SELECT *\nFROM `...')
#3 C:\xampp\htdocs\WMS3\system\Database\BaseBuilder.php(1881): CodeIgniter\Database\BaseConnection->query('SELECT *\nFROM `...', Array, false)
#4 C:\xampp\htdocs\WMS3\app\Models\WasteBarangayModel.php(84): CodeIgniter\Database\BaseBuilder->get()
#5 C:\xampp\htdocs\WMS3\app\Controllers\WasteBarangay.php(24): App\Models\WasteBarangayModel->get_datatables('')
#6 C:\xampp\htdocs\WMS3\system\CodeIgniter.php(928): App\Controllers\WasteBarangay->table_data()
#7 C:\xampp\htdocs\WMS3\system\CodeIgniter.php(436): CodeIgniter\CodeIgniter->runController(Object(App\Controllers\WasteBarangay))
#8 C:\xampp\htdocs\WMS3\system\CodeIgniter.php(336): CodeIgniter\CodeIgniter->handleRequest(NULL, Object(Config\Cache), false)
#9 C:\xampp\htdocs\WMS3\public\index.php(37): CodeIgniter\CodeIgniter->run()
#10 {main}
ERROR - 2021-08-23 19:37:53 --> You have an error in your SQL syntax; check the manual that corresponds to your MariaDB server version for the right syntax to use near '-1' at line 5
CRITICAL - 2021-08-23 19:37:53 --> You have an error in your SQL syntax; check the manual that corresponds to your MariaDB server version for the right syntax to use near '-1' at line 5
#0 C:\xampp\htdocs\WMS3\system\Database\MySQLi\Connection.php(329): mysqli->query('SELECT *\nFROM `...')
#1 C:\xampp\htdocs\WMS3\system\Database\BaseConnection.php(732): CodeIgniter\Database\MySQLi\Connection->execute('SELECT *\nFROM `...')
#2 C:\xampp\htdocs\WMS3\system\Database\BaseConnection.php(647): CodeIgniter\Database\BaseConnection->simpleQuery('SELECT *\nFROM `...')
#3 C:\xampp\htdocs\WMS3\system\Database\BaseBuilder.php(1881): CodeIgniter\Database\BaseConnection->query('SELECT *\nFROM `...', Array, false)
#4 C:\xampp\htdocs\WMS3\app\Models\WasteBarangayModel.php(84): CodeIgniter\Database\BaseBuilder->get()
#5 C:\xampp\htdocs\WMS3\app\Controllers\WasteBarangay.php(24): App\Models\WasteBarangayModel->get_datatables('')
#6 C:\xampp\htdocs\WMS3\system\CodeIgniter.php(928): App\Controllers\WasteBarangay->table_data()
#7 C:\xampp\htdocs\WMS3\system\CodeIgniter.php(436): CodeIgniter\CodeIgniter->runController(Object(App\Controllers\WasteBarangay))
#8 C:\xampp\htdocs\WMS3\system\CodeIgniter.php(336): CodeIgniter\CodeIgniter->handleRequest(NULL, Object(Config\Cache), false)
#9 C:\xampp\htdocs\WMS3\public\index.php(37): CodeIgniter\CodeIgniter->run()
#10 {main}
CRITICAL - 2021-08-23 19:37:58 --> CodeIgniter\Database\BaseBuilder::limit(): Argument #2 ($offset) must be of type ?int, string given, called in C:\xampp\htdocs\WMS3\app\Models\WasteBarangayModel.php on line 83
#0 C:\xampp\htdocs\WMS3\app\Models\WasteBarangayModel.php(83): CodeIgniter\Database\BaseBuilder->limit(0, 'NaN')
#1 C:\xampp\htdocs\WMS3\app\Controllers\WasteBarangay.php(24): App\Models\WasteBarangayModel->get_datatables('')
#2 C:\xampp\htdocs\WMS3\system\CodeIgniter.php(928): App\Controllers\WasteBarangay->table_data()
#3 C:\xampp\htdocs\WMS3\system\CodeIgniter.php(436): CodeIgniter\CodeIgniter->runController(Object(App\Controllers\WasteBarangay))
#4 C:\xampp\htdocs\WMS3\system\CodeIgniter.php(336): CodeIgniter\CodeIgniter->handleRequest(NULL, Object(Config\Cache), false)
#5 C:\xampp\htdocs\WMS3\public\index.php(37): CodeIgniter\CodeIgniter->run()
#6 {main}
ERROR - 2021-08-23 19:43:25 --> You have an error in your SQL syntax; check the manual that corresponds to your MariaDB server version for the right syntax to use near '-1' at line 5
CRITICAL - 2021-08-23 19:43:25 --> You have an error in your SQL syntax; check the manual that corresponds to your MariaDB server version for the right syntax to use near '-1' at line 5
#0 C:\xampp\htdocs\WMS3\system\Database\MySQLi\Connection.php(329): mysqli->query('SELECT *\nFROM `...')
#1 C:\xampp\htdocs\WMS3\system\Database\BaseConnection.php(732): CodeIgniter\Database\MySQLi\Connection->execute('SELECT *\nFROM `...')
#2 C:\xampp\htdocs\WMS3\system\Database\BaseConnection.php(647): CodeIgniter\Database\BaseConnection->simpleQuery('SELECT *\nFROM `...')
#3 C:\xampp\htdocs\WMS3\system\Database\BaseBuilder.php(1881): CodeIgniter\Database\BaseConnection->query('SELECT *\nFROM `...', Array, false)
#4 C:\xampp\htdocs\WMS3\app\Models\WasteBarangayModel.php(84): CodeIgniter\Database\BaseBuilder->get()
#5 C:\xampp\htdocs\WMS3\app\Controllers\WasteBarangay.php(24): App\Models\WasteBarangayModel->get_datatables('')
#6 C:\xampp\htdocs\WMS3\system\CodeIgniter.php(928): App\Controllers\WasteBarangay->table_data()
#7 C:\xampp\htdocs\WMS3\system\CodeIgniter.php(436): CodeIgniter\CodeIgniter->runController(Object(App\Controllers\WasteBarangay))
#8 C:\xampp\htdocs\WMS3\system\CodeIgniter.php(336): CodeIgniter\CodeIgniter->handleRequest(NULL, Object(Config\Cache), false)
#9 C:\xampp\htdocs\WMS3\public\index.php(37): CodeIgniter\CodeIgniter->run()
#10 {main}
ERROR - 2021-08-23 19:43:33 --> You have an error in your SQL syntax; check the manual that corresponds to your MariaDB server version for the right syntax to use near '-1' at line 5
CRITICAL - 2021-08-23 19:43:33 --> You have an error in your SQL syntax; check the manual that corresponds to your MariaDB server version for the right syntax to use near '-1' at line 5
#0 C:\xampp\htdocs\WMS3\system\Database\MySQLi\Connection.php(329): mysqli->query('SELECT *\nFROM `...')
#1 C:\xampp\htdocs\WMS3\system\Database\BaseConnection.php(732): CodeIgniter\Database\MySQLi\Connection->execute('SELECT *\nFROM `...')
#2 C:\xampp\htdocs\WMS3\system\Database\BaseConnection.php(647): CodeIgniter\Database\BaseConnection->simpleQuery('SELECT *\nFROM `...')
#3 C:\xampp\htdocs\WMS3\system\Database\BaseBuilder.php(1881): CodeIgniter\Database\BaseConnection->query('SELECT *\nFROM `...', Array, false)
#4 C:\xampp\htdocs\WMS3\app\Models\WasteBarangayModel.php(84): CodeIgniter\Database\BaseBuilder->get()
#5 C:\xampp\htdocs\WMS3\app\Controllers\WasteBarangay.php(24): App\Models\WasteBarangayModel->get_datatables('')
#6 C:\xampp\htdocs\WMS3\system\CodeIgniter.php(928): App\Controllers\WasteBarangay->table_data()
#7 C:\xampp\htdocs\WMS3\system\CodeIgniter.php(436): CodeIgniter\CodeIgniter->runController(Object(App\Controllers\WasteBarangay))
#8 C:\xampp\htdocs\WMS3\system\CodeIgniter.php(336): CodeIgniter\CodeIgniter->handleRequest(NULL, Object(Config\Cache), false)
#9 C:\xampp\htdocs\WMS3\public\index.php(37): CodeIgniter\CodeIgniter->run()
#10 {main}
ERROR - 2021-08-23 19:43:38 --> You have an error in your SQL syntax; check the manual that corresponds to your MariaDB server version for the right syntax to use near '-1' at line 5
CRITICAL - 2021-08-23 19:43:38 --> You have an error in your SQL syntax; check the manual that corresponds to your MariaDB server version for the right syntax to use near '-1' at line 5
#0 C:\xampp\htdocs\WMS3\system\Database\MySQLi\Connection.php(329): mysqli->query('SELECT *\nFROM `...')
#1 C:\xampp\htdocs\WMS3\system\Database\BaseConnection.php(732): CodeIgniter\Database\MySQLi\Connection->execute('SELECT *\nFROM `...')
#2 C:\xampp\htdocs\WMS3\system\Database\BaseConnection.php(647): CodeIgniter\Database\BaseConnection->simpleQuery('SELECT *\nFROM `...')
#3 C:\xampp\htdocs\WMS3\system\Database\BaseBuilder.php(1881): CodeIgniter\Database\BaseConnection->query('SELECT *\nFROM `...', Array, false)
#4 C:\xampp\htdocs\WMS3\app\Models\WasteBarangayModel.php(84): CodeIgniter\Database\BaseBuilder->get()
#5 C:\xampp\htdocs\WMS3\app\Controllers\WasteBarangay.php(24): App\Models\WasteBarangayModel->get_datatables('Biodegradable')
#6 C:\xampp\htdocs\WMS3\system\CodeIgniter.php(928): App\Controllers\WasteBarangay->table_data()
#7 C:\xampp\htdocs\WMS3\system\CodeIgniter.php(436): CodeIgniter\CodeIgniter->runController(Object(App\Controllers\WasteBarangay))
#8 C:\xampp\htdocs\WMS3\system\CodeIgniter.php(336): CodeIgniter\CodeIgniter->handleRequest(NULL, Object(Config\Cache), false)
#9 C:\xampp\htdocs\WMS3\public\index.php(37): CodeIgniter\CodeIgniter->run()
#10 {main}
ERROR - 2021-08-23 19:49:10 --> You have an error in your SQL syntax; check the manual that corresponds to your MariaDB server version for the right syntax to use near '-1' at line 5
CRITICAL - 2021-08-23 19:49:10 --> You have an error in your SQL syntax; check the manual that corresponds to your MariaDB server version for the right syntax to use near '-1' at line 5
#0 C:\xampp\htdocs\WMS3\system\Database\MySQLi\Connection.php(329): mysqli->query('SELECT *\nFROM `...')
#1 C:\xampp\htdocs\WMS3\system\Database\BaseConnection.php(732): CodeIgniter\Database\MySQLi\Connection->execute('SELECT *\nFROM `...')
#2 C:\xampp\htdocs\WMS3\system\Database\BaseConnection.php(647): CodeIgniter\Database\BaseConnection->simpleQuery('SELECT *\nFROM `...')
#3 C:\xampp\htdocs\WMS3\system\Database\BaseBuilder.php(1881): CodeIgniter\Database\BaseConnection->query('SELECT *\nFROM `...', Array, false)
#4 C:\xampp\htdocs\WMS3\app\Models\WasteBarangayModel.php(84): CodeIgniter\Database\BaseBuilder->get()
#5 C:\xampp\htdocs\WMS3\app\Controllers\WasteBarangay.php(24): App\Models\WasteBarangayModel->get_datatables('')
#6 C:\xampp\htdocs\WMS3\system\CodeIgniter.php(928): App\Controllers\WasteBarangay->table_data()
#7 C:\xampp\htdocs\WMS3\system\CodeIgniter.php(436): CodeIgniter\CodeIgniter->runController(Object(App\Controllers\WasteBarangay))
#8 C:\xampp\htdocs\WMS3\system\CodeIgniter.php(336): CodeIgniter\CodeIgniter->handleRequest(NULL, Object(Config\Cache), false)
#9 C:\xampp\htdocs\WMS3\public\index.php(37): CodeIgniter\CodeIgniter->run()
#10 {main}
ERROR - 2021-08-23 19:52:10 --> You have an error in your SQL syntax; check the manual that corresponds to your MariaDB server version for the right syntax to use near '-1' at line 5
CRITICAL - 2021-08-23 19:52:10 --> You have an error in your SQL syntax; check the manual that corresponds to your MariaDB server version for the right syntax to use near '-1' at line 5
#0 C:\xampp\htdocs\WMS3\system\Database\MySQLi\Connection.php(329): mysqli->query('SELECT *\nFROM `...')
#1 C:\xampp\htdocs\WMS3\system\Database\BaseConnection.php(732): CodeIgniter\Database\MySQLi\Connection->execute('SELECT *\nFROM `...')
#2 C:\xampp\htdocs\WMS3\system\Database\BaseConnection.php(647): CodeIgniter\Database\BaseConnection->simpleQuery('SELECT *\nFROM `...')
#3 C:\xampp\htdocs\WMS3\system\Database\BaseBuilder.php(1881): CodeIgniter\Database\BaseConnection->query('SELECT *\nFROM `...', Array, false)
#4 C:\xampp\htdocs\WMS3\app\Models\WasteBarangayModel.php(84): CodeIgniter\Database\BaseBuilder->get()
#5 C:\xampp\htdocs\WMS3\app\Controllers\WasteBarangay.php(24): App\Models\WasteBarangayModel->get_datatables('')
#6 C:\xampp\htdocs\WMS3\system\CodeIgniter.php(928): App\Controllers\WasteBarangay->table_data()
#7 C:\xampp\htdocs\WMS3\system\CodeIgniter.php(436): CodeIgniter\CodeIgniter->runController(Object(App\Controllers\WasteBarangay))
#8 C:\xampp\htdocs\WMS3\system\CodeIgniter.php(336): CodeIgniter\CodeIgniter->handleRequest(NULL, Object(Config\Cache), false)
#9 C:\xampp\htdocs\WMS3\public\index.php(37): CodeIgniter\CodeIgniter->run()
#10 {main}
ERROR - 2021-08-23 19:57:32 --> You have an error in your SQL syntax; check the manual that corresponds to your MariaDB server version for the right syntax to use near '-1' at line 5
CRITICAL - 2021-08-23 19:57:32 --> You have an error in your SQL syntax; check the manual that corresponds to your MariaDB server version for the right syntax to use near '-1' at line 5
#0 C:\xampp\htdocs\WMS3\system\Database\MySQLi\Connection.php(329): mysqli->query('SELECT *\nFROM `...')
#1 C:\xampp\htdocs\WMS3\system\Database\BaseConnection.php(732): CodeIgniter\Database\MySQLi\Connection->execute('SELECT *\nFROM `...')
#2 C:\xampp\htdocs\WMS3\system\Database\BaseConnection.php(647): CodeIgniter\Database\BaseConnection->simpleQuery('SELECT *\nFROM `...')
#3 C:\xampp\htdocs\WMS3\system\Database\BaseBuilder.php(1881): CodeIgniter\Database\BaseConnection->query('SELECT *\nFROM `...', Array, false)
#4 C:\xampp\htdocs\WMS3\app\Models\WasteBarangayModel.php(84): CodeIgniter\Database\BaseBuilder->get()
#5 C:\xampp\htdocs\WMS3\app\Controllers\WasteBarangay.php(24): App\Models\WasteBarangayModel->get_datatables('')
#6 C:\xampp\htdocs\WMS3\system\CodeIgniter.php(928): App\Controllers\WasteBarangay->table_data()
#7 C:\xampp\htdocs\WMS3\system\CodeIgniter.php(436): CodeIgniter\CodeIgniter->runController(Object(App\Controllers\WasteBarangay))
#8 C:\xampp\htdocs\WMS3\system\CodeIgniter.php(336): CodeIgniter\CodeIgniter->handleRequest(NULL, Object(Config\Cache), false)
#9 C:\xampp\htdocs\WMS3\public\index.php(37): CodeIgniter\CodeIgniter->run()
#10 {main}
ERROR - 2021-08-23 19:59:57 --> You have an error in your SQL syntax; check the manual that corresponds to your MariaDB server version for the right syntax to use near '-1' at line 5
CRITICAL - 2021-08-23 19:59:57 --> You have an error in your SQL syntax; check the manual that corresponds to your MariaDB server version for the right syntax to use near '-1' at line 5
#0 C:\xampp\htdocs\WMS3\system\Database\MySQLi\Connection.php(329): mysqli->query('SELECT *\nFROM `...')
#1 C:\xampp\htdocs\WMS3\system\Database\BaseConnection.php(732): CodeIgniter\Database\MySQLi\Connection->execute('SELECT *\nFROM `...')
#2 C:\xampp\htdocs\WMS3\system\Database\BaseConnection.php(647): CodeIgniter\Database\BaseConnection->simpleQuery('SELECT *\nFROM `...')
#3 C:\xampp\htdocs\WMS3\system\Database\BaseBuilder.php(1881): CodeIgniter\Database\BaseConnection->query('SELECT *\nFROM `...', Array, false)
#4 C:\xampp\htdocs\WMS3\app\Models\WasteBarangayModel.php(95): CodeIgniter\Database\BaseBuilder->get()
#5 C:\xampp\htdocs\WMS3\app\Controllers\WasteBarangay.php(24): App\Models\WasteBarangayModel->get_datatables('')
#6 C:\xampp\htdocs\WMS3\system\CodeIgniter.php(928): App\Controllers\WasteBarangay->table_data()
#7 C:\xampp\htdocs\WMS3\system\CodeIgniter.php(436): CodeIgniter\CodeIgniter->runController(Object(App\Controllers\WasteBarangay))
#8 C:\xampp\htdocs\WMS3\system\CodeIgniter.php(336): CodeIgniter\CodeIgniter->handleRequest(NULL, Object(Config\Cache), false)
#9 C:\xampp\htdocs\WMS3\public\index.php(37): CodeIgniter\CodeIgniter->run()
#10 {main}
CRITICAL - 2021-08-23 20:06:55 --> foreach() argument must be of type array|object, null given
#0 C:\xampp\htdocs\WMS3\app\Controllers\WasteBarangay.php(30): CodeIgniter\Debug\Exceptions->errorHandler(2, 'foreach() argum...', 'C:\\xampp\\htdocs...', 30)
#1 C:\xampp\htdocs\WMS3\system\CodeIgniter.php(928): App\Controllers\WasteBarangay->table_data()
#2 C:\xampp\htdocs\WMS3\system\CodeIgniter.php(436): CodeIgniter\CodeIgniter->runController(Object(App\Controllers\WasteBarangay))
#3 C:\xampp\htdocs\WMS3\system\CodeIgniter.php(336): CodeIgniter\CodeIgniter->handleRequest(NULL, Object(Config\Cache), false)
#4 C:\xampp\htdocs\WMS3\public\index.php(37): CodeIgniter\CodeIgniter->run()
#5 {main}
ERROR - 2021-08-23 20:07:46 --> You have an error in your SQL syntax; check the manual that corresponds to your MariaDB server version for the right syntax to use near '-1' at line 5
CRITICAL - 2021-08-23 20:07:46 --> You have an error in your SQL syntax; check the manual that corresponds to your MariaDB server version for the right syntax to use near '-1' at line 5
#0 C:\xampp\htdocs\WMS3\system\Database\MySQLi\Connection.php(329): mysqli->query('SELECT *\nFROM `...')
#1 C:\xampp\htdocs\WMS3\system\Database\BaseConnection.php(732): CodeIgniter\Database\MySQLi\Connection->execute('SELECT *\nFROM `...')
#2 C:\xampp\htdocs\WMS3\system\Database\BaseConnection.php(647): CodeIgniter\Database\BaseConnection->simpleQuery('SELECT *\nFROM `...')
#3 C:\xampp\htdocs\WMS3\system\Database\BaseBuilder.php(1881): CodeIgniter\Database\BaseConnection->query('SELECT *\nFROM `...', Array, false)
#4 C:\xampp\htdocs\WMS3\app\Models\WasteBarangayModel.php(84): CodeIgniter\Database\BaseBuilder->get()
#5 C:\xampp\htdocs\WMS3\app\Controllers\WasteBarangay.php(24): App\Models\WasteBarangayModel->get_datatables('')
#6 C:\xampp\htdocs\WMS3\system\CodeIgniter.php(928): App\Controllers\WasteBarangay->table_data()
#7 C:\xampp\htdocs\WMS3\system\CodeIgniter.php(436): CodeIgniter\CodeIgniter->runController(Object(App\Controllers\WasteBarangay))
#8 C:\xampp\htdocs\WMS3\system\CodeIgniter.php(336): CodeIgniter\CodeIgniter->handleRequest(NULL, Object(Config\Cache), false)
#9 C:\xampp\htdocs\WMS3\public\index.php(37): CodeIgniter\CodeIgniter->run()
#10 {main}
CRITICAL - 2021-08-23 20:10:31 --> foreach() argument must be of type array|object, null given
#0 C:\xampp\htdocs\WMS3\app\Controllers\WasteBarangay.php(30): CodeIgniter\Debug\Exceptions->errorHandler(2, 'foreach() argum...', 'C:\\xampp\\htdocs...', 30)
#1 C:\xampp\htdocs\WMS3\system\CodeIgniter.php(928): App\Controllers\WasteBarangay->table_data()
#2 C:\xampp\htdocs\WMS3\system\CodeIgniter.php(436): CodeIgniter\CodeIgniter->runController(Object(App\Controllers\WasteBarangay))
#3 C:\xampp\htdocs\WMS3\system\CodeIgniter.php(336): CodeIgniter\CodeIgniter->handleRequest(NULL, Object(Config\Cache), false)
#4 C:\xampp\htdocs\WMS3\public\index.php(37): CodeIgniter\CodeIgniter->run()
#5 {main}
ERROR - 2021-08-23 20:23:10 --> You have an error in your SQL syntax; check the manual that corresponds to your MariaDB server version for the right syntax to use near '-1' at line 5
CRITICAL - 2021-08-23 20:23:10 --> You have an error in your SQL syntax; check the manual that corresponds to your MariaDB server version for the right syntax to use near '-1' at line 5
#0 C:\xampp\htdocs\WMS3\system\Database\MySQLi\Connection.php(329): mysqli->query('SELECT *\nFROM `...')
#1 C:\xampp\htdocs\WMS3\system\Database\BaseConnection.php(732): CodeIgniter\Database\MySQLi\Connection->execute('SELECT *\nFROM `...')
#2 C:\xampp\htdocs\WMS3\system\Database\BaseConnection.php(647): CodeIgniter\Database\BaseConnection->simpleQuery('SELECT *\nFROM `...')
#3 C:\xampp\htdocs\WMS3\system\Database\BaseBuilder.php(1881): CodeIgniter\Database\BaseConnection->query('SELECT *\nFROM `...', Array, false)
#4 C:\xampp\htdocs\WMS3\app\Models\WasteBarangayModel.php(94): CodeIgniter\Database\BaseBuilder->get()
#5 C:\xampp\htdocs\WMS3\app\Controllers\WasteBarangay.php(24): App\Models\WasteBarangayModel->get_datatables('')
#6 C:\xampp\htdocs\WMS3\system\CodeIgniter.php(928): App\Controllers\WasteBarangay->table_data()
#7 C:\xampp\htdocs\WMS3\system\CodeIgniter.php(436): CodeIgniter\CodeIgniter->runController(Object(App\Controllers\WasteBarangay))
#8 C:\xampp\htdocs\WMS3\system\CodeIgniter.php(336): CodeIgniter\CodeIgniter->handleRequest(NULL, Object(Config\Cache), false)
#9 C:\xampp\htdocs\WMS3\public\index.php(37): CodeIgniter\CodeIgniter->run()
#10 {main}
