CRITICAL - 2021-08-22 00:37:28 --> Call to undefined method App\Models\WasteBarangayModel::filter_data
#0 C:\xampp\htdocs\WMS3\app\Controllers\WasteBarangay.php(26): CodeIgniter\Model->__call('filter_data', Array)
#1 C:\xampp\htdocs\WMS3\system\CodeIgniter.php(928): App\Controllers\WasteBarangay->table_data()
#2 C:\xampp\htdocs\WMS3\system\CodeIgniter.php(436): CodeIgniter\CodeIgniter->runController(Object(App\Controllers\WasteBarangay))
#3 C:\xampp\htdocs\WMS3\system\CodeIgniter.php(336): CodeIgniter\CodeIgniter->handleRequest(NULL, Object(Config\Cache), false)
#4 C:\xampp\htdocs\WMS3\public\index.php(37): CodeIgniter\CodeIgniter->run()
#5 {main}
CRITICAL - 2021-08-22 00:38:09 --> Call to undefined method App\Models\WasteBarangayModel::filter_data
#0 C:\xampp\htdocs\WMS3\app\Controllers\WasteBarangay.php(26): CodeIgniter\Model->__call('filter_data', Array)
#1 C:\xampp\htdocs\WMS3\system\CodeIgniter.php(928): App\Controllers\WasteBarangay->table_data()
#2 C:\xampp\htdocs\WMS3\system\CodeIgniter.php(436): CodeIgniter\CodeIgniter->runController(Object(App\Controllers\WasteBarangay))
#3 C:\xampp\htdocs\WMS3\system\CodeIgniter.php(336): CodeIgniter\CodeIgniter->handleRequest(NULL, Object(Config\Cache), false)
#4 C:\xampp\htdocs\WMS3\public\index.php(37): CodeIgniter\CodeIgniter->run()
#5 {main}
CRITICAL - 2021-08-22 00:38:12 --> Call to undefined method App\Models\WasteBarangayModel::filter_data
#0 C:\xampp\htdocs\WMS3\app\Controllers\WasteBarangay.php(26): CodeIgniter\Model->__call('filter_data', Array)
#1 C:\xampp\htdocs\WMS3\system\CodeIgniter.php(928): App\Controllers\WasteBarangay->table_data()
#2 C:\xampp\htdocs\WMS3\system\CodeIgniter.php(436): CodeIgniter\CodeIgniter->runController(Object(App\Controllers\WasteBarangay))
#3 C:\xampp\htdocs\WMS3\system\CodeIgniter.php(336): CodeIgniter\CodeIgniter->handleRequest(NULL, Object(Config\Cache), false)
#4 C:\xampp\htdocs\WMS3\public\index.php(37): CodeIgniter\CodeIgniter->run()
#5 {main}
CRITICAL - 2021-08-22 00:38:30 --> Call to undefined method App\Models\WasteBarangayModel::filter_data
#0 C:\xampp\htdocs\WMS3\app\Controllers\WasteBarangay.php(26): CodeIgniter\Model->__call('filter_data', Array)
#1 C:\xampp\htdocs\WMS3\system\CodeIgniter.php(928): App\Controllers\WasteBarangay->table_data()
#2 C:\xampp\htdocs\WMS3\system\CodeIgniter.php(436): CodeIgniter\CodeIgniter->runController(Object(App\Controllers\WasteBarangay))
#3 C:\xampp\htdocs\WMS3\system\CodeIgniter.php(336): CodeIgniter\CodeIgniter->handleRequest(NULL, Object(Config\Cache), false)
#4 C:\xampp\htdocs\WMS3\public\index.php(37): CodeIgniter\CodeIgniter->run()
#5 {main}
